[1] HITTING ... 
	Go to home page
	Reach STEP 1
	Reach STEP 2
	Ooops seem email correct
	Reach STEP 3
	Recalculated Price
	[75.199636793][$10.83]DONE
[2] HITTING ... 
	Go to home page
	Reach STEP 1
	Reach STEP 2
	Reach STEP 3
	Recalculated Price
	[80.467729801][$10.83]DONE
[3] HITTING ... 
	Go to home page
	Reach STEP 1
	Reach STEP 2
	Ooops seem email correct
	Reach STEP 3
	Recalculated Price
	[60.583391395][$17.18]DONE
[4] HITTING ... 
	Go to home page
	Reach STEP 1
	Reach STEP 2
	Ooops seem email correct
	Reach STEP 3
	Recalculated Price
	[58.068310132][$17.34]DONE
[5] HITTING ... 
	Go to home page
	Reach STEP 1
	Reach STEP 2
	Reach STEP 3
	Recalculated Price
	[83.883830302][$13.59]DONE
[6] HITTING ... 
	change invalid email[ian.schwartz@aol.com] to default one
	Go to home page
	Reach STEP 1
	Reach STEP 2
	Ooops seem email correct
	Reach STEP 3
	Recalculated Price
	[57.43893951][$13.84]DONE
[7] HITTING ... 
	Go to home page
	Reach STEP 1
	Reach STEP 2
	Ooops seem email correct
	Reach STEP 3
	Recalculated Price
	[62.183780091][$13.09]DONE
[8] HITTING ... 
	Go to home page
	Reach STEP 1
	Reach STEP 2
	Ooops seem email correct
	Reach STEP 3
	Recalculated Price
	[64.544254183][$15.29]DONE
[9] HITTING ... 
	Go to home page
	Reach STEP 1
	Reach STEP 2
	Ooops seem email correct
	Reach STEP 3
	Recalculated Price
	[58.652497343][$11.71]DONE
[10] HITTING ... 
	change invalid email[adrian.gilbert@outlook.com] to default one
	Go to home page
	Reach STEP 1
	Reach STEP 2
	Ooops seem email correct
	Reach STEP 3
	Recalculated Price
	[92.492078271][$17.19]DONE
[11] HITTING ... 
	Go to home page
	Reach STEP 1
	Reach STEP 2
	Ooops seem email correct
	Reach STEP 3
	Recalculated Price
	[96.597238249][$10.83]DONE
[12] HITTING ... 
	Go to home page
	Reach STEP 1
	Reach STEP 2
	Ooops seem email correct
	Reach STEP 3
	Recalculated Price
	[99.548721405][$23.00]DONE
[13] HITTING ... 
	Go to home page
	Reach STEP 1
	Reach STEP 2
	Ooops seem email correct
	Reach STEP 3
	Recalculated Price
	[106.010367393][$17.81]DONE
[14] HITTING ... 
	Go to home page
	Reach STEP 1
	Reach STEP 2
	Ooops seem email correct
	Reach STEP 3
	Recalculated Price
	[119.071460769][$26.51]DONE
[15] HITTING ... 
	Go to home page
	Reach STEP 1
	Reach STEP 2
	Ooops seem email correct
	Reach STEP 3
	Recalculated Price
	[160.276266411][$14.36]DONE
[16] HITTING ... 
	Go to home page
	Reach STEP 1
	Reach STEP 2
	Ooops seem email correct
	Reach STEP 3
	Recalculated Price
	[174.873741494][$14.22]DONE
[17] HITTING ... 
	Go to home page
	Reach STEP 1
	Reach STEP 2
	Ooops seem email correct
	Reach STEP 3
	Recalculated Price
	[169.117433713][$14.13]DONE
[18] HITTING ... 
	Go to home page
	Reach STEP 1
	Reach STEP 2
	Ooops seem email correct
	Reach STEP 3
	Recalculated Price
	[155.541152607][$13.38]DONE
[19] HITTING ... 
	Go to home page
	Reach STEP 1
	Reach STEP 2
	Ooops seem email correct
	Reach STEP 3
	Recalculated Price
	[139.903394057][$11.59]DONE
[20] HITTING ... 
	Go to home page
	Reach STEP 1
	Reach STEP 2
	Reach STEP 3
	Recalculated Price
	[152.75130585][$11.92]DONE
[21] HITTING ... 
	Go to home page
	Reach STEP 1
	Reach STEP 2
	Ooops seem email correct
	Reach STEP 3
	Recalculated Price
	[149.060857517][$14.07]DONE
[22] HITTING ... 
	Go to home page
	Reach STEP 1
	Reach STEP 2
	Ooops seem email correct
	Reach STEP 3
	Recalculated Price
	[158.560032685][$17.28]DONE
[23] HITTING ... 
	change invalid email[adrian.gilbert@outlook.com] to default one
	Go to home page
	Reach STEP 1
	Reach STEP 2
	Ooops seem email correct
	Reach STEP 3
	Recalculated Price
	[168.646581495][$12.51]DONE
[24] HITTING ... 
	change invalid email[adrian.gilbert@outlook.com] to default one
	Go to home page
	Reach STEP 1
	Reach STEP 2
	Ooops seem email correct
	Reach STEP 3
	Recalculated Price
	[151.65585944][$11.51]DONE
[25] HITTING ... 
	change invalid email[lilly.hayes@aol.com] to default one
	Go to home page
	Reach STEP 1
	Reach STEP 2
	Ooops seem email correct
	Reach STEP 3
	Recalculated Price
	[147.536189676][$12.18]DONE
[26] HITTING ... 
	Go to home page
	Reach STEP 1
	Reach STEP 2
	Ooops seem email correct
	Reach STEP 3
	dont need to recalculate price
	[169.655508417][$10.90]DONE
[27] HITTING ... 
	Go to home page
	Reach STEP 1
	Reach STEP 2
	Ooops seem email correct
	Reach STEP 3
	Recalculated Price
	[172.746945556][$10.83]DONE
[28] HITTING ... 
	Go to home page
	Reach STEP 1
	Reach STEP 2
	Ooops seem email correct
	Reach STEP 3
	Recalculated Price
	[149.435912262][$10.83]DONE
[29] HITTING ... 
	Go to home page
	Reach STEP 1
	Reach STEP 2
	Ooops seem email correct
	Reach STEP 3
	Recalculated Price
	[150.550143861][$10.83]DONE
[30] HITTING ... 
	Go to home page
	Reach STEP 1
	Reach STEP 2
	Ooops seem email correct
	Reach STEP 3
	Recalculated Price
	[138.068734404][$16.47]DONE
[31] HITTING ... 
	Go to home page
	Reach STEP 1
	Reach STEP 2
	Ooops seem email correct
	Reach STEP 3
	Recalculated Price
	[140.253916508][$16.34]DONE
[32] HITTING ... 
	Go to home page
	Reach STEP 1
	Reach STEP 2
	Ooops seem email correct
	Reach STEP 3
	Recalculated Price
	[153.727201317][$16.25]DONE
[33] HITTING ... 
	change invalid email[lilly.hayes@aol.com] to default one
	Go to home page
	Reach STEP 1
	Reach STEP 2
	Ooops seem email correct
	Reach STEP 3
	Recalculated Price
	[154.748829341][$12.44]DONE
[34] HITTING ... 
	change invalid email[adrian.gilbert@outlook.com] to default one
	Go to home page
	Reach STEP 1
	Reach STEP 2
	Ooops seem email correct
	Reach STEP 3
	Recalculated Price
	[154.919786743][$11.98]DONE
[35] HITTING ... 
	change invalid email[lilly.hayes@aol.com] to default one
	Go to home page
	Reach STEP 1
	Reach STEP 2
	Ooops seem email correct
	Reach STEP 3
	Recalculated Price
	[158.8840546][$14.40]DONE
[36] HITTING ... 
	Go to home page
	Reach STEP 1
	Reach STEP 2
	Ooops seem email correct
	Reach STEP 3
	Recalculated Price
	[145.294571337][$11.46]DONE
[37] HITTING ... 
	Go to home page
	Reach STEP 1
	Reach STEP 2
	Ooops seem email correct
	Reach STEP 3
	Recalculated Price
	[181.559678738][$12.65]DONE
[38] HITTING ... 
	Go to home page
	Reach STEP 1
	Reach STEP 2
	Ooops seem email correct
	Reach STEP 3
	Recalculated Price
	[169.40194955][$10.83]DONE
[39] HITTING ... 
	Go to home page
	Reach STEP 1
	Reach STEP 2
	Ooops seem email correct
	Reach STEP 3
	Recalculated Price
	[166.599856041][$17.82]DONE
[40] HITTING ... 
	change invalid email[ian.schwartz@aol.com] to default one
	Go to home page
	Reach STEP 1
	Reach STEP 2
	Ooops seem email correct
	Reach STEP 3
	Recalculated Price
	[168.764754782][$33.77]DONE
[41] HITTING ... 
	Go to home page
	Reach STEP 1
	Reach STEP 2
	Ooops seem email correct
	Reach STEP 3
	Recalculated Price
	[159.099608318][$19.75]DONE
[42] HITTING ... 
	change invalid email[adrian.gilbert@outlook.com] to default one
	Go to home page
	Reach STEP 1
	Reach STEP 2
	Ooops seem email correct
	Reach STEP 3
	Recalculated Price
	[146.366394277][$17.00]DONE
[43] HITTING ... 
	Go to home page
	Reach STEP 1
	Reach STEP 2
	Ooops seem email correct
	Reach STEP 3
	Recalculated Price
	[163.535247229][$13.43]DONE
[44] HITTING ... 
	Go to home page
	Reach STEP 1
	Reach STEP 2
	Ooops seem email correct
	Reach STEP 3
	Recalculated Price
	[166.593787201][$13.88]DONE
[45] HITTING ... 
	Go to home page
	Reach STEP 1
	Reach STEP 2
	Reach STEP 3
	Recalculated Price
	[170.231786763][$13.13]DONE
[46] HITTING ... 
	Go to home page
	Reach STEP 1
	Reach STEP 2
	Ooops seem email correct
	Reach STEP 3
	Recalculated Price
	[166.650189762][$13.26]DONE
[47] HITTING ... 
	Go to home page
	Reach STEP 1
	Reach STEP 2
	Ooops seem email correct
	Reach STEP 3
	Recalculated Price
	[145.374862655][$10.83]DONE
[48] HITTING ... 
	Go to home page
	Reach STEP 1
	Reach STEP 2
	Ooops seem email correct
	Reach STEP 3
	Recalculated Price
	[145.689828207][$14.32]DONE
[49] HITTING ... 
	change invalid email[lilly.hayes@aol.com] to default one
	Go to home page
	Reach STEP 1
	Reach STEP 2
	Ooops seem email correct
	Reach STEP 3
	Recalculated Price
	[158.68312389][$15.26]DONE
[50] HITTING ... 
	change invalid email[adrian.gilbert@outlook.com] to default one
	Go to home page
	Reach STEP 1
	Reach STEP 2
	Ooops seem email correct
	Reach STEP 3
	Recalculated Price
	[156.727512391][$12.76]DONE
[51] HITTING ... 
	Go to home page
	Reach STEP 1
	Reach STEP 2
	Ooops seem email correct
	Reach STEP 3
	Recalculated Price
	[153.91036672][$10.83]DONE
[52] HITTING ... 
	Go to home page
	Reach STEP 1
	Reach STEP 2
	Ooops seem email correct
	Reach STEP 3
	Recalculated Price
	[151.746794694][$10.83]DONE
[53] HITTING ... 
	Go to home page
	Reach STEP 1
	Reach STEP 2
	Ooops seem email correct
	Reach STEP 3
	Recalculated Price
	[142.467909665][$10.83]DONE
[54] HITTING ... 
	change invalid email[alexandra.guerrero@aol.com] to default one
	Go to home page
	Reach STEP 1
	Reach STEP 2
	Ooops seem email correct
	Reach STEP 3
	Recalculated Price
	[148.375127433][$10.83]DONE
[55] HITTING ... 
	Go to home page
	Reach STEP 1
	Reach STEP 2
	Ooops seem email correct
	Reach STEP 3
	Recalculated Price
	[190.565613369][$10.83]DONE
[56] HITTING ... 
	Go to home page
	Reach STEP 1
	Reach STEP 2
	Ooops seem email correct
	Reach STEP 3
	Recalculated Price
	[165.538378084][$10.83]DONE
[57] HITTING ... 
	Go to home page
	Reach STEP 1
	Reach STEP 2
	Ooops seem email correct
	Reach STEP 3
	Recalculated Price
	[204.481739092][$22.34]DONE
[58] HITTING ... 
	Go to home page
	Reach STEP 1
	Reach STEP 2
	Ooops seem email correct
	Reach STEP 3
	Recalculated Price
	[146.418654343][$21.54]DONE
[59] HITTING ... 
	Go to home page
	Reach STEP 1
	Reach STEP 2
	Ooops seem email correct
	Reach STEP 3
	Recalculated Price
	[144.666727813][$16.74]DONE
[60] HITTING ... 
	Go to home page
	Reach STEP 1
	Reach STEP 2
	Ooops seem email correct
	Reach STEP 3
	Recalculated Price
	[171.577617652][$13.84]DONE
[61] HITTING ... 
	Go to home page
	Reach STEP 1
	Reach STEP 2
	Ooops seem email correct
	Reach STEP 3
	Recalculated Price
	[159.669877929][$12.01]DONE
[62] HITTING ... 
	change invalid email[ian.schwartz@aol.com] to default one
	Go to home page
	Reach STEP 1
	Reach STEP 2
	Ooops seem email correct
	Reach STEP 3
	Recalculated Price
	[153.202289418][$11.65]DONE
[63] HITTING ... 
	Go to home page
	Reach STEP 1
	Reach STEP 2
	Ooops seem email correct
	Reach STEP 3
	Recalculated Price
	[156.874219561][$11.71]DONE
[64] HITTING ... 
	Go to home page
	Reach STEP 1
	Reach STEP 2
	Ooops seem email correct
	Reach STEP 3
	Recalculated Price
	[143.044722317][$10.83]DONE
[65] HITTING ... 
	Go to home page
	Reach STEP 1
	Reach STEP 2
	Ooops seem email correct
	Reach STEP 3
	Recalculated Price
	[141.771733809][$10.83]DONE
[66] HITTING ... 
	Go to home page
	Reach STEP 1
	Reach STEP 2
	Ooops seem email correct
	Reach STEP 3
	Recalculated Price
	[154.45414253][$18.07]DONE
[67] HITTING ... 
	Go to home page
	Reach STEP 1
	Reach STEP 2
	Ooops seem email correct
	Reach STEP 3
	Recalculated Price
	[158.952040012][$17.51]DONE
[68] HITTING ... 
	change invalid email[alexandra.guerrero@aol.com] to default one
	Go to home page
	Reach STEP 1
	Reach STEP 2
	Ooops seem email correct
	Reach STEP 3
	Recalculated Price
	[150.15877215][$15.88]DONE
[69] HITTING ... 
	Go to home page
	Reach STEP 1
	Reach STEP 2
	Ooops seem email correct
	Reach STEP 3
	Recalculated Price
	[167.976744737][$15.51]DONE
[70] HITTING ... 
	Go to home page
	Reach STEP 1
	Reach STEP 2
	Ooops seem email correct
	Reach STEP 3
	Recalculated Price
	[149.068344835][$23.79]DONE
[71] HITTING ... 
	change invalid email[ian.schwartz@aol.com] to default one
	Go to home page
	Reach STEP 1
	Reach STEP 2
	Ooops seem email correct
	Reach STEP 3
	Recalculated Price
	[154.623268988][$13.62]DONE
[72] HITTING ... 
	Go to home page
	Reach STEP 1
	Reach STEP 2
	Ooops seem email correct
	Reach STEP 3
	Recalculated Price
	[165.229317054][$16.00]DONE
[73] HITTING ... 
	Go to home page
	Reach STEP 1
	Reach STEP 2
	Ooops seem email correct
	Reach STEP 3
	Recalculated Price
	[174.986684213][$12.25]DONE
[74] HITTING ... 
	change invalid email[adrian.gilbert@outlook.com] to default one
	Go to home page
	Reach STEP 1
	Reach STEP 2
	Ooops seem email correct
	Reach STEP 3
	Recalculated Price
	[189.643664039][$10.88]DONE
[75] HITTING ... 
	change invalid email[lilly.hayes@aol.com] to default one
	Go to home page
	Reach STEP 1
	Reach STEP 2
	Ooops seem email correct
	Reach STEP 3
	Recalculated Price
	[150.026602877][$18.28]DONE
[76] HITTING ... 
	change invalid email[alexandra.guerrero@aol.com] to default one
	Go to home page
	Reach STEP 1
	Reach STEP 2
	Ooops seem email correct
	Reach STEP 3
	Recalculated Price
	[148.057286792][$15.23]DONE
[77] HITTING ... 
	Go to home page
	Reach STEP 1
	Reach STEP 2
	Ooops seem email correct
	Reach STEP 3
	Recalculated Price
	[165.502742817][$14.62]DONE
[78] HITTING ... 
	Go to home page
	Reach STEP 1
	Reach STEP 2
	Ooops seem email correct
	Reach STEP 3
	Recalculated Price
	[177.349125123][$10.83]DONE
[79] HITTING ... 
	change invalid email[alexandra.guerrero@aol.com] to default one
	Go to home page
	Reach STEP 1
	Reach STEP 2
	Ooops seem email correct
	Reach STEP 3
	Recalculated Price
	[161.280935064][$10.83]DONE
[80] HITTING ... 
	change invalid email[ian.schwartz@aol.com] to default one
	Go to home page
	Reach STEP 1
	Reach STEP 2
	Ooops seem email correct
	Reach STEP 3
	dont need to recalculate price
	[162.223409982][$10.83]DONE
[81] HITTING ... 
	Go to home page
	Reach STEP 1
	Reach STEP 2
	Ooops seem email correct
	Reach STEP 3
	Recalculated Price
	[139.659348036][$10.97]DONE
[82] HITTING ... 
	change invalid email[alexandra.guerrero@aol.com] to default one
	Go to home page
	Reach STEP 1
	Reach STEP 2
	Ooops seem email correct
	Reach STEP 3
	Recalculated Price
	[144.938846814][$10.83]DONE
[83] HITTING ... 
	change invalid email[lilly.hayes@aol.com] to default one
	Go to home page
	Reach STEP 1
	Reach STEP 2
	Ooops seem email correct
	Reach STEP 3
	Recalculated Price
	[162.244550013][$10.83]DONE
[84] HITTING ... 
	Go to home page
	Reach STEP 1
	Reach STEP 2
	Ooops seem email correct
	Reach STEP 3
	Recalculated Price
	[168.627642487][$22.39]DONE
[85] HITTING ... 
	Go to home page
	Reach STEP 1
	Reach STEP 2
	Ooops seem email correct
	Reach STEP 3
	Recalculated Price
	Fail to find 'Recalculated' button on step 3 of quote page
	[85][194.008138925] MISSED: ["Renters", "94087", "Piper", "Norris", "11/18/1970", "f", "575 E Remington Dr", "Sunnyvale", "CA", "N", "RENTED HOUSE - SINGLE FAMILY", "5+", "0", nil, "0", "(415) 864-7368", "scarlett.richard@gmail.com", "N", "N", "N", "N", "Y", "N", "NONE", "N", "N", "Keep default.", "16000", "Keep default", "1000", "300000", "N", "100 / 250"]
	fail to find buy button
[86] HITTING ... 
	change invalid email[alexandra.guerrero@aol.com] to default one
	Go to home page
	Reach STEP 1
	Reach STEP 2
	Ooops seem email correct
	Reach STEP 3
	Recalculated Price
	[179.625313307][$16.43]DONE
[87] HITTING ... 
	Go to home page
	Reach STEP 1
	Reach STEP 2
	Ooops seem email correct
	Reach STEP 3
	Recalculated Price
	Fail to find 'Recalculated' button on step 3 of quote page
	[87][170.746009368] MISSED: ["Renters", "95134", "Piper", "Floyd", "03/03/1967", "f", "70 Descanso Dr", "San Jose", "CA", "N", "RENTED HOUSE - SINGLE FAMILY", "5+", "0", nil, "0", "(650) 968-8384", "savannah.silva@aol.com", "N", "N", "N", "N", "Y", "N", "NONE", "N", "N", "Keep default.", "16000", "Keep default", "1000", "300000", "N", "500"]
	fail to find buy button
[88] HITTING ... 
	change invalid email[adrian.gilbert@outlook.com] to default one
	Go to home page
	Reach STEP 1
	Reach STEP 2
	[88][120.123919664] MISSED: ["Renters", "95136", "Kira", "Luna", "05/06/1950", "m", "4300 The Woods Dr", "San Jose", "CA", "N", "RENTED HOUSE - SINGLE FAMILY", "5+", "0", nil, "0", "(408) 720-8566", "adrian.gilbert@outlook.com", "N", "N", "N", "N", "Y", "N", "NONE", "N", "N", "Keep default.", "16000", "Keep default", "1000", "300000", "N", "750"]
	unable to locate element, using {:id=>"errordiv", :tag_name=>"div"}
[89] HITTING ... 
	change invalid email[ian.schwartz@aol.com] to default one
	Go to home page
	Reach STEP 1
	Reach STEP 2
	Ooops seem email correct
	Reach STEP 3
	Recalculated Price
	[148.220059721][$15.24]DONE
[90] HITTING ... 
	change invalid email[adrian.gilbert@outlook.com] to default one
	Go to home page
	Reach STEP 1
	Reach STEP 2
	Ooops seem email correct
	Reach STEP 3
	Recalculated Price
	[164.261289166][$13.29]DONE
[91] HITTING ... 
	Go to home page
	Reach STEP 1
	Reach STEP 2
	Ooops seem email correct
	Reach STEP 3
	Recalculated Price
	[158.226156047][$10.83]DONE
[92] HITTING ... 
	Go to home page
	Reach STEP 1
	Reach STEP 2
	Ooops seem email correct
	Reach STEP 3
	Recalculated Price
	[169.002366914][$10.83]DONE
[93] HITTING ... 
	change invalid email[lilly.hayes@aol.com] to default one
	Go to home page
	Reach STEP 1
	Reach STEP 2
	Ooops seem email correct
	Reach STEP 3
	Recalculated Price
	[159.76575955][$19.89]DONE
[94] HITTING ... 
	Go to home page
	Reach STEP 1
	Reach STEP 2
	Ooops seem email correct
	Reach STEP 3
	Recalculated Price
	[139.804297277][$18.22]DONE
[95] HITTING ... 
	Go to home page
	Reach STEP 1
	Reach STEP 2
	Ooops seem email correct
	Reach STEP 3
	Recalculated Price
	[144.860850067][$18.10]DONE
[96] HITTING ... 
	change invalid email[alexandra.guerrero@aol.com] to default one
	Go to home page
	Reach STEP 1
	Reach STEP 2
	Ooops seem email correct
	Reach STEP 3
	Recalculated Price
	[154.902951733][$14.26]DONE
[97] HITTING ... 
	Go to home page
	Reach STEP 1
	Reach STEP 2
	Ooops seem email correct
	Reach STEP 3
	Recalculated Price
	[167.356301861][$17.02]DONE
[98] HITTING ... 
	Go to home page
	Reach STEP 1
	Reach STEP 2
	Ooops seem email correct
	Reach STEP 3
	Recalculated Price
	[153.966140925][$14.03]DONE
[99] HITTING ... 
	Go to home page
	Reach STEP 1
	Reach STEP 2
	Ooops seem email correct
	Reach STEP 3
	Recalculated Price
	Fail to find 'Recalculated' button on step 3 of quote page
	[99][171.54354418] MISSED: ["Renters", "95112", "Levi", "Mejia", "02/04/1961", "m", "101 E San Fernando St 100", "San Jose", "CA", "N", "RENTED HOUSE - SINGLE FAMILY", "5+", "0", nil, "0", "(650) 854-3900", "eden.chen@outlook.com", "N", "N", "N", "N", "Y", "N", "NONE", "N", "N", "Keep default.", "16000", "Keep default", "1000", "500000", "N", "1500"]
	fail to find buy button
[100] HITTING ... 
	Go to home page
	Reach STEP 1
	Reach STEP 2
	Ooops seem email correct
	Reach STEP 3
	Recalculated Price
	[171.41279444][$13.40]DONE
[101] HITTING ... 
	Go to home page
	Reach STEP 1
	Reach STEP 2
	Ooops seem email correct
	Reach STEP 3
	Recalculated Price
	[159.858854056][$10.83]DONE
[102] HITTING ... 
	Go to home page
	Reach STEP 1
	Reach STEP 2
	Ooops seem email correct
	Reach STEP 3
	Recalculated Price
	[170.218128404][$15.32]DONE
[103] HITTING ... 
	change invalid email[lilly.hayes@aol.com] to default one
	Go to home page
	Reach STEP 1
	Reach STEP 2
	Ooops seem email correct
	Reach STEP 3
	Recalculated Price
	[165.609721132][$15.48]DONE
[104] HITTING ... 
	change invalid email[adrian.gilbert@outlook.com] to default one
	Go to home page
	Reach STEP 1
	Reach STEP 2
	Ooops seem email correct
	Reach STEP 3
	Recalculated Price
	[168.0328727][$12.31]DONE
[105] HITTING ... 
	change invalid email[alexandra.guerrero@aol.com] to default one
	Go to home page
	Reach STEP 1
	Reach STEP 2
	Ooops seem email correct
	Reach STEP 3
	Recalculated Price
	[141.876448845][$11.93]DONE
[106] HITTING ... 
	Go to home page
	Reach STEP 1
	Reach STEP 2
	Ooops seem email correct
	Reach STEP 3
	Recalculated Price
	[146.715176798][$11.16]DONE
[107] HITTING ... 
	Go to home page
	Reach STEP 1
	Reach STEP 2
	Ooops seem email correct
	Reach STEP 3
	Recalculated Price
	[165.510334642][$10.83]DONE
[108] HITTING ... 
	Go to home page
	Reach STEP 1
	Reach STEP 2
	Ooops seem email correct
	Reach STEP 3
	Recalculated Price
	[174.507513925][$10.83]DONE
[109] HITTING ... 
	Go to home page
	Reach STEP 1
	Reach STEP 2
	Ooops seem email correct
	Reach STEP 3
	Recalculated Price
	[165.197511935][$10.83]DONE
[110] HITTING ... 
	Go to home page
	Reach STEP 1
	Reach STEP 2
	Ooops seem email correct
	Reach STEP 3
	Recalculated Price
	[154.794037525][$10.83]DONE
[111] HITTING ... 
	Go to home page
	Reach STEP 1
	Reach STEP 2
	Ooops seem email correct
	Reach STEP 3
	Recalculated Price
	[146.596484441][$22.64]DONE
[112] HITTING ... 
	Go to home page
	Reach STEP 1
	Reach STEP 2
	Ooops seem email correct
	Reach STEP 3
	Recalculated Price
	[151.078852981][$31.27]DONE
[113] HITTING ... 
	Go to home page
	Reach STEP 1
	Reach STEP 2
	Ooops seem email correct
	Reach STEP 3
	Recalculated Price
	Fail to find 'Recalculated' button on step 3 of quote page
	[113][183.598682075] MISSED: ["Renters", "94087", "Aria", "Chambers", "02/04/1961", "f", "575 E Remington Dr", "Sunnyvale", "CA", "N", "RENTED HOUSE - SINGLE FAMILY", "5+", "0", nil, "0", "(619) 270-5895", "elias.cain@outlook.com", "N", "N", "N", "N", "Y", "N", "NONE", "N", "N", "Keep default.", "16000", "Keep default", "2000", "300000", "N", "250"]
	fail to find buy button
[114] HITTING ... 
	change invalid email[alexandra.guerrero@aol.com] to default one
	Go to home page
	Reach STEP 1
	Reach STEP 2
	Ooops seem email correct
	Reach STEP 3
	Recalculated Price
	[172.939248867][$17.28]DONE
[115] HITTING ... 
	change invalid email[lilly.hayes@aol.com] to default one
	Go to home page
	Reach STEP 1
	Reach STEP 2
	Ooops seem email correct
	Reach STEP 3
	Recalculated Price
	[161.874171996][$12.16]DONE
[116] HITTING ... 
	change invalid email[adrian.gilbert@outlook.com] to default one
	Go to home page
	Reach STEP 1
	Reach STEP 2
	Ooops seem email correct
	Reach STEP 3
	Recalculated Price
	[158.022200082][$14.84]DONE
[117] HITTING ... 
	Go to home page
	Reach STEP 1
	Reach STEP 2
	Ooops seem email correct
	Reach STEP 3
	Recalculated Price
	[159.466546008][$11.38]DONE
[118] HITTING ... 
	change invalid email[lilly.hayes@aol.com] to default one
	Go to home page
	Reach STEP 1
	Reach STEP 2
	Ooops seem email correct
	Reach STEP 3
	Recalculated Price
	[165.642367291][$10.83]DONE
[119] HITTING ... 
	change invalid email[alexandra.guerrero@aol.com] to default one
	Go to home page
	Reach STEP 1
	Reach STEP 2
	Ooops seem email correct
	Reach STEP 3
	Recalculated Price
	[165.798159318][$10.83]DONE
[120] HITTING ... 
	Go to home page
	Reach STEP 1
	Reach STEP 2
	Ooops seem email correct
	Reach STEP 3
	Recalculated Price
	[162.453376881][$18.28]DONE
[121] HITTING ... 
	change invalid email[lilly.hayes@aol.com] to default one
	Go to home page
	Reach STEP 1
	Reach STEP 2
	Ooops seem email correct
	Reach STEP 3
	Recalculated Price
	[161.769401261][$21.55]DONE
[122] HITTING ... 
	Go to home page
	Reach STEP 1
	Reach STEP 2
	Ooops seem email correct
	Reach STEP 3
	Recalculated Price
	[151.471160728][$15.42]DONE
[123] HITTING ... 
	Go to home page
	Reach STEP 1
	Reach STEP 2
	Ooops seem email correct
	Reach STEP 3
	Recalculated Price
	[154.598300227][$14.51]DONE
[124] HITTING ... 
	Go to home page
	Reach STEP 1
	Reach STEP 2
	Ooops seem email correct
	Reach STEP 3
	Recalculated Price
	[156.178783886][$14.91]DONE
[125] HITTING ... 
	Go to home page
	Reach STEP 1
	Reach STEP 2
	Ooops seem email correct
	Reach STEP 3
	Recalculated Price
	[152.052746755][$14.28]DONE
[126] HITTING ... 
	Go to home page
	Reach STEP 1
	Reach STEP 2
	Ooops seem email correct
	Reach STEP 3
	Recalculated Price
	[157.677386386][$12.57]DONE
[127] HITTING ... 
	change invalid email[ian.schwartz@aol.com] to default one
	Go to home page
	Reach STEP 1
	Reach STEP 2
	Ooops seem email correct
	Reach STEP 3
	Recalculated Price
	[155.82700267][$12.38]DONE
[128] HITTING ... 
	Go to home page
	Reach STEP 1
	Reach STEP 2
	Ooops seem email correct
	Reach STEP 3
	Recalculated Price
	[137.160678121][$17.96]DONE
[129] HITTING ... 
	change invalid email[alexandra.guerrero@aol.com] to default one
	Go to home page
	Reach STEP 1
	Reach STEP 2
	Ooops seem email correct
	Reach STEP 3
	Recalculated Price
	[149.241154804][$33.80]DONE
[130] HITTING ... 
	Go to home page
	Reach STEP 1
	Reach STEP 2
	Ooops seem email correct
	Reach STEP 3
	Recalculated Price
	[148.899526367][$14.57]DONE
[131] HITTING ... 
	Go to home page
	Reach STEP 1
	Reach STEP 2
	Ooops seem email correct
	Reach STEP 3
	Recalculated Price
	[151.471515711][$15.51]DONE
[132] HITTING ... 
	Go to home page
	Reach STEP 1
	Reach STEP 2
	Ooops seem email correct
	Reach STEP 3
	Recalculated Price
	[144.561886577][$11.42]DONE
[133] HITTING ... 
	change invalid email[lilly.hayes@aol.com] to default one
	Go to home page
	Reach STEP 1
	Reach STEP 2
	Ooops seem email correct
	Reach STEP 3
	Recalculated Price
	[154.692881507][$14.82]DONE
[134] HITTING ... 
	change invalid email[alexandra.guerrero@aol.com] to default one
	Go to home page
	Reach STEP 1
	Reach STEP 2
	Ooops seem email correct
	Reach STEP 3
	dont need to recalculate price
	[160.068782221][$10.83]DONE
[135] HITTING ... 
	change invalid email[alexandra.guerrero@aol.com] to default one
	Go to home page
	Reach STEP 1
	Reach STEP 2
	Ooops seem email correct
	Reach STEP 3
	Recalculated Price
	[147.090128907][$10.83]DONE
[136] HITTING ... 
	Go to home page
	Reach STEP 1
	Reach STEP 2
	Ooops seem email correct
	Reach STEP 3
	Recalculated Price
	[167.320712627][$10.83]DONE
[137] HITTING ... 
	Go to home page
	Reach STEP 1
	Reach STEP 2
	Ooops seem email correct
	Reach STEP 3
	Recalculated Price
	[168.17225322][$10.83]DONE
[138] HITTING ... 
	change invalid email[adrian.gilbert@outlook.com] to default one
	Go to home page
	Reach STEP 1
	Reach STEP 2
	Ooops seem email correct
	Reach STEP 3
	Recalculated Price
	[164.149762326][$18.94]DONE
[139] HITTING ... 
	change invalid email[lilly.hayes@aol.com] to default one
	Go to home page
	Reach STEP 1
	Reach STEP 2
	Ooops seem email correct
	Reach STEP 3
	Recalculated Price
	[147.797650628][$21.10]DONE
[140] HITTING ... 
	Go to home page
	Reach STEP 1
	Reach STEP 2
	Ooops seem email correct
	Reach STEP 3
	Recalculated Price
	[150.133714651][$14.22]DONE
[141] HITTING ... 
	change invalid email[ian.schwartz@aol.com] to default one
	Go to home page
	Reach STEP 1
	Reach STEP 2
	Ooops seem email correct
	Reach STEP 3
	Recalculated Price
	[160.119327545][$14.49]DONE
[142] HITTING ... 
	Go to home page
	Reach STEP 1
	Reach STEP 2
	Ooops seem email correct
	Reach STEP 3
	Recalculated Price
	[160.491487447][$15.42]DONE
[143] HITTING ... 
	Go to home page
	Reach STEP 1
	Reach STEP 2
	Ooops seem email correct
	Reach STEP 3
	Recalculated Price
	[160.146684146][$14.64]DONE
[144] HITTING ... 
	Go to home page
	Reach STEP 1
	Reach STEP 2
	Ooops seem email correct
	Reach STEP 3
	Recalculated Price
	[149.307865583][$11.19]DONE
[145] HITTING ... 
	Go to home page
	Reach STEP 1
	Reach STEP 2
	Ooops seem email correct
	Reach STEP 3
	Recalculated Price
	[138.684731902][$19.93]DONE
[146] HITTING ... 
	change invalid email[alexandra.guerrero@aol.com] to default one
	Go to home page
	Reach STEP 1
	Reach STEP 2
	Ooops seem email correct
	Reach STEP 3
	Recalculated Price
	[139.620660377][$10.83]DONE
[147] HITTING ... 
	Go to home page
	Reach STEP 1
	Reach STEP 2
	Ooops seem email correct
	Reach STEP 3
	Recalculated Price
	[151.738095986][$23.13]DONE
[148] HITTING ... 
	change invalid email[adrian.gilbert@outlook.com] to default one
	Go to home page
	Reach STEP 1
	Reach STEP 2
	Ooops seem email correct
	Reach STEP 3
	Recalculated Price
	[156.99486038][$18.32]DONE
[149] HITTING ... 
	Go to home page
	Reach STEP 1
	Reach STEP 2
	Ooops seem email correct
	Reach STEP 3
	Recalculated Price
	[153.088254164][$28.08]DONE
[150] HITTING ... 
	Go to home page
	Reach STEP 1
	Reach STEP 2
	Ooops seem email correct
	Reach STEP 3
	Recalculated Price
	[151.132300656][$16.16]DONE
[151] HITTING ... 
	Go to home page
	Reach STEP 1
	Reach STEP 2
	Ooops seem email correct
	Reach STEP 3
	Recalculated Price
	[136.636724169][$14.77]DONE
[152] HITTING ... 
	Go to home page
	Reach STEP 1
	Reach STEP 2
	[152][105.093519332] MISSED: ["Renters", "94041", "Elisabeth", "Norris", "02/04/1961", "m", "151 Calderon Ave", "Mountain View", "CA", "N", "RENTED HOUSE - SINGLE FAMILY", "5+", "0", nil, "0", "(415) 931-6300", "william.palmer@gmail.com", "N", "N", "N", "N", "Y", "N", "NONE", "N", "N", "Keep default.", "20000", "Keep default", "1000", "500000", "N", "1000"]
	unable to locate element, using {:id=>"errordiv", :tag_name=>"div"}
[153] HITTING ... 
	Go to home page
	Reach STEP 1
	Reach STEP 2
	Ooops seem email correct
	Reach STEP 3
	Recalculated Price
	[151.591408996][$13.87]DONE
[154] HITTING ... 
	Go to home page
	Reach STEP 1
	Reach STEP 2
	Ooops seem email correct
	Reach STEP 3
	Recalculated Price
	[149.010848605][$15.12]DONE
[155] HITTING ... 
	Go to home page
	Reach STEP 1
	Reach STEP 2
	Ooops seem email correct
	Reach STEP 3
	Recalculated Price
	[153.432789613][$11.17]DONE
[156] HITTING ... 
	Go to home page
	Reach STEP 1
	Reach STEP 2
	Ooops seem email correct
	Reach STEP 3
	Recalculated Price
	[152.314971636][$21.79]DONE
[157] HITTING ... 
	change invalid email[alexandra.guerrero@aol.com] to default one
	Go to home page
	Reach STEP 1
	Reach STEP 2
	Ooops seem email correct
	Reach STEP 3
	Recalculated Price
	[144.777182514][$19.27]DONE
[158] HITTING ... 
	change invalid email[lilly.hayes@aol.com] to default one
	Go to home page
	Reach STEP 1
	Reach STEP 2
	Ooops seem email correct
	Reach STEP 3
	Recalculated Price
	[138.071543128][$13.74]DONE
[159] HITTING ... 
	Go to home page
	Reach STEP 1
	Reach STEP 2
	Ooops seem email correct
	Reach STEP 3
	Recalculated Price
	[144.664772319][$11.42]DONE
[160] HITTING ... 
	change invalid email[lilly.hayes@aol.com] to default one
	Go to home page
	Reach STEP 1
	Reach STEP 2
	Ooops seem email correct
	Reach STEP 3
	Recalculated Price
	Fail to find 'Recalculated' button on step 3 of quote page
	[160][163.682089214] MISSED: ["Renters", "94301", "Adrian", "Briggs", "03/27/1954", "f", "501 Forest Ave", "Palo Alto", "CA", "N", "RENTED HOUSE - SINGLE FAMILY", "5+", "0", nil, "0", "(707) 584-0655", "lilly.hayes@aol.com", "N", "N", "N", "N", "Y", "N", "NONE", "N", "N", "Keep default.", "20000", "Keep default", "2000", "100000", "N", "750"]
	fail to find buy button
[161] HITTING ... 
	Go to home page
	Reach STEP 1
	Reach STEP 2
	Ooops seem email correct
	Reach STEP 3
	Recalculated Price
	[149.288680861][$10.83]DONE
[162] HITTING ... 
	Go to home page
	Reach STEP 1
	Reach STEP 2
	Ooops seem email correct
	Reach STEP 3
	Recalculated Price
	[148.53283795][$10.83]DONE
[163] HITTING ... 
	change invalid email[alexandra.guerrero@aol.com] to default one
	Go to home page
	Reach STEP 1
	Reach STEP 2
	Ooops seem email correct
	Reach STEP 3
	Recalculated Price
	[141.073404208][$10.83]DONE
[164] HITTING ... 
	change invalid email[lilly.hayes@aol.com] to default one
	Go to home page
	Reach STEP 1
	Reach STEP 2
	Ooops seem email correct
	Reach STEP 3
	Recalculated Price
	[134.379803728][$10.83]DONE
[165] HITTING ... 
	Go to home page
	Reach STEP 1
	Reach STEP 2
	Ooops seem email correct
	Reach STEP 3
	Recalculated Price
	[150.762405726][$17.51]DONE
[166] HITTING ... 
	Go to home page
	Reach STEP 1
	Reach STEP 2
	Ooops seem email correct
	Reach STEP 3
	Recalculated Price
	[155.030259635][$17.22]DONE
[167] HITTING ... 
	change invalid email[alexandra.guerrero@aol.com] to default one
	Go to home page
	Reach STEP 1
	Reach STEP 2
	Ooops seem email correct
	Reach STEP 3
	Recalculated Price
	[152.666025906][$14.47]DONE
[168] HITTING ... 
	change invalid email[alexandra.guerrero@aol.com] to default one
	Go to home page
	Reach STEP 1
	Reach STEP 2
	Ooops seem email correct
	Reach STEP 3
	Recalculated Price
	[155.239928925][$13.50]DONE
[169] HITTING ... 
	change invalid email[adrian.gilbert@outlook.com] to default one
	Go to home page
	Reach STEP 1
	Reach STEP 2
	Ooops seem email correct
	Reach STEP 3
	Recalculated Price
	[144.140434495][$12.77]DONE
[170] HITTING ... 
	change invalid email[lilly.hayes@aol.com] to default one
	Go to home page
	Reach STEP 1
	Reach STEP 2
	Ooops seem email correct
	Reach STEP 3
	Recalculated Price
	[146.720867295][$12.17]DONE
[171] HITTING ... 
	Go to home page
	Reach STEP 1
	Reach STEP 2
	Ooops seem email correct
	Reach STEP 3
	Recalculated Price
	[143.542352064][$11.94]DONE
[172] HITTING ... 
	change invalid email[lilly.hayes@aol.com] to default one
	Go to home page
	Reach STEP 1
	Reach STEP 2
	Ooops seem email correct
	Reach STEP 3
	Recalculated Price
	[155.950672311][$11.24]DONE
[173] HITTING ... 
	change invalid email[lilly.hayes@aol.com] to default one
	Go to home page
	Reach STEP 1
	Reach STEP 2
	Ooops seem email correct
	Reach STEP 3
	Recalculated Price
	[164.691138151][$10.83]DONE
[174] HITTING ... 
	Go to home page
	Reach STEP 1
	Reach STEP 2
	Ooops seem email correct
	Reach STEP 3
	Recalculated Price
	[168.544447833][$19.51]DONE
[175] HITTING ... 
	Go to home page
	Reach STEP 1
	Reach STEP 2
	[175][116.460521924] MISSED: ["Renters", "95054", "Theodore", "Turner", "03/27/1954", "f", "4500 Carlyle Ct", "Santa Clara", "CA", "N", "RENTED HOUSE - SINGLE FAMILY", "5+", "0", nil, "0", "(415) 673-1232", "elias.cain@outlook.com", "N", "N", "N", "N", "Y", "N", "NONE", "N", "N", "Keep default.", "20000", "Keep default", "2000", "500000", "N", "100 / 250"]
	unable to locate element, using {:id=>"errordiv", :tag_name=>"div"}
[176] HITTING ... 
	Go to home page
	Reach STEP 1
	Reach STEP 2
	Ooops seem email correct
	Reach STEP 3
	Recalculated Price
	[143.033542633][$21.23]DONE
[177] HITTING ... 
	Go to home page
	Reach STEP 1
	Reach STEP 2
	Ooops seem email correct
	Reach STEP 3
	Recalculated Price
	[143.318669356][$16.69]DONE
[178] HITTING ... 
	change invalid email[adrian.gilbert@outlook.com] to default one
	Go to home page
	Reach STEP 1
	Reach STEP 2
	[178][123.814352243] MISSED: ["Renters", "95035", "Keira", "Hammond", "03/03/1967", "f", "440 Dixon Landing Rd", "Milpitas", "CA", "N", "RENTED HOUSE - SINGLE FAMILY", "5+", "0", nil, "0", "(408) 737-2900", "adrian.gilbert@outlook.com", "N", "N", "N", "N", "Y", "N", "NONE", "N", "N", "Keep default.", "20000", "Keep default", "2000", "500000", "N", "750"]
	unable to locate element, using {:id=>"errordiv", :tag_name=>"div"}
[179] HITTING ... 
	Go to home page
	Reach STEP 1
	Reach STEP 2
	Ooops seem email correct
	Reach STEP 3
	Recalculated Price
	[149.699098942][$14.93]DONE
[180] HITTING ... 
	Go to home page
	Reach STEP 1
	Reach STEP 2
	Ooops seem email correct
	Reach STEP 3
	Recalculated Price
	[148.739658671][$13.10]DONE
[181] HITTING ... 
	Go to home page
	Reach STEP 1
	Reach STEP 2
	Ooops seem email correct
	Reach STEP 3
	Recalculated Price
	[154.899378623][$12.90]DONE
[182] HITTING ... 
	change invalid email[lilly.hayes@aol.com] to default one
	Go to home page
	Reach STEP 1
	Reach STEP 2
	Ooops seem email correct
	Reach STEP 3
	Recalculated Price
	[144.241792842][$12.53]DONE
[183] HITTING ... 
	change invalid email[lilly.hayes@aol.com] to default one
	Go to home page
	Reach STEP 1
	Reach STEP 2
	Ooops seem email correct
	Reach STEP 3
	Recalculated Price
	[136.306027379][$20.49]DONE
[184] HITTING ... 
	Go to home page
	Reach STEP 1
	Reach STEP 2
	Ooops seem email correct
	Reach STEP 3
	Recalculated Price
	[148.639153382][$15.43]DONE
[185] HITTING ... 
	Go to home page
	Reach STEP 1
	Reach STEP 2
	Ooops seem email correct
	Reach STEP 3
	Recalculated Price
	[149.769203393][$14.28]DONE
[186] HITTING ... 
	Go to home page
	Reach STEP 1
	Reach STEP 2
	Ooops seem email correct
	Reach STEP 3
	Recalculated Price
	[154.310063771][$11.83]DONE
[187] HITTING ... 
	Go to home page
	Reach STEP 1
	Reach STEP 2
	Ooops seem email correct
	Reach STEP 3
	Recalculated Price
	[149.006333736][$11.06]DONE
[188] HITTING ... 
	Go to home page
	Reach STEP 1
	Reach STEP 2
	Ooops seem email correct
	Reach STEP 3
	dont need to recalculate price
	[165.698068349][$14.75]DONE
[189] HITTING ... 
	change invalid email[ian.schwartz@aol.com] to default one
	Go to home page
	Reach STEP 1
	Reach STEP 2
	Ooops seem email correct
	Reach STEP 3
	Recalculated Price
	[149.209308175][$10.83]DONE
[190] HITTING ... 
	Go to home page
	Reach STEP 1
	Reach STEP 2
	Ooops seem email correct
	Reach STEP 3
	Recalculated Price
	[162.335850559][$12.02]DONE
[191] HITTING ... 
	change invalid email[ian.schwartz@aol.com] to default one
	Go to home page
	Reach STEP 1
	Reach STEP 2
	Ooops seem email correct
	Reach STEP 3
	Recalculated Price
	[163.402153402][$10.83]DONE
[192] HITTING ... 
	Go to home page
	Reach STEP 1
	Reach STEP 2
	Ooops seem email correct
	Reach STEP 3
	Recalculated Price
	[153.049874175][$18.15]DONE
[193] HITTING ... 
	change invalid email[adrian.gilbert@outlook.com] to default one
	Go to home page
	Reach STEP 1
	Reach STEP 2
	Ooops seem email correct
	Reach STEP 3
	Recalculated Price
	[151.137244761][$17.51]DONE
[194] HITTING ... 
	change invalid email[adrian.gilbert@outlook.com] to default one
	Go to home page
	Reach STEP 1
	Reach STEP 2
	Ooops seem email correct
	Reach STEP 3
	Recalculated Price
	[152.295854919][$18.47]DONE
[195] HITTING ... 
	Go to home page
	[195][79.751764668] MISSED: ["Renters", "95054", "Everly", "Wong", "12/1/1973", "f", "1600 Nantucket Cir", "Santa Clara", "CA", "N", "RENTED HOUSE - SINGLE FAMILY", "5+", "0", nil, "0", "(650) 997-0670", "eden.chen@outlook.com", "N", "N", "N", "N", "Y", "N", "NONE", "N", "N", "Keep default.", "24000", "Keep default", "1000", "300000", "N", "500"]
	Timeout::Error
	Fail to save screenshotTimeout::Error
skip to offset 194
[195] HITTING ... 
	Go to home page
	Reach STEP 1
	Reach STEP 2
	Ooops seem email correct
	Reach STEP 3
	Recalculated Price
	[78.479795987][$15.23]DONE
[196] HITTING ... 
	Go to home page
	Reach STEP 1
	Reach STEP 2
	Reach STEP 3
	Recalculated Price
	[98.572503652][$13.14]DONE
[197] HITTING ... 
	Go to home page
	Reach STEP 1
	Reach STEP 2
	Reach STEP 3
	Recalculated Price
	[96.79355954][$12.50]DONE
[198] HITTING ... 
	Go to home page
	Reach STEP 1
	Reach STEP 2
	Ooops seem email correct
	Reach STEP 3
	Recalculated Price
	[88.868477568][$12.80]DONE
[199] HITTING ... 
	change invalid email[adrian.gilbert@outlook.com] to default one
	Go to home page
	Reach STEP 1
	Reach STEP 2
	[199][68.162397807] MISSED: ["Renters", "95129", "Evangeline", "George", "05/06/1950", "m", "355 Kiely Blvd", "San Jose", "CA", "N", "RENTED HOUSE - SINGLE FAMILY", "5+", "0", nil, "0", "(408) 384-8887", "adrian.gilbert@outlook.com", "N", "N", "N", "N", "Y", "N", "NONE", "N", "N", "Keep default.", "24000", "Keep default", "1000", "300000", "N", "2500"]
	unable to locate element, using {:id=>"errordiv", :tag_name=>"div"}
[200] HITTING ... 
	Go to home page
	Reach STEP 1
	Reach STEP 2
	[200][64.332221845] MISSED: ["Renters", "94086", "Elias", "Shelton", "03/03/1967", "f", "355 E Evelyn Ave", "Sunnyvale", "CA", "N", "RENTED HOUSE - SINGLE FAMILY", "5+", "0", nil, "0", "(415) 284-9080", "elias.cain@outlook.com", "N", "N", "N", "N", "Y", "N", "NONE", "N", "N", "Keep default.", "24000", "Keep default", "1000", "300000", "N", "5000"]
	unable to locate element, using {:id=>"errordiv", :tag_name=>"div"}
[201] HITTING ... 
	Go to home page
	Reach STEP 1
	Reach STEP 2
	Ooops seem email correct
	Reach STEP 3
	Recalculated Price
	[84.180790987][$21.61]DONE
[202] HITTING ... 
	Go to home page
	Reach STEP 1
	Reach STEP 2
	Reach STEP 3
	Recalculated Price
	[112.676100048][$25.60]DONE
[203] HITTING ... 
	Go to home page
	Reach STEP 1
	Reach STEP 2
	Ooops seem email correct
	Reach STEP 3
	Recalculated Price
	[114.765674387][$16.61]DONE
[204] HITTING ... 
	Go to home page
	Reach STEP 1
	Reach STEP 2
	Ooops seem email correct
	Reach STEP 3
	Recalculated Price
	[120.943403167][$18.83]DONE
[205] HITTING ... 
	Go to home page
	Reach STEP 1
	Reach STEP 2
	Ooops seem email correct
	Reach STEP 3
	Recalculated Price
	[164.052010119][$18.16]DONE
[206] HITTING ... 
	change invalid email[adrian.gilbert@outlook.com] to default one
	Go to home page
	Reach STEP 1
	Reach STEP 2
	Ooops seem email correct
	Reach STEP 3
	Recalculated Price
	[158.555694787][$14.16]DONE
[207] HITTING ... 
	Go to home page
	Reach STEP 1
	Reach STEP 2
	Ooops seem email correct
	Reach STEP 3
	Recalculated Price
	[194.131456368][$16.04]DONE
[208] HITTING ... 
	Go to home page
	Reach STEP 1
	Reach STEP 2
	Ooops seem email correct
	Reach STEP 3
	Recalculated Price
	[154.498844884][$12.24]DONE
[209] HITTING ... 
	Go to home page
	Reach STEP 1
	Reach STEP 2
	Ooops seem email correct
	Reach STEP 3
	Recalculated Price
	[145.736941446][$18.21]DONE
[210] HITTING ... 
	change invalid email[lilly.hayes@aol.com] to default one
	Go to home page
	Reach STEP 1
	Reach STEP 2
	Ooops seem email correct
	Reach STEP 3
	Recalculated Price
	[155.593886545][$18.11]DONE
[211] HITTING ... 
	Go to home page
	Reach STEP 1
	Reach STEP 2
	Ooops seem email correct
	Reach STEP 3
	Recalculated Price
	[164.626393204][$17.39]DONE
[212] HITTING ... 
	change invalid email[alexandra.guerrero@aol.com] to default one
	Go to home page
	Reach STEP 1
	Reach STEP 2
	Ooops seem email correct
	Reach STEP 3
	Recalculated Price
	[169.669600169][$14.53]DONE
[213] HITTING ... 
	Go to home page
	Reach STEP 1
	Reach STEP 2
	Reach STEP 3
	Recalculated Price
	[171.056558555][$15.33]DONE
[214] HITTING ... 
	Go to home page
	Reach STEP 1
	Reach STEP 2
	Ooops seem email correct
	Reach STEP 3
	Recalculated Price
	[141.73226877][$12.53]DONE
[215] HITTING ... 
	change invalid email[alexandra.guerrero@aol.com] to default one
	Go to home page
	Reach STEP 1
	Reach STEP 2
	Ooops seem email correct
	Reach STEP 3
	Recalculated Price
	[141.468814263][$11.82]DONE
[216] HITTING ... 
	change invalid email[alexandra.guerrero@aol.com] to default one
	Go to home page
	Reach STEP 1
	Reach STEP 2
	Ooops seem email correct
	Reach STEP 3
	Recalculated Price
	[175.775655712][$10.96]DONE
[217] HITTING ... 
	change invalid email[lilly.hayes@aol.com] to default one
	Go to home page
	Reach STEP 1
	Reach STEP 2
	Ooops seem email correct
	Reach STEP 3
	Recalculated Price
	[159.671309365][$11.07]DONE
[218] HITTING ... 
	Go to home page
	Reach STEP 1
	Reach STEP 2
	Ooops seem email correct
	Reach STEP 3
	Recalculated Price
	[160.161963158][$10.83]DONE
[219] HITTING ... 
	Go to home page
	Reach STEP 1
	Reach STEP 2
	Ooops seem email correct
	Reach STEP 3
	Recalculated Price
	[151.910381598][$23.27]DONE
[220] HITTING ... 
	Go to home page
	Reach STEP 1
	Reach STEP 2
	Ooops seem email correct
	Reach STEP 3
	Recalculated Price
	[158.193246383][$18.62]DONE
[221] HITTING ... 
	change invalid email[alexandra.guerrero@aol.com] to default one
	Go to home page
	Reach STEP 1
	Reach STEP 2
	Ooops seem email correct
	Reach STEP 3
	Recalculated Price
	[154.159521627][$16.62]DONE
[222] HITTING ... 
	Go to home page
	Reach STEP 1
	Reach STEP 2
	Ooops seem email correct
	Reach STEP 3
	Recalculated Price
	[147.380515822][$15.48]DONE
[223] HITTING ... 
	Go to home page
	Reach STEP 1
	Reach STEP 2
	Ooops seem email correct
	Reach STEP 3
	Recalculated Price
	[153.196407002][$17.99]DONE
[224] HITTING ... 
	Go to home page
	Reach STEP 1
	Reach STEP 2
	Ooops seem email correct
	Reach STEP 3
	Recalculated Price
	[164.112783865][$17.08]DONE
[225] HITTING ... 
	Go to home page
	Reach STEP 1
	Reach STEP 2
	Ooops seem email correct
	Reach STEP 3
	Recalculated Price
	[165.145720592][$23.76]DONE
[226] HITTING ... 
	change invalid email[ian.schwartz@aol.com] to default one
	Go to home page
	Reach STEP 1
	Reach STEP 2
	Ooops seem email correct
	Reach STEP 3
	Recalculated Price
	[162.866463336][$11.76]DONE
[227] HITTING ... 
	Go to home page
	Reach STEP 1
	Reach STEP 2
	Ooops seem email correct
	Reach STEP 3
	Recalculated Price
	[154.549436987][$10.83]DONE
[228] HITTING ... 
	Go to home page
	Reach STEP 1
	Reach STEP 2
	Ooops seem email correct
	Reach STEP 3
	Recalculated Price
	[143.056235375][$21.86]DONE
[229] HITTING ... 
	Go to home page
	Reach STEP 1
	Reach STEP 2
	Ooops seem email correct
	Reach STEP 3
	Recalculated Price
	[163.23658215][$19.43]DONE
[230] HITTING ... 
	change invalid email[lilly.hayes@aol.com] to default one
	Go to home page
	Reach STEP 1
	Reach STEP 2
	Ooops seem email correct
	Reach STEP 3
	Recalculated Price
	[169.73591619][$22.21]DONE
[231] HITTING ... 
	change invalid email[lilly.hayes@aol.com] to default one
	Go to home page
	Reach STEP 1
	Reach STEP 2
	Ooops seem email correct
	Reach STEP 3
	Recalculated Price
	[170.699539871][$18.89]DONE
[232] HITTING ... 
	Go to home page
	Reach STEP 1
	Reach STEP 2
	Ooops seem email correct
	Reach STEP 3
	Recalculated Price
	[161.551663785][$15.67]DONE
[233] HITTING ... 
	Go to home page
	Reach STEP 1
	Reach STEP 2
	Ooops seem email correct
	Reach STEP 3
	Recalculated Price
	[146.602418275][$15.57]DONE
[234] HITTING ... 
	Go to home page
	Reach STEP 1
	Reach STEP 2
	Ooops seem email correct
	Reach STEP 3
	Recalculated Price
	[137.43656209][$23.29]DONE
[235] HITTING ... 
	Go to home page
	Reach STEP 1
	Reach STEP 2
	Ooops seem email correct
	Reach STEP 3
	Recalculated Price
	[152.215799949][$14.68]DONE
[236] HITTING ... 
	Go to home page
	Reach STEP 1
	Reach STEP 2
	Ooops seem email correct
	Reach STEP 3
	Recalculated Price
	[152.757179711][$11.46]DONE
[237] HITTING ... 
	Go to home page
	Reach STEP 1
	Reach STEP 2
	Ooops seem email correct
	Reach STEP 3
	Recalculated Price
	[148.933351029][$17.91]DONE
[238] HITTING ... 
	change invalid email[alexandra.guerrero@aol.com] to default one
	Go to home page
	Reach STEP 1
	Reach STEP 2
	Ooops seem email correct
	Reach STEP 3
	Recalculated Price
	[148.460711934][$20.79]DONE
[239] HITTING ... 
	Go to home page
	Reach STEP 1
	Reach STEP 2
	Ooops seem email correct
	Reach STEP 3
	Recalculated Price
	[140.033891386][$15.08]DONE
[240] HITTING ... 
	change invalid email[adrian.gilbert@outlook.com] to default one
	Go to home page
	Reach STEP 1
	Reach STEP 2
	Ooops seem email correct
	Reach STEP 3
	Recalculated Price
	[143.643464063][$13.88]DONE
[241] HITTING ... 
	Go to home page
	Reach STEP 1
	Reach STEP 2
	Ooops seem email correct
	Reach STEP 3
	Recalculated Price
	[158.660558018][$11.67]DONE
[242] HITTING ... 
	Go to home page
	Reach STEP 1
	Reach STEP 2
	Ooops seem email correct
	Reach STEP 3
	dont need to recalculate price
	[175.066428204][$11.24]DONE
[243] HITTING ... 
	change invalid email[alexandra.guerrero@aol.com] to default one
	Go to home page
	Reach STEP 1
	Reach STEP 2
	Ooops seem email correct
	Reach STEP 3
	Recalculated Price
	[170.301645263][$20.28]DONE
[244] HITTING ... 
	change invalid email[ian.schwartz@aol.com] to default one
	Go to home page
	Reach STEP 1
	Reach STEP 2
	Ooops seem email correct
	Reach STEP 3
	Recalculated Price
	[157.581378504][$18.84]DONE
[245] HITTING ... 
	change invalid email[alexandra.guerrero@aol.com] to default one
	Go to home page
	Reach STEP 1
	Reach STEP 2
	Ooops seem email correct
	Reach STEP 3
	Recalculated Price
	[143.725435287][$10.83]DONE
[246] HITTING ... 
	Go to home page
	Reach STEP 1
	Reach STEP 2
	Ooops seem email correct
	Reach STEP 3
	Recalculated Price
	[141.005287638][$21.26]DONE
[247] HITTING ... 
	change invalid email[adrian.gilbert@outlook.com] to default one
	Go to home page
	Reach STEP 1
	Reach STEP 2
	Ooops seem email correct
	Reach STEP 3
	Recalculated Price
	[159.637300986][$18.37]DONE
[248] HITTING ... 
	Go to home page
	Reach STEP 1
	Reach STEP 2
	Ooops seem email correct
	Reach STEP 3
	Recalculated Price
	[150.412426379][$21.33]DONE
[249] HITTING ... 
	change invalid email[lilly.hayes@aol.com] to default one
	Go to home page
	Reach STEP 1
	Reach STEP 2
	Ooops seem email correct
	Reach STEP 3
	Recalculated Price
	[165.121482474][$14.57]DONE
[250] HITTING ... 
	Go to home page
	Reach STEP 1
	Reach STEP 2
	Ooops seem email correct
	Reach STEP 3
	Recalculated Price
	[164.89433519][$13.76]DONE
[251] HITTING ... 
	change invalid email[lilly.hayes@aol.com] to default one
	Go to home page
	Reach STEP 1
	Reach STEP 2
	Ooops seem email correct
	Reach STEP 3
	Recalculated Price
	[159.860283933][$14.30]DONE
[252] HITTING ... 
	Go to home page
	Reach STEP 1
	Reach STEP 2
	Ooops seem email correct
	Reach STEP 3
	Recalculated Price
	[145.790622388][$12.26]DONE
[253] HITTING ... 
	Go to home page
	Reach STEP 1
	Reach STEP 2
	Ooops seem email correct
	Reach STEP 3
	Recalculated Price
	[155.356522859][$12.04]DONE
[254] HITTING ... 
	Go to home page
	Reach STEP 1
	Reach STEP 2
	Ooops seem email correct
	Reach STEP 3
	Recalculated Price
	[150.81054437][$17.28]DONE
[255] HITTING ... 
	Go to home page
	Reach STEP 1
	Reach STEP 2
	Ooops seem email correct
	Reach STEP 3
	Recalculated Price
	[173.457297939][$22.60]DONE
[256] HITTING ... 
	Go to home page
	Reach STEP 1
	Reach STEP 2
	Ooops seem email correct
	Reach STEP 3
	Recalculated Price
	[176.564485593][$21.85]DONE
[257] HITTING ... 
	Go to home page
	Reach STEP 1
	Reach STEP 2
	Ooops seem email correct
	Reach STEP 3
	Recalculated Price
	[146.641377285][$17.32]DONE
[258] HITTING ... 
	change invalid email[ian.schwartz@aol.com] to default one
	Go to home page
	Reach STEP 1
	Reach STEP 2
	Ooops seem email correct
	Reach STEP 3
	Recalculated Price
	[169.476917109][$17.63]DONE
[259] HITTING ... 
	change invalid email[ian.schwartz@aol.com] to default one
	Go to home page
	Reach STEP 1
	Reach STEP 2
	Ooops seem email correct
	Reach STEP 3
	Recalculated Price
	[162.431650086][$18.65]DONE
[260] HITTING ... 
	change invalid email[alexandra.guerrero@aol.com] to default one
	Go to home page
	Reach STEP 1
	Reach STEP 2
	Ooops seem email correct
	Reach STEP 3
	Recalculated Price
	[150.790333533][$17.78]DONE
[261] HITTING ... 
	Go to home page
	Reach STEP 1
	Reach STEP 2
	Ooops seem email correct
	Reach STEP 3
	Recalculated Price
	[158.410845342][$14.50]DONE
[262] HITTING ... 
	Go to home page
	Reach STEP 1
	Reach STEP 2
	Ooops seem email correct
	Reach STEP 3
	Recalculated Price
	[152.949192302][$23.58]DONE
[263] HITTING ... 
	Go to home page
	Reach STEP 1
	Reach STEP 2
	Ooops seem email correct
	Reach STEP 3
	Recalculated Price
	[149.616811346][$12.05]DONE
[264] HITTING ... 
	Go to home page
	Reach STEP 1
	Reach STEP 2
	Ooops seem email correct
	Reach STEP 3
	Recalculated Price
	[167.870716709][$24.31]DONE
[265] HITTING ... 
	change invalid email[ian.schwartz@aol.com] to default one
	Go to home page
	Reach STEP 1
	Reach STEP 2
	Ooops seem email correct
	Reach STEP 3
	Recalculated Price
	[166.581801268][$36.30]DONE
[266] HITTING ... 
	change invalid email[alexandra.guerrero@aol.com] to default one
	Go to home page
	Reach STEP 1
	Reach STEP 2
	Ooops seem email correct
	Reach STEP 3
	Recalculated Price
	[170.244461597][$14.13]DONE
[267] HITTING ... 
	change invalid email[adrian.gilbert@outlook.com] to default one
	Go to home page
	Reach STEP 1
	Reach STEP 2
	Ooops seem email correct
	Reach STEP 3
	Recalculated Price
	[155.279624546][$13.43]DONE
[268] HITTING ... 
	Go to home page
	Reach STEP 1
	Reach STEP 2
	Ooops seem email correct
	Reach STEP 3
	Recalculated Price
	[149.105297033][$12.57]DONE
[269] HITTING ... 
	change invalid email[ian.schwartz@aol.com] to default one
	Go to home page
	Reach STEP 1
	Reach STEP 2
	Ooops seem email correct
	Reach STEP 3
	Recalculated Price
	[152.271751824][$15.84]DONE
[270] HITTING ... 
	change invalid email[alexandra.guerrero@aol.com] to default one
	Go to home page
	Reach STEP 1
	Reach STEP 2
	Ooops seem email correct
	Reach STEP 3
	Recalculated Price
	[173.956670125][$11.56]DONE
[271] HITTING ... 
	Go to home page
	Reach STEP 1
	Reach STEP 2
	Ooops seem email correct
	Reach STEP 3
	Recalculated Price
	[177.65100293][$10.83]DONE
[272] HITTING ... 
	change invalid email[alexandra.guerrero@aol.com] to default one
	Go to home page
	Reach STEP 1
	Reach STEP 2
	Ooops seem email correct
	Reach STEP 3
	Recalculated Price
	[160.320572688][$10.83]DONE
[273] HITTING ... 
	Go to home page
	Reach STEP 1
	Reach STEP 2
	Ooops seem email correct
	Reach STEP 3
	Recalculated Price
	[148.831068022][$23.64]DONE
[274] HITTING ... 
	Go to home page
	Reach STEP 1
	Reach STEP 2
	[274][112.297469528] MISSED: ["Renters", "95126", "Colton", "Paul", "02/04/1961", "m", "1201 Parkmoor Ave", "San Jose", "CA", "N", "RENTED HOUSE - SINGLE FAMILY", "5+", "0", nil, "0", "(877) 516-8284", "eden.chen@outlook.com", "N", "N", "N", "N", "Y", "N", "NONE", "N", "N", "Keep default.", "28000", "Keep default", "2000", "300000", "N", "100 / 250"]
	unable to locate element, using {:id=>"errordiv", :tag_name=>"div"}
[275] HITTING ... 
	Go to home page
	Reach STEP 1
	Reach STEP 2
	Ooops seem email correct
	Reach STEP 3
	Recalculated Price
	[160.187073173][$15.91]DONE
[276] HITTING ... 
	Go to home page
	Reach STEP 1
	Reach STEP 2
	Ooops seem email correct
	Reach STEP 3
	Recalculated Price
	[180.773379451][$15.10]DONE
[277] HITTING ... 
	change invalid email[lilly.hayes@aol.com] to default one
	Go to home page
	Reach STEP 1
	Reach STEP 2
	Ooops seem email correct
	Reach STEP 3
	Recalculated Price
	[171.598872836][$16.99]DONE
[278] HITTING ... 
	Go to home page
	Reach STEP 1
	Reach STEP 2
	Ooops seem email correct
	Reach STEP 3
	Recalculated Price
	[161.523679265][$17.93]DONE
[279] HITTING ... 
	Go to home page
	Reach STEP 1
	Reach STEP 2
	Ooops seem email correct
	Reach STEP 3
	Recalculated Price
	[142.355700975][$15.12]DONE
[280] HITTING ... 
	Go to home page
	Reach STEP 1
	Reach STEP 2
	Ooops seem email correct
	Reach STEP 3
	Recalculated Price
	[140.642910638][$15.04]DONE
[281] HITTING ... 
	Go to home page
	Reach STEP 1
	Reach STEP 2
	Ooops seem email correct
	Reach STEP 3
	Recalculated Price
	[150.594153738][$10.83]DONE
[282] HITTING ... 
	Go to home page
	Reach STEP 1
	Reach STEP 2
	Ooops seem email correct
	Reach STEP 3
	Recalculated Price
	[154.425748701][$28.06]DONE
[283] HITTING ... 
	Go to home page
	Reach STEP 1
	Reach STEP 2
	Ooops seem email correct
	Reach STEP 3
	Recalculated Price
	[150.9673066][$22.10]DONE
[284] HITTING ... 
	Go to home page
	Reach STEP 1
	Reach STEP 2
	Ooops seem email correct
	Reach STEP 3
	Recalculated Price
	[151.957028769][$21.05]DONE
[285] HITTING ... 
	change invalid email[adrian.gilbert@outlook.com] to default one
	Go to home page
	Reach STEP 1
	Reach STEP 2
	Ooops seem email correct
	Reach STEP 3
	Recalculated Price
	[162.694311639][$16.49]DONE
[286] HITTING ... 
	change invalid email[ian.schwartz@aol.com] to default one
	Go to home page
	Reach STEP 1
	Reach STEP 2
	Ooops seem email correct
	Reach STEP 3
	Recalculated Price
	[141.194044259][$15.67]DONE
[287] HITTING ... 
	change invalid email[alexandra.guerrero@aol.com] to default one
	Go to home page
	Reach STEP 1
	Reach STEP 2
	Ooops seem email correct
	Reach STEP 3
	Recalculated Price
	[163.847590282][$18.35]DONE
[288] HITTING ... 
	Go to home page
	Reach STEP 1
	Reach STEP 2
	Ooops seem email correct
	Reach STEP 3
	Recalculated Price
	[269.316732656][$17.28]DONE
[289] HITTING ... 
	Go to home page
	Reach STEP 1
	Reach STEP 2
	Ooops seem email correct
	Reach STEP 3
	Recalculated Price
	[165.831639499][$13.96]DONE
[290] HITTING ... 
	Go to home page
	Reach STEP 1
	Reach STEP 2
	Ooops seem email correct
	Reach STEP 3
	Recalculated Price
	[145.212735317][$12.30]DONE
[291] HITTING ... 
	Go to home page
	Reach STEP 1
	Reach STEP 2
	Ooops seem email correct
	Reach STEP 3
	Recalculated Price
	[145.923190593][$18.78]DONE
[292] HITTING ... 
	Go to home page
	Reach STEP 1
	Reach STEP 2
	Ooops seem email correct
	Reach STEP 3
	Recalculated Price
	[163.04831045][$18.98]DONE
[293] HITTING ... 
	Go to home page
	Reach STEP 1
	Reach STEP 2
	Ooops seem email correct
	Reach STEP 3
	Recalculated Price
	[163.434510906][$14.24]DONE
[294] HITTING ... 
	change invalid email[alexandra.guerrero@aol.com] to default one
	Go to home page
	Reach STEP 1
	Reach STEP 2
	[294][129.362182977] MISSED: ["Renters", "95020", "Vivian", "Williams", "03/08/1940", "f", "500 Ioof Ave", "Gilroy", "CA", "N", "RENTED HOUSE - SINGLE FAMILY", "5+", "0", nil, "0", "(415) 345-4400", "alexandra.guerrero@aol.com", "N", "N", "N", "N", "Y", "N", "NONE", "N", "N", "Keep default.", "32000", "Keep default", "1000", "100000", "N", "500"]
	unable to locate element, using {:id=>"errordiv", :tag_name=>"div"}
[295] HITTING ... 
	change invalid email[adrian.gilbert@outlook.com] to default one
	Go to home page
	Reach STEP 1
	Reach STEP 2
	Ooops seem email correct
	Fail to find 'Continue' button on step 3 of quote page
	Reach STEP 3
	[295][147.412102168] MISSED: ["Renters", "95126", "Evelyn", "Duncan", "02/04/1961", "m", "850 Meridian Way", "San Jose", "CA", "N", "RENTED HOUSE - SINGLE FAMILY", "5+", "0", nil, "0", "(707) 778-1221", "adrian.gilbert@outlook.com", "N", "N", "N", "N", "Y", "N", "NONE", "N", "N", "Keep default.", "32000", "Keep default", "1000", "100000", "N", "750"]
	unknown error: Cannot set property 'onblur' of null
  (Session info: chrome=45.0.2454.99)
  (Driver info: chromedriver=2.18.343837 (52eb4041461e46a6b73308ebb19e85787ced4281),platform=Linux 3.13.0-48-generic x86_64)
[296] HITTING ... 
	Go to home page
	Reach STEP 1
	Reach STEP 2
	Ooops seem email correct
	Fail to find 'Continue' button on step 3 of quote page
	Reach STEP 3
	[296][130.980249876] MISSED: ["Renters", "94085", "Savannah", "Holt", "03/03/1967", "m", "355 N Wolfe Rd", "Sunnyvale", "CA", "N", "RENTED HOUSE - SINGLE FAMILY", "5+", "0", nil, "0", "(408) 496-6300", "elias.cain@outlook.com", "N", "N", "N", "N", "Y", "N", "NONE", "N", "N", "Keep default.", "32000", "Keep default", "1000", "100000", "N", "1000"]
	unknown error: Cannot set property 'onblur' of null
  (Session info: chrome=45.0.2454.99)
  (Driver info: chromedriver=2.18.343837 (52eb4041461e46a6b73308ebb19e85787ced4281),platform=Linux 3.13.0-48-generic x86_64)
[297] HITTING ... 
	Go to home page
	Reach STEP 1
	Reach STEP 2
	Ooops seem email correct
	Fail to find 'Continue' button on step 3 of quote page
	Reach STEP 3
	[297][131.254131384] MISSED: ["Renters", "95126", "Paige", "Obrien", "11/18/1970", "m", "850 Meridian Way", "San Jose", "CA", "N", "RENTED HOUSE - SINGLE FAMILY", "5+", "0", nil, "0", "(415) 230-1996", "scarlett.richard@gmail.com", "N", "N", "N", "N", "Y", "N", "NONE", "N", "N", "Keep default.", "32000", "Keep default", "1000", "100000", "N", "1500"]
	unknown error: Cannot set property 'onblur' of null
  (Session info: chrome=45.0.2454.99)
  (Driver info: chromedriver=2.18.343837 (52eb4041461e46a6b73308ebb19e85787ced4281),platform=Linux 3.13.0-48-generic x86_64)
[298] HITTING ... 
	Go to home page
	Reach STEP 1
	Reach STEP 2
	Ooops seem email correct
	Fail to find 'Continue' button on step 3 of quote page
	email[elias.cain@outlook.com] is invalid, use default email
	Reach STEP 3
	[298][139.863123241] MISSED: ["Renters", "95112", "Chase", "Gray", "05/06/1950", "f", "524 S 9th St", "San Jose", "CA", "N", "RENTED HOUSE - SINGLE FAMILY", "5+", "0", nil, "0", "(831) 240-0330", "elias.cain@outlook.com", "N", "N", "N", "N", "Y", "N", "NONE", "N", "N", "Keep default.", "32000", "Keep default", "1000", "100000", "N", "2500"]
	unknown error: Cannot set property 'onblur' of null
  (Session info: chrome=45.0.2454.99)
  (Driver info: chromedriver=2.18.343837 (52eb4041461e46a6b73308ebb19e85787ced4281),platform=Linux 3.13.0-48-generic x86_64)
[299] HITTING ... 
	Go to home page
	Reach STEP 1
	Reach STEP 2
	Ooops seem email correct
	Reach STEP 3
	Recalculated Price
	Can not find agent name
	[182.538582255][$10.83]DONE
[300] HITTING ... 
	Go to home page
	Reach STEP 1
	Reach STEP 2
	Ooops seem email correct
	Reach STEP 3
	Recalculated Price
	Can not find agent name
	[178.826740537][$21.86]DONE
[301] HITTING ... 
	change invalid email[ian.schwartz@aol.com] to default one
	Go to home page
	Reach STEP 1
	Reach STEP 2
	Ooops seem email correct
	Reach STEP 3
	Recalculated Price
	Can not find agent name
	[170.749545769][$36.18]DONE
[302] HITTING ... 
	change invalid email[ian.schwartz@aol.com] to default one
	Go to home page
	Reach STEP 1
	Reach STEP 2
	Ooops seem email correct
	Reach STEP 3
	Recalculated Price
	Can not find agent name
	[184.503819209][$18.20]DONE
[303] HITTING ... 
	Go to home page
	Reach STEP 1
	Reach STEP 2
	Ooops seem email correct
	Reach STEP 3
	Recalculated Price
	Fail to find 'Recalculated' button on step 3 of quote page
	[303][165.218257331] MISSED: ["Renters", "95037", "Joseph", "Rogers", "02/04/1961", "m", "15400 Vineyard Blvd", "Morgan Hill", "CA", "N", "RENTED HOUSE - SINGLE FAMILY", "5+", "0", nil, "0", "(415) 495-4119", "william.palmer@gmail.com", "N", "N", "N", "N", "Y", "N", "NONE", "N", "N", "Keep default.", "32000", "Keep default", "1000", "300000", "N", "500"]
	fail to find buy button
[304] HITTING ... 
	Go to home page
	Reach STEP 1
	Reach STEP 2
	Ooops seem email correct
	Reach STEP 3
	Recalculated Price
	Can not find agent name
	[186.548283881][$19.48]DONE
[305] HITTING ... 
	Go to home page
	Reach STEP 1
	Reach STEP 2
	Ooops seem email correct
	Reach STEP 3
	Recalculated Price
	Can not find agent name
	[205.637423102][$14.90]DONE
[306] HITTING ... 
	Go to home page
	Reach STEP 1
	Reach STEP 2
	Ooops seem email correct
	Reach STEP 3
	Recalculated Price
	Can not find agent name
	[181.087724865][$15.74]DONE
[307] HITTING ... 
	change invalid email[lilly.hayes@aol.com] to default one
	Go to home page
	Reach STEP 1
	Reach STEP 2
	Ooops seem email correct
	Reach STEP 3
	Recalculated Price
	Can not find agent name
	[173.232387165][$12.52]DONE
[308] HITTING ... 
	Go to home page
	Reach STEP 1
	Reach STEP 2
	Ooops seem email correct
	Reach STEP 3
	Recalculated Price
	Can not find agent name
	[188.942223544][$12.10]DONE
[309] HITTING ... 
	Go to home page
	Reach STEP 1
	Reach STEP 2
	Ooops seem email correct
	Reach STEP 3
	Recalculated Price
	Can not find agent name
	[193.917032628][$23.52]DONE
[310] HITTING ... 
	change invalid email[alexandra.guerrero@aol.com] to default one
	Go to home page
	Reach STEP 1
	Reach STEP 2
	Ooops seem email correct
	Reach STEP 3
	Recalculated Price
	Can not find agent name
	[200.788415309][$22.73]DONE
[311] HITTING ... 
	Go to home page
	Reach STEP 1
	Reach STEP 2
	Ooops seem email correct
	Reach STEP 3
	Recalculated Price
	Can not find agent name
	[178.032578395][$19.57]DONE
[312] HITTING ... 
	Go to home page
	Reach STEP 1
	Reach STEP 2
	Ooops seem email correct
	Reach STEP 3
	Recalculated Price
	[150.493958938][$16.85]DONE
[313] HITTING ... 
	change invalid email[alexandra.guerrero@aol.com] to default one
	Go to home page
	Reach STEP 1
	Reach STEP 2
	Ooops seem email correct
	Reach STEP 3
	Recalculated Price
	[161.389977152][$16.67]DONE
[314] HITTING ... 
	Go to home page
	Reach STEP 1
	Reach STEP 2
	Ooops seem email correct
	Reach STEP 3
	Recalculated Price
	[164.184224216][$18.25]DONE
[315] HITTING ... 
	change invalid email[adrian.gilbert@outlook.com] to default one
	Go to home page
	Reach STEP 1
	Reach STEP 2
	Ooops seem email correct
	Reach STEP 3
	Recalculated Price
	[149.163021514][$14.43]DONE
[316] HITTING ... 
	change invalid email[adrian.gilbert@outlook.com] to default one
	Go to home page
	Reach STEP 1
	Reach STEP 2
	Ooops seem email correct
	Reach STEP 3
	Recalculated Price
	[151.532901655][$14.19]DONE
[317] HITTING ... 
	Go to home page
	Reach STEP 1
	Reach STEP 2
	Ooops seem email correct
	Reach STEP 3
	Recalculated Price
	[142.117341446][$12.01]DONE
[318] HITTING ... 
	Go to home page
	Reach STEP 1
	Reach STEP 2
	Ooops seem email correct
	Reach STEP 3
	Recalculated Price
	[138.144913344][$25.54]DONE
[319] HITTING ... 
	change invalid email[adrian.gilbert@outlook.com] to default one
	Go to home page
	Reach STEP 1
	Reach STEP 2
	Ooops seem email correct
	Reach STEP 3
	Recalculated Price
	[160.586840285][$19.23]DONE
[320] HITTING ... 
	Go to home page
	Reach STEP 1
	Reach STEP 2
	Ooops seem email correct
	Reach STEP 3
	Recalculated Price
	[154.161955573][$20.48]DONE
[321] HITTING ... 
	change invalid email[ian.schwartz@aol.com] to default one
	Go to home page
	Reach STEP 1
	Reach STEP 2
	Ooops seem email correct
	Reach STEP 3
	Recalculated Price
	[166.820315631][$13.35]DONE
[322] HITTING ... 
	Go to home page
	Reach STEP 1
	Reach STEP 2
	Ooops seem email correct
	Reach STEP 3
	Recalculated Price
	[146.938293281][$12.49]DONE
[323] HITTING ... 
	Go to home page
	Reach STEP 1
	Reach STEP 2
	Ooops seem email correct
	Reach STEP 3
	Recalculated Price
	[158.595984508][$13.06]DONE
[324] HITTING ... 
	Go to home page
	Reach STEP 1
	Reach STEP 2
	Ooops seem email correct
	Reach STEP 3
	Recalculated Price
	[144.937172193][$12.11]DONE
[325] HITTING ... 
	Go to home page
	Reach STEP 1
	Reach STEP 2
	Ooops seem email correct
	Reach STEP 3
	Recalculated Price
	[150.078336196][$10.83]DONE
[326] HITTING ... 
	Go to home page
	Reach STEP 1
	Reach STEP 2
	Ooops seem email correct
	Reach STEP 3
	Recalculated Price
	[147.204378294][$10.83]DONE
[327] HITTING ... 
	Go to home page
	Reach STEP 1
	Reach STEP 2
	Ooops seem email correct
	Reach STEP 3
	Recalculated Price
	[164.593209146][$27.62]DONE
[328] HITTING ... 
	change invalid email[ian.schwartz@aol.com] to default one
	Go to home page
	Reach STEP 1
	Reach STEP 2
	Ooops seem email correct
	Reach STEP 3
	Recalculated Price
	[146.27651519][$21.32]DONE
[329] HITTING ... 
	Go to home page
	Reach STEP 1
	Reach STEP 2
	Ooops seem email correct
	Reach STEP 3
	Recalculated Price
	[148.522141963][$16.57]DONE
[330] HITTING ... 
	Go to home page
	Reach STEP 1
	Reach STEP 2
	Ooops seem email correct
	Reach STEP 3
	Recalculated Price
	[144.986854271][$17.98]DONE
[331] HITTING ... 
	Go to home page
	Reach STEP 1
	Reach STEP 2
	Ooops seem email correct
	Reach STEP 3
	Recalculated Price
	[168.832674472][$15.26]DONE
[332] HITTING ... 
	change invalid email[adrian.gilbert@outlook.com] to default one
	Go to home page
	Reach STEP 1
	Reach STEP 2
	Ooops seem email correct
	Reach STEP 3
	Recalculated Price
	[158.524964724][$15.15]DONE
[333] HITTING ... 
	Go to home page
	Reach STEP 1
	Reach STEP 2
	Ooops seem email correct
	Reach STEP 3
	Recalculated Price
	[168.684369383][$13.60]DONE
[334] HITTING ... 
	change invalid email[alexandra.guerrero@aol.com] to default one
	Go to home page
	Reach STEP 1
	Reach STEP 2
	Ooops seem email correct
	Reach STEP 3
	Recalculated Price
	[155.122974312][$12.77]DONE
[335] HITTING ... 
	Go to home page
	Reach STEP 1
	Reach STEP 2
	Ooops seem email correct
	Reach STEP 3
	Recalculated Price
	[151.59360411][$11.03]DONE
[336] HITTING ... 
	Go to home page
	Reach STEP 1
	Reach STEP 2
	Ooops seem email correct
	Reach STEP 3
	Recalculated Price
	[160.259621853][$29.29]DONE
[337] HITTING ... 
	Go to home page
	Reach STEP 1
	Reach STEP 2
	Ooops seem email correct
	Reach STEP 3
	Recalculated Price
	[163.620712963][$22.98]DONE
[338] HITTING ... 
	Go to home page
	Reach STEP 1
	Reach STEP 2
	Ooops seem email correct
	Reach STEP 3
	Recalculated Price
	[165.581291943][$18.24]DONE
[339] HITTING ... 
	Go to home page
	Reach STEP 1
	Reach STEP 2
	Ooops seem email correct
	Reach STEP 3
	Recalculated Price
	[164.696137408][$18.55]DONE
[340] HITTING ... 
	Go to home page
	Reach STEP 1
	Reach STEP 2
	Ooops seem email correct
	Reach STEP 3
	Recalculated Price
	[143.835352583][$16.92]DONE
[341] HITTING ... 
	Go to home page
	Reach STEP 1
	Reach STEP 2
	Ooops seem email correct
	Reach STEP 3
	Recalculated Price
	[144.857046066][$15.53]DONE
[342] HITTING ... 
	Go to home page
	Reach STEP 1
	Reach STEP 2
	Ooops seem email correct
	Reach STEP 3
	Recalculated Price
	[184.119626217][$15.27]DONE
[343] HITTING ... 
	Go to home page
	Reach STEP 1
	Reach STEP 2
	Ooops seem email correct
	Reach STEP 3
	Recalculated Price
	[163.963917374][$13.40]DONE
[344] HITTING ... 
skip to offset 343
[344] HITTING ... 
	Go to home page
	Reach STEP 1
	Reach STEP 2
	[344][41.392063717] MISSED: ["Renters", "95008", "Zoe", "Hoover", "07/31/1966", "m", "1630 W Campbell Ave", "Campbell", "CA", "N", "RENTED HOUSE - SINGLE FAMILY", "5+", "0", nil, "0", "(877) 396-9296", "adrian.gilbert@outlook.com", "N", "N", "N", "N", "Y", "N", "NONE", "N", "N", "Keep default.", "32000", "Keep default", "2000", "500000", "N", "5000"]
	unable to locate element, using {:id=>"errordiv", :tag_name=>"div"}
[345] HITTING ... 
	Go to home page
	Reach STEP 1
	Reach STEP 2
	Ooops seem email correct
	Reach STEP 3
	Recalculated Price
	[89.54000222][$18.42]DONE
[346] HITTING ... 
	Go to home page
	Reach STEP 1
	Reach STEP 2
	Ooops seem email correct
	Reach STEP 3
	Recalculated Price
	[100.257738454][$17.68]DONE
[347] HITTING ... 
	Go to home page
	Reach STEP 1
	Reach STEP 2
	Ooops seem email correct
	Reach STEP 3
	Recalculated Price
	[85.08226966][$15.55]DONE
[348] HITTING ... 
	Go to home page
	Reach STEP 1
	Reach STEP 2
	Reach STEP 3
	Recalculated Price
	[84.046827053][$14.31]DONE
[349] HITTING ... 
	Go to home page
	Reach STEP 1
	Reach STEP 2
	[349][49.186214124] MISSED: ["Renters", "94086", "Fiona", "Bates", "07/31/1966", "m", "355 E Evelyn Ave", "Sunnyvale", "CA", "N", "RENTED HOUSE - SINGLE FAMILY", "5+", "0", nil, "0", "(855) 365-1913", "ian.schwartz@aol.com", "N", "N", "N", "N", "Y", "N", "NONE", "N", "N", "Keep default.", "35000", "Keep default", "1000", "100000", "N", "750"]
	unable to locate element, using {:id=>"errordiv", :tag_name=>"div"}
[350] HITTING ... 
	Go to home page
	Reach STEP 1
	Reach STEP 2
	Ooops seem email correct
	Reach STEP 3
	dont need to recalculate price
	[100.646756208][$11.93]DONE
[351] HITTING ... 
	Go to home page
	Reach STEP 1
	Reach STEP 2
	Ooops seem email correct
	Reach STEP 3
	Recalculated Price
	[104.049278233][$11.66]DONE
[352] HITTING ... 
	Go to home page
	Reach STEP 1
	Reach STEP 2
	Reach STEP 3
	Recalculated Price
	[103.776277587][$12.42]DONE
[353] HITTING ... 
	change invalid email[adrian.gilbert@outlook.com] to default one
	Go to home page
	Reach STEP 1
	Reach STEP 2
	Ooops seem email correct
	Reach STEP 3
	Recalculated Price
	[112.537680366][$10.83]DONE
[354] HITTING ... 
	change invalid email[lilly.hayes@aol.com] to default one
	Go to home page
	Reach STEP 1
	Reach STEP 2
	Ooops seem email correct
	Reach STEP 3
	Recalculated Price
	[137.432865047][$22.55]DONE
[355] HITTING ... 
	Go to home page
	Reach STEP 1
	Reach STEP 2
	Ooops seem email correct
	Reach STEP 3
	Recalculated Price
	[156.93978278][$24.66]DONE
[356] HITTING ... 
	Go to home page
	Reach STEP 1
	Reach STEP 2
	Ooops seem email correct
	Reach STEP 3
	Recalculated Price
	[160.041184679][$18.75]DONE
[357] HITTING ... 
	change invalid email[adrian.gilbert@outlook.com] to default one
	Go to home page
	Reach STEP 1
	Reach STEP 2
	Ooops seem email correct
	Reach STEP 3
	Recalculated Price
	[151.353978816][$19.78]DONE
[358] HITTING ... 
	change invalid email[lilly.hayes@aol.com] to default one
	Go to home page
	Reach STEP 1
	Reach STEP 2
	Ooops seem email correct
	Reach STEP 3
	Recalculated Price
	[140.936153533][$20.06]DONE
[359] HITTING ... 
	change invalid email[adrian.gilbert@outlook.com] to default one
	Go to home page
	Reach STEP 1
	Reach STEP 2
	Ooops seem email correct
	Reach STEP 3
	Recalculated Price
	[140.850989598][$18.17]DONE
[360] HITTING ... 
	Go to home page
	Reach STEP 1
	Reach STEP 2
	Ooops seem email correct
	Reach STEP 3
	Recalculated Price
	[167.763664166][$13.75]DONE
[361] HITTING ... 
	Go to home page
	Reach STEP 1
	Reach STEP 2
	Reach STEP 3
	Recalculated Price
	[167.595944801][$12.35]DONE
[362] HITTING ... 
	Go to home page
	Reach STEP 1
	Reach STEP 2
	Ooops seem email correct
	Reach STEP 3
	Recalculated Price
	[171.720489276][$11.25]DONE
[363] HITTING ... 
	change invalid email[lilly.hayes@aol.com] to default one
	Go to home page
	Reach STEP 1
	Reach STEP 2
	Ooops seem email correct
	Reach STEP 3
	Recalculated Price
	[159.825446627][$22.17]DONE
[364] HITTING ... 
	Go to home page
	Reach STEP 1
	Reach STEP 2
	Ooops seem email correct
	Reach STEP 3
	Recalculated Price
	[138.769475483][$21.82]DONE
[365] HITTING ... 
	Go to home page
	Reach STEP 1
	Reach STEP 2
	Ooops seem email correct
	Reach STEP 3
	Recalculated Price
	[143.329349024][$23.61]DONE
[366] HITTING ... 
	Go to home page
	Reach STEP 1
	Reach STEP 2
	Reach STEP 3
	Recalculated Price
	[157.599260255][$22.98]DONE
[367] HITTING ... 
	Go to home page
	Reach STEP 1
	Reach STEP 2
	Ooops seem email correct
	Reach STEP 3
	Recalculated Price
	[158.120043508][$17.83]DONE
[368] HITTING ... 
	Go to home page
	Reach STEP 1
	Reach STEP 2
	Ooops seem email correct
	Reach STEP 3
	Recalculated Price
	[161.165425548][$15.68]DONE
[369] HITTING ... 
	Go to home page
	Reach STEP 1
	Reach STEP 2
	Ooops seem email correct
	Reach STEP 3
	Recalculated Price
	[152.550285757][$14.80]DONE
[370] HITTING ... 
	Go to home page
	Reach STEP 1
	Reach STEP 2
	Ooops seem email correct
	Reach STEP 3
	Recalculated Price
	[144.575283445][$23.16]DONE
[371] HITTING ... 
	change invalid email[alexandra.guerrero@aol.com] to default one
	Go to home page
	Reach STEP 1
	Reach STEP 2
	Ooops seem email correct
	Reach STEP 3
	Recalculated Price
	[140.169162194][$11.85]DONE
[372] HITTING ... 
	Go to home page
	Reach STEP 1
	Reach STEP 2
	Ooops seem email correct
	Reach STEP 3
	Recalculated Price
	[156.519528734][$21.08]DONE
[373] HITTING ... 
	Go to home page
	Reach STEP 1
	Reach STEP 2
	Ooops seem email correct
	Reach STEP 3
	Recalculated Price
	[157.137749674][$39.46]DONE
[374] HITTING ... 
	Go to home page
	Reach STEP 1
	Reach STEP 2
	Ooops seem email correct
	Reach STEP 3
	Recalculated Price
	[154.776681682][$14.98]DONE
[375] HITTING ... 
	Go to home page
	Reach STEP 1
	Reach STEP 2
	Ooops seem email correct
	Reach STEP 3
	Recalculated Price
	[153.885056169][$13.80]DONE
[376] HITTING ... 
	Go to home page
	Reach STEP 1
	Reach STEP 2
	Ooops seem email correct
	Reach STEP 3
	Recalculated Price
	[150.316385701][$13.62]DONE
[377] HITTING ... 
	Go to home page
	Reach STEP 1
	Reach STEP 2
	Ooops seem email correct
	Reach STEP 3
	Recalculated Price
	[151.574984491][$17.18]DONE
[378] HITTING ... 
	Go to home page
	Reach STEP 1
	Reach STEP 2
	Ooops seem email correct
	Reach STEP 3
	Recalculated Price
	[163.898494882][$14.14]DONE
[379] HITTING ... 
	Go to home page
	Reach STEP 1
	Reach STEP 2
	Ooops seem email correct
	Reach STEP 3
	Recalculated Price
	[169.811915967][$11.05]DONE
[380] HITTING ... 
	Go to home page
	Reach STEP 1
	Reach STEP 2
	Ooops seem email correct
	Reach STEP 3
	Recalculated Price
	[167.397940875][$10.83]DONE
[381] HITTING ... 
	Go to home page
	Reach STEP 1
	Reach STEP 2
	Ooops seem email correct
	Reach STEP 3
	Recalculated Price
	[153.665992944][$20.75]DONE
[382] HITTING ... 
	Go to home page
	Reach STEP 1
	Reach STEP 2
	Ooops seem email correct
	Reach STEP 3
	Recalculated Price
	[144.399740457][$20.01]DONE
[383] HITTING ... 
	Go to home page
	Reach STEP 1
	Reach STEP 2
	Ooops seem email correct
	Reach STEP 3
	Recalculated Price
	[149.334343272][$17.07]DONE
[384] HITTING ... 
	Go to home page
	Reach STEP 1
	Reach STEP 2
	Ooops seem email correct
	Reach STEP 3
	Recalculated Price
	[153.897406968][$19.64]DONE
[385] HITTING ... 
	Go to home page
	Reach STEP 1
	Reach STEP 2
	Ooops seem email correct
	Reach STEP 3
	Recalculated Price
	[157.632808842][$15.00]DONE
[386] HITTING ... 
	Go to home page
	Reach STEP 1
	Reach STEP 2
	Ooops seem email correct
	Reach STEP 3
	Recalculated Price
	[171.825773869][$14.27]DONE
[387] HITTING ... 
	Go to home page
	Reach STEP 1
	Reach STEP 2
	Ooops seem email correct
	Reach STEP 3
	Recalculated Price
	[153.130614646][$14.61]DONE
[388] HITTING ... 
	change invalid email[lilly.hayes@aol.com] to default one
	Go to home page
	Reach STEP 1
	Reach STEP 2
	Ooops seem email correct
	Reach STEP 3
	Recalculated Price
	[146.110340858][$13.14]DONE
[389] HITTING ... 
	change invalid email[ian.schwartz@aol.com] to default one
	Go to home page
	Reach STEP 1
	Reach STEP 2
	Ooops seem email correct
	Reach STEP 3
	Recalculated Price
	[158.543991542][$10.83]DONE
[390] HITTING ... 
	Go to home page
	Reach STEP 1
	Reach STEP 2
	Ooops seem email correct
	Reach STEP 3
	Recalculated Price
	[174.02145035][$22.83]DONE
[391] HITTING ... 
	Go to home page
	Reach STEP 1
	Reach STEP 2
	Ooops seem email correct
	Reach STEP 3
	Recalculated Price
	[157.971033055][$24.00]DONE
[392] HITTING ... 
	change invalid email[adrian.gilbert@outlook.com] to default one
	Go to home page
	Reach STEP 1
	Reach STEP 2
	Ooops seem email correct
	Reach STEP 3
	Recalculated Price
	Fail to find 'Recalculated' button on step 3 of quote page
	[392][169.305634829] MISSED: ["Renters", "95126", "Bennett", "Powell", "03/08/1940", "m", "2050 Southwest Expy 126", "San Jose", "CA", "N", "RENTED HOUSE - SINGLE FAMILY", "5+", "0", nil, "0", "(510) 886-1055", "adrian.gilbert@outlook.com", "N", "N", "N", "N", "Y", "N", "NONE", "N", "N", "Keep default.", "35000", "Keep default", "2000", "500000", "N", "250"]
	fail to find buy button
[393] HITTING ... 
	change invalid email[alexandra.guerrero@aol.com] to default one
	Go to home page
	Reach STEP 1
	Reach STEP 2
	Ooops seem email correct
	Reach STEP 3
	Recalculated Price
	[143.446435256][$19.06]DONE
[394] HITTING ... 
	change invalid email[adrian.gilbert@outlook.com] to default one
	Go to home page
	Reach STEP 1
	Reach STEP 2
	Ooops seem email correct
	Reach STEP 3
	Recalculated Price
	[144.471985078][$29.86]DONE
[395] HITTING ... 
	change invalid email[adrian.gilbert@outlook.com] to default one
	Go to home page
	Reach STEP 1
	Reach STEP 2
	Ooops seem email correct
	Reach STEP 3
	Recalculated Price
	[167.592619104][$16.20]DONE
[396] HITTING ... 
	Go to home page
	Reach STEP 1
	Reach STEP 2
	Ooops seem email correct
	Reach STEP 3
	Recalculated Price
	[167.441968354][$15.66]DONE
[397] HITTING ... 
	Go to home page
	Reach STEP 1
	Reach STEP 2
	Ooops seem email correct
	Reach STEP 3
	Recalculated Price
	[166.095412949][$13.72]DONE
[398] HITTING ... 
	Go to home page
	Reach STEP 1
	Reach STEP 2
	Ooops seem email correct
	Reach STEP 3
	Recalculated Price
	[157.951265986][$14.35]DONE
[399] HITTING ... 
	Go to home page
	Reach STEP 1
	Reach STEP 2
	Ooops seem email correct
	Reach STEP 3
	Recalculated Price
	[141.853628752][$19.45]DONE
[400] HITTING ... 
	change invalid email[ian.schwartz@aol.com] to default one
	Go to home page
	Reach STEP 1
	Reach STEP 2
	Ooops seem email correct
	Reach STEP 3
	Recalculated Price
	[151.589319905][$20.75]DONE
[401] HITTING ... 
	change invalid email[adrian.gilbert@outlook.com] to default one
	Go to home page
	Reach STEP 1
	Reach STEP 2
	Ooops seem email correct
	Reach STEP 3
	Recalculated Price
	[165.409586827][$22.01]DONE
[402] HITTING ... 
	Go to home page
	Reach STEP 1
	Reach STEP 2
	Ooops seem email correct
	Reach STEP 3
	Recalculated Price
	[158.074586195][$14.32]DONE
[403] HITTING ... 
	Go to home page
	Reach STEP 1
	Reach STEP 2
	Ooops seem email correct
	Reach STEP 3
	Recalculated Price
	[152.751316992][$13.68]DONE
[404] HITTING ... 
	change invalid email[adrian.gilbert@outlook.com] to default one
	Go to home page
	Reach STEP 1
	Reach STEP 2
	Ooops seem email correct
	Reach STEP 3
	dont need to recalculate price
	[155.342256689][$17.83]DONE
[405] HITTING ... 
	Go to home page
	Reach STEP 1
	Reach STEP 2
	Ooops seem email correct
	Reach STEP 3
	Recalculated Price
	[134.705096766][$12.97]DONE
[406] HITTING ... 
	change invalid email[adrian.gilbert@outlook.com] to default one
	Go to home page
	Reach STEP 1
	Reach STEP 2
	Ooops seem email correct
	Reach STEP 3
	Recalculated Price
	[142.50251333][$10.83]DONE
[407] HITTING ... 
	Go to home page
	Reach STEP 1
	Reach STEP 2
	Ooops seem email correct
	Reach STEP 3
	Recalculated Price
	[150.51951988][$18.95]DONE
[408] HITTING ... 
	Go to home page
	Reach STEP 1
	Reach STEP 2
	Ooops seem email correct
	Reach STEP 3
	Recalculated Price
	[156.9746937][$21.53]DONE
[409] HITTING ... 
	change invalid email[alexandra.guerrero@aol.com] to default one
	Go to home page
	Reach STEP 1
	Reach STEP 2
	Ooops seem email correct
	Reach STEP 3
	Recalculated Price
	[152.739313937][$22.83]DONE
[410] HITTING ... 
	change invalid email[adrian.gilbert@outlook.com] to default one
	Go to home page
	Reach STEP 1
	Reach STEP 2
	Ooops seem email correct
	Reach STEP 3
	Recalculated Price
	[140.948873822][$19.37]DONE
[411] HITTING ... 
	change invalid email[alexandra.guerrero@aol.com] to default one
	Go to home page
	Reach STEP 1
	Reach STEP 2
	Ooops seem email correct
	Reach STEP 3
	Recalculated Price
	[141.095115126][$21.32]DONE
[412] HITTING ... 
	change invalid email[alexandra.guerrero@aol.com] to default one
	Go to home page
	Reach STEP 1
	Reach STEP 2
	Ooops seem email correct
	Reach STEP 3
	Recalculated Price
	[149.782128727][$15.47]DONE
[413] HITTING ... 
	Go to home page
	Reach STEP 1
	Reach STEP 2
	Ooops seem email correct
	Reach STEP 3
	Recalculated Price
	[149.41195813][$18.13]DONE
[414] HITTING ... 
	change invalid email[adrian.gilbert@outlook.com] to default one
	Go to home page
	Reach STEP 1
	Reach STEP 2
	Ooops seem email correct
	Reach STEP 3
	Recalculated Price
	[156.157330882][$15.05]DONE
[415] HITTING ... 
	change invalid email[lilly.hayes@aol.com] to default one
	Go to home page
	Reach STEP 1
	Reach STEP 2
	Ooops seem email correct
	Reach STEP 3
	Recalculated Price
	[150.692704665][$14.99]DONE
[416] HITTING ... 
	Go to home page
	Reach STEP 1
	Reach STEP 2
	Ooops seem email correct
	Reach STEP 3
	Recalculated Price
	[158.969894256][$12.98]DONE
[417] HITTING ... 
	Go to home page
	Reach STEP 1
	Reach STEP 2
	Ooops seem email correct
	Reach STEP 3
	Recalculated Price
	[136.351781986][$23.63]DONE
[418] HITTING ... 
	Go to home page
	Reach STEP 1
	Reach STEP 2
	Ooops seem email correct
	Reach STEP 3
	Recalculated Price
	[146.451185981][$27.52]DONE
[419] HITTING ... 
	Go to home page
	Reach STEP 1
	Reach STEP 2
	Ooops seem email correct
	Reach STEP 3
	Recalculated Price
	[151.846163784][$25.76]DONE
[420] HITTING ... 
	change invalid email[adrian.gilbert@outlook.com] to default one
	Go to home page
	Reach STEP 1
	Reach STEP 2
	Ooops seem email correct
	Reach STEP 3
	Recalculated Price
	[153.135568385][$18.07]DONE
[421] HITTING ... 
	change invalid email[adrian.gilbert@outlook.com] to default one
	Go to home page
	Reach STEP 1
	Reach STEP 2
	Ooops seem email correct
	Reach STEP 3
	Recalculated Price
	[153.064142937][$17.43]DONE
[422] HITTING ... 
	Go to home page
	Reach STEP 1
	Reach STEP 2
	Ooops seem email correct
	Reach STEP 3
	Recalculated Price
	[140.903699708][$16.35]DONE
[423] HITTING ... 
	change invalid email[ian.schwartz@aol.com] to default one
	Go to home page
	Reach STEP 1
	Reach STEP 2
	Ooops seem email correct
	Reach STEP 3
	Recalculated Price
	[137.116326549][$15.42]DONE
[424] HITTING ... 
	change invalid email[alexandra.guerrero@aol.com] to default one
	Go to home page
	Reach STEP 1
	Reach STEP 2
	Ooops seem email correct
	Reach STEP 3
	Recalculated Price
	[144.789309183][$14.02]DONE
[425] HITTING ... 
	Go to home page
	Reach STEP 1
	Reach STEP 2
	Ooops seem email correct
	Reach STEP 3
	Recalculated Price
	[158.38701681][$13.26]DONE
[426] HITTING ... 
	Go to home page
	Reach STEP 1
	Reach STEP 2
	Ooops seem email correct
	Reach STEP 3
	Recalculated Price
	[159.500925754][$26.39]DONE
[427] HITTING ... 
	change invalid email[lilly.hayes@aol.com] to default one
	Go to home page
	Reach STEP 1
	Reach STEP 2
	Ooops seem email correct
	Reach STEP 3
	Recalculated Price
	[157.131933544][$26.66]DONE
[428] HITTING ... 
	Go to home page
	Reach STEP 1
	Reach STEP 2
	Ooops seem email correct
	Reach STEP 3
	Recalculated Price
	[155.760717822][$17.54]DONE
[429] HITTING ... 
	Go to home page
	Reach STEP 1
	Reach STEP 2
	Ooops seem email correct
	Reach STEP 3
	Recalculated Price
	[133.739357098][$18.24]DONE
[430] HITTING ... 
	Go to home page
	Reach STEP 1
	Reach STEP 2
	Ooops seem email correct
	Reach STEP 3
	Recalculated Price
	[141.099651539][$15.12]DONE
[431] HITTING ... 
	Go to home page
	Reach STEP 1
	Reach STEP 2
	Ooops seem email correct
	Reach STEP 3
	Recalculated Price
	[146.896206242][$18.08]DONE
[432] HITTING ... 
	Go to home page
	Reach STEP 1
	Reach STEP 2
	Ooops seem email correct
	Reach STEP 3
	Recalculated Price
	[152.874263755][$14.92]DONE
[433] HITTING ... 
	change invalid email[adrian.gilbert@outlook.com] to default one
	Go to home page
	Reach STEP 1
	Reach STEP 2
	Ooops seem email correct
	Reach STEP 3
	Recalculated Price
	[174.872760518][$21.17]DONE
[434] HITTING ... 
	change invalid email[adrian.gilbert@outlook.com] to default one
	Go to home page
	Reach STEP 1
	Reach STEP 2
	Ooops seem email correct
	Reach STEP 3
	Recalculated Price
	[151.216876747][$10.83]DONE
[435] HITTING ... 
	change invalid email[adrian.gilbert@outlook.com] to default one
	Go to home page
	Reach STEP 1
	Reach STEP 2
	Ooops seem email correct
	Reach STEP 3
	Recalculated Price
	[139.36403972][$26.78]DONE
[436] HITTING ... 
	change invalid email[ian.schwartz@aol.com] to default one
	Go to home page
	Reach STEP 1
	Reach STEP 2
	Ooops seem email correct
	Reach STEP 3
	Recalculated Price
	[150.634590789][$23.08]DONE
[437] HITTING ... 
	Go to home page
	Reach STEP 1
	Reach STEP 2
	Ooops seem email correct
	Reach STEP 3
	Recalculated Price
	[149.094565986][$17.89]DONE
[438] HITTING ... 
	Go to home page
	Reach STEP 1
	Reach STEP 2
	Ooops seem email correct
	Reach STEP 3
	Recalculated Price
	[164.171420916][$22.58]DONE
[439] HITTING ... 
	change invalid email[ian.schwartz@aol.com] to default one
	Go to home page
	Reach STEP 1
	Reach STEP 2
	Ooops seem email correct
	Reach STEP 3
	Recalculated Price
	[168.062753221][$21.26]DONE
[440] HITTING ... 
	Go to home page
	Reach STEP 1
	Reach STEP 2
	Ooops seem email correct
	Reach STEP 3
	Recalculated Price
	[149.599855734][$14.94]DONE
[441] HITTING ... 
	change invalid email[ian.schwartz@aol.com] to default one
	Go to home page
	Reach STEP 1
	Reach STEP 2
	Ooops seem email correct
	Reach STEP 3
	Recalculated Price
	[150.337814236][$14.00]DONE
[442] HITTING ... 
	Go to home page
	Reach STEP 1
	Reach STEP 2
	Ooops seem email correct
	Reach STEP 3
	Recalculated Price
	[153.343157301][$15.41]DONE
[443] HITTING ... 
	Go to home page
	Reach STEP 1
	Reach STEP 2
	Ooops seem email correct
	Reach STEP 3
	Recalculated Price
	[158.465186433][$10.89]DONE
[444] HITTING ... 
	Go to home page
	Reach STEP 1
	Reach STEP 2
	Ooops seem email correct
	Reach STEP 3
	Recalculated Price
	[153.422474288][$47.07]DONE
[445] HITTING ... 
	Go to home page
	Reach STEP 1
	Reach STEP 2
	Ooops seem email correct
	Reach STEP 3
	Recalculated Price
	[159.119466927][$24.75]DONE
[446] HITTING ... 
	change invalid email[lilly.hayes@aol.com] to default one
	Go to home page
	Reach STEP 1
	Reach STEP 2
	Ooops seem email correct
	Reach STEP 3
	Recalculated Price
	[143.729696297][$21.29]DONE
[447] HITTING ... 
	Go to home page
	Reach STEP 1
	Reach STEP 2
	Ooops seem email correct
	Reach STEP 3
	Recalculated Price
	[146.425675731][$18.32]DONE
[448] HITTING ... 
	change invalid email[adrian.gilbert@outlook.com] to default one
	Go to home page
	Reach STEP 1
	Reach STEP 2
	Ooops seem email correct
	Reach STEP 3
	Recalculated Price
	[161.617982298][$17.38]DONE
[449] HITTING ... 
	Go to home page
	Reach STEP 1
	Reach STEP 2
	Ooops seem email correct
	Reach STEP 3
	Recalculated Price
	[166.299472585][$31.91]DONE
[450] HITTING ... 
	Go to home page
	Reach STEP 1
	Reach STEP 2
	Ooops seem email correct
	Reach STEP 3
	Recalculated Price
	[156.489871253][$27.26]DONE
[451] HITTING ... 
	Go to home page
	Reach STEP 1
	Reach STEP 2
	Ooops seem email correct
	Reach STEP 3
	Recalculated Price
	[151.187028822][$18.53]DONE
[452] HITTING ... 
	Go to home page
	Reach STEP 1
	Reach STEP 2
	Ooops seem email correct
	Reach STEP 3
	Recalculated Price
	[143.11761979][$14.22]DONE
[453] HITTING ... 
	change invalid email[ian.schwartz@aol.com] to default one
	Go to home page
	Reach STEP 1
	Reach STEP 2
	Ooops seem email correct
	Reach STEP 3
	Recalculated Price
	[136.168882805][$26.90]DONE
[454] HITTING ... 
	Go to home page
	Reach STEP 1
	Reach STEP 2
	Ooops seem email correct
	Reach STEP 3
	Recalculated Price
	[178.999137527][$20.59]DONE
[455] HITTING ... 
	change invalid email[ian.schwartz@aol.com] to default one
	Go to home page
	Reach STEP 1
	Reach STEP 2
	Ooops seem email correct
	Reach STEP 3
	Recalculated Price
	[162.288751553][$19.07]DONE
[456] HITTING ... 
	change invalid email[ian.schwartz@aol.com] to default one
	Go to home page
	Reach STEP 1
	Reach STEP 2
	Ooops seem email correct
	Reach STEP 3
	Recalculated Price
	[170.848353049][$16.66]DONE
[457] HITTING ... 
	Go to home page
	Reach STEP 1
	Reach STEP 2
	Ooops seem email correct
	Reach STEP 3
	Recalculated Price
	[155.505224305][$14.76]DONE
[458] HITTING ... 
	Go to home page
	Reach STEP 1
	Reach STEP 2
	Ooops seem email correct
	Reach STEP 3
	dont need to recalculate price
	[167.744341159][$17.70]DONE
[459] HITTING ... 
	Go to home page
	Reach STEP 1
	Reach STEP 2
	Ooops seem email correct
	Reach STEP 3
	Recalculated Price
	[157.143869628][$14.30]DONE
[460] HITTING ... 
	change invalid email[adrian.gilbert@outlook.com] to default one
	Go to home page
	Reach STEP 1
	Reach STEP 2
	Ooops seem email correct
	Reach STEP 3
	Recalculated Price
	[159.241894712][$12.58]DONE
[461] HITTING ... 
	Go to home page
	Reach STEP 1
	Reach STEP 2
	Ooops seem email correct
	Reach STEP 3
	Recalculated Price
	[157.279417448][$20.87]DONE
[462] HITTING ... 
	Go to home page
	Reach STEP 1
	Reach STEP 2
	Ooops seem email correct
	Reach STEP 3
	Recalculated Price
	[152.263607058][$32.43]DONE
[463] HITTING ... 
	change invalid email[alexandra.guerrero@aol.com] to default one
	Go to home page
	Reach STEP 1
	Reach STEP 2
	Ooops seem email correct
	Reach STEP 3
	Recalculated Price
	[150.646084798][$22.68]DONE
[464] HITTING ... 
	Go to home page
	Reach STEP 1
	Reach STEP 2
	Ooops seem email correct
	Reach STEP 3
	Recalculated Price
	[140.397417411][$26.36]DONE
[465] HITTING ... 
	change invalid email[ian.schwartz@aol.com] to default one
	Go to home page
	Reach STEP 1
	Reach STEP 2
	Ooops seem email correct
	Reach STEP 3
	Recalculated Price
	[153.022573988][$22.19]DONE
[466] HITTING ... 
	Go to home page
	Reach STEP 1
	Reach STEP 2
	Ooops seem email correct
	Reach STEP 3
	Recalculated Price
	[151.674220622][$16.84]DONE
[467] HITTING ... 
	Go to home page
	Reach STEP 1
	Reach STEP 2
	Ooops seem email correct
	Reach STEP 3
	Recalculated Price
	[154.878468607][$17.53]DONE
[468] HITTING ... 
	Go to home page
	Reach STEP 1
	Reach STEP 2
	Ooops seem email correct
	Reach STEP 3
	Recalculated Price
	Fail to find 'Recalculated' button on step 3 of quote page
	[468][163.040008025] MISSED: ["Renters", "94043", "Hazel", "Rios", "11/18/1970", "f", "505 Central Ave", "Mountain View", "CA", "N", "RENTED HOUSE - SINGLE FAMILY", "5+", "0", nil, "0", "(877) 745-9314", "elias.cain@outlook.com", "N", "N", "N", "N", "Y", "N", "NONE", "N", "N", "Keep default.", "50000", "Keep default", "1000", "300000", "N", "1500"]
	fail to find buy button
[469] HITTING ... 
	Go to home page
	Reach STEP 1
	Reach STEP 2
	Ooops seem email correct
	Reach STEP 3
	Recalculated Price
	[148.874459366][$14.67]DONE
[470] HITTING ... 
	change invalid email[ian.schwartz@aol.com] to default one
	Go to home page
	Reach STEP 1
	Reach STEP 2
	Ooops seem email correct
	Reach STEP 3
	Recalculated Price
	[144.022113965][$12.05]DONE
[471] HITTING ... 
	change invalid email[alexandra.guerrero@aol.com] to default one
	Go to home page
	Reach STEP 1
	Reach STEP 2
	Ooops seem email correct
	Reach STEP 3
	Recalculated Price
	[159.551874538][$27.58]DONE
[472] HITTING ... 
	Go to home page
	Reach STEP 1
	Reach STEP 2
	Ooops seem email correct
	Reach STEP 3
	Recalculated Price
	[171.094770376][$25.49]DONE
[473] HITTING ... 
	Go to home page
	Reach STEP 1
	Reach STEP 2
	Ooops seem email correct
	Reach STEP 3
	Recalculated Price
	[158.604956728][$25.27]DONE
[474] HITTING ... 
	change invalid email[lilly.hayes@aol.com] to default one
	Go to home page
	Reach STEP 1
	Reach STEP 2
	Ooops seem email correct
	Reach STEP 3
	Recalculated Price
	[171.819254106][$21.29]DONE
[475] HITTING ... 
	change invalid email[alexandra.guerrero@aol.com] to default one
	Go to home page
	Reach STEP 1
	Reach STEP 2
	Ooops seem email correct
	Reach STEP 3
	Recalculated Price
	[142.072669326][$20.15]DONE
[476] HITTING ... 
	change invalid email[adrian.gilbert@outlook.com] to default one
	Go to home page
	Reach STEP 1
	Reach STEP 2
	Ooops seem email correct
	Reach STEP 3
	Recalculated Price
	[139.443445405][$19.19]DONE
[477] HITTING ... 
	Go to home page
	Reach STEP 1
	Reach STEP 2
	Ooops seem email correct
	Reach STEP 3
	Recalculated Price
	[174.55736331][$16.62]DONE
[478] HITTING ... 
	Go to home page
	Reach STEP 1
	Reach STEP 2
	Ooops seem email correct
	Reach STEP 3
	Recalculated Price
	[172.285126809][$16.33]DONE
[479] HITTING ... 
	Go to home page
	Reach STEP 1
	Reach STEP 2
	Ooops seem email correct
	Reach STEP 3
	Recalculated Price
	[163.123517205][$24.62]DONE
[480] HITTING ... 
	change invalid email[lilly.hayes@aol.com] to default one
	Go to home page
	Reach STEP 1
	Reach STEP 2
	Ooops seem email correct
	Reach STEP 3
	Recalculated Price
	[160.391331521][$43.89]DONE
[481] HITTING ... 
	Go to home page
	Reach STEP 1
	Reach STEP 2
	Ooops seem email correct
	Reach STEP 3
	Recalculated Price
	[144.43525117][$26.47]DONE
[482] HITTING ... 
	change invalid email[ian.schwartz@aol.com] to default one
	Go to home page
	Reach STEP 1
	Reach STEP 2
	Ooops seem email correct
	Reach STEP 3
	Recalculated Price
	[158.252678402][$22.10]DONE
[483] HITTING ... 
	change invalid email[adrian.gilbert@outlook.com] to default one
	Go to home page
	Reach STEP 1
	Reach STEP 2
	Ooops seem email correct
	Reach STEP 3
	Recalculated Price
	[167.163195553][$16.39]DONE
[484] HITTING ... 
	Go to home page
	Reach STEP 1
	Reach STEP 2
	Ooops seem email correct
	Reach STEP 3
	Recalculated Price
	[170.334178808][$16.65]DONE
[485] HITTING ... 
	change invalid email[lilly.hayes@aol.com] to default one
	Go to home page
	Reach STEP 1
	Reach STEP 2
	Ooops seem email correct
	Reach STEP 3
	Recalculated Price
	[147.496096852][$19.92]DONE
[486] HITTING ... 
	change invalid email[alexandra.guerrero@aol.com] to default one
	Go to home page
	Reach STEP 1
	Reach STEP 2
	Ooops seem email correct
	Reach STEP 3
	Recalculated Price
	[139.773138584][$13.12]DONE
[487] HITTING ... 
	change invalid email[adrian.gilbert@outlook.com] to default one
	Go to home page
	Reach STEP 1
	Reach STEP 2
	Ooops seem email correct
	Reach STEP 3
	Recalculated Price
	[142.438214622][$12.83]DONE
[488] HITTING ... 
	Go to home page
	Reach STEP 1
	Reach STEP 2
	Ooops seem email correct
	Reach STEP 3
	Recalculated Price
	[140.113192896][$10.83]DONE
[489] HITTING ... 
	Go to home page
	Reach STEP 1
	Reach STEP 2
	Ooops seem email correct
	Reach STEP 3
	Recalculated Price
	[159.462002384][$26.17]DONE
[490] HITTING ... 
	Go to home page
	Reach STEP 1
	Reach STEP 2
	Ooops seem email correct
	Reach STEP 3
	Recalculated Price
	[160.430212635][$25.21]DONE
[491] HITTING ... 
	Go to home page
	Reach STEP 1
	Reach STEP 2
	Ooops seem email correct
	Reach STEP 3
	Recalculated Price
	[166.658486059][$21.40]DONE
[492] HITTING ... 
	Go to home page
	Reach STEP 1
	Reach STEP 2
	Ooops seem email correct
	Reach STEP 3
	Recalculated Price
	[142.868102638][$19.00]DONE
[493] HITTING ... 
	change invalid email[ian.schwartz@aol.com] to default one
	Go to home page
	Reach STEP 1
	Reach STEP 2
	Ooops seem email correct
	Reach STEP 3
	Recalculated Price
	[148.402753367][$18.73]DONE
[494] HITTING ... 
	change invalid email[adrian.gilbert@outlook.com] to default one
	Go to home page
	Reach STEP 1
	Reach STEP 2
	Ooops seem email correct
	Reach STEP 3
	Recalculated Price
	[147.828294222][$16.54]DONE
[495] HITTING ... 
	Go to home page
	Reach STEP 1
	Reach STEP 2
	Ooops seem email correct
	Reach STEP 3
	Recalculated Price
	[151.456553091][$16.63]DONE
[496] HITTING ... 
	change invalid email[alexandra.guerrero@aol.com] to default one
	Go to home page
	Reach STEP 1
	Reach STEP 2
	Ooops seem email correct
	Reach STEP 3
	Recalculated Price
	[151.829635505][$14.29]DONE
[497] HITTING ... 
	Go to home page
	Reach STEP 1
	Reach STEP 2
	Ooops seem email correct
	Reach STEP 3
	Recalculated Price
	[154.316780808][$12.30]DONE
[498] HITTING ... 
	Go to home page
	Reach STEP 1
	Reach STEP 2
	Ooops seem email correct
	Reach STEP 3
	Recalculated Price
	[143.550822513][$34.35]DONE
[499] HITTING ... 
	Go to home page
	Reach STEP 1
	Reach STEP 2
	Ooops seem email correct
	Reach STEP 3
	Recalculated Price
	[142.067827681][$24.59]DONE
[500] HITTING ... 
	change invalid email[adrian.gilbert@outlook.com] to default one
	Go to home page
	Reach STEP 1
	Reach STEP 2
	Ooops seem email correct
	Reach STEP 3
	Recalculated Price
	[158.988157577][$21.16]DONE
