[1] HITTING ... 
	Go to home page
	Reach STEP 1
	Reach STEP 2
	Ooops seem email correct
	Reach STEP 3
	Recalculated Price
	[53.315383239][$16.70]DONE
[2] HITTING ... 
	Go to home page
	Reach STEP 1
	Reach STEP 2
	Reach STEP 3
	Recalculated Price
	[54.212851091][$13.96]DONE
[3] HITTING ... 
	Go to home page
	Reach STEP 1
	Reach STEP 2
	Ooops seem email correct
	Reach STEP 3
	Recalculated Price
	[51.460294222][$16.39]DONE
[4] HITTING ... 
	Go to home page
	Reach STEP 1
	Reach STEP 2
	Reach STEP 3
	Recalculated Price
	[55.638264573][$12.04]DONE
[5] HITTING ... 
	Go to home page
	Reach STEP 1
	Reach STEP 2
	Reach STEP 3
	Recalculated Price
	[49.908767418][$22.46]DONE
[6] HITTING ... 
	Go to home page
	Reach STEP 1
	Reach STEP 2
	Ooops seem email correct
	Reach STEP 3
	Recalculated Price
	[50.088031853][$11.90]DONE
[7] HITTING ... 
	change invalid email[lilly.hayes@aol.com] to default one
	Go to home page
	Reach STEP 1
	Reach STEP 2
	Ooops seem email correct
	Reach STEP 3
	Recalculated Price
	[61.939015945][$11.83]DONE
[8] HITTING ... 
	Go to home page
	Reach STEP 1
	Reach STEP 2
	Ooops seem email correct
	Reach STEP 3
	Recalculated Price
	[49.059527866][$10.83]DONE
[9] HITTING ... 
	change invalid email[alexandra.guerrero@aol.com] to default one
	Go to home page
	Reach STEP 1
	Reach STEP 2
	Ooops seem email correct
	Reach STEP 3
	Recalculated Price
	[48.690744886][$19.47]DONE
[10] HITTING ... 
	Go to home page
	Reach STEP 1
	Reach STEP 2
	[10][35.433139779] MISSED: ["Renters", "95125", "Ava", "Montoya", "07/31/1988", "f", "2118 Canoas Garden Ave", "San Jose", "CA", "N", "RENTED HOUSE - SINGLE FAMILY", "2 to 4", "0", nil, "0", "(415) 956-8858", "savannah.silva@aol.com", "N", "N", "N", "N", "Y", "N", "NONE", "N", "N", "Keep default.", "12000", "Keep default", "2000", "300000", "N", "100 / 250"]
	unable to locate element, using {:id=>"errordiv", :tag_name=>"div"}
[11] HITTING ... 
	Go to home page
	Reach STEP 1
	Reach STEP 2
	Ooops seem email correct
	Reach STEP 3
	Recalculated Price
	[53.895838371][$16.05]DONE
[12] HITTING ... 
	change invalid email[alexandra.guerrero@aol.com] to default one
	Go to home page
	Reach STEP 1
	Reach STEP 2
	Ooops seem email correct
	Reach STEP 3
	Recalculated Price
	[48.134251056][$18.47]DONE
[13] HITTING ... 
	change invalid email[alexandra.guerrero@aol.com] to default one
	Go to home page
	Reach STEP 1
	Reach STEP 2
	Ooops seem email correct
	Reach STEP 3
	Recalculated Price
	[49.653686886][$14.13]DONE
[14] HITTING ... 
	change invalid email[lilly.hayes@aol.com] to default one
	Go to home page
	Reach STEP 1
	Reach STEP 2
	Ooops seem email correct
	Reach STEP 3
	Recalculated Price
	[57.176584505][$13.44]DONE
[15] HITTING ... 
	Go to home page
	Reach STEP 1
	Reach STEP 2
	Ooops seem email correct
	Reach STEP 3
	Recalculated Price
	[52.234936012][$12.62]DONE
[16] HITTING ... 
	Go to home page
	Reach STEP 1
	Reach STEP 2
	Ooops seem email correct
	Reach STEP 3
	Recalculated Price
	[50.846680145][$13.91]DONE
[17] HITTING ... 
	Go to home page
	Reach STEP 1
	Reach STEP 2
	Ooops seem email correct
	Reach STEP 3
	Recalculated Price
	[52.321713408][$10.83]DONE
[18] HITTING ... 
	Go to home page
	Reach STEP 1
	Reach STEP 2
	Ooops seem email correct
	Reach STEP 3
	Recalculated Price
	[62.65944232][$23.41]DONE
[19] HITTING ... 
	change invalid email[alexandra.guerrero@aol.com] to default one
	Go to home page
	Reach STEP 1
	Reach STEP 2
	Ooops seem email correct
	Reach STEP 3
	Recalculated Price
	[53.775391444][$20.45]DONE
[20] HITTING ... 
	change invalid email[lilly.hayes@aol.com] to default one
	Go to home page
	Reach STEP 1
	Reach STEP 2
	Ooops seem email correct
	Reach STEP 3
	Recalculated Price
	[58.76040077][$17.71]DONE
[21] HITTING ... 
	Go to home page
	Reach STEP 1
	Reach STEP 2
	Ooops seem email correct
	Reach STEP 3
	Recalculated Price
	[54.670417499][$16.62]DONE
[22] HITTING ... 
	Go to home page
	Reach STEP 1
	Reach STEP 2
	Ooops seem email correct
	Reach STEP 3
	Recalculated Price
	[57.578147974][$15.79]DONE
[23] HITTING ... 
	Go to home page
	Reach STEP 1
	Reach STEP 2
	Ooops seem email correct
	Reach STEP 3
	Recalculated Price
	[57.625330093][$15.11]DONE
[24] HITTING ... 
	Go to home page
	Reach STEP 1
	Reach STEP 2
	Ooops seem email correct
	Reach STEP 3
	Recalculated Price
	[54.253357409][$14.28]DONE
[25] HITTING ... 
	Go to home page
	Reach STEP 1
	Reach STEP 2
	Ooops seem email correct
	Reach STEP 3
	Recalculated Price
	[61.349817565][$13.05]DONE
[26] HITTING ... 
	Go to home page
	Reach STEP 1
	Reach STEP 2
	Ooops seem email correct
	Reach STEP 3
	Recalculated Price
	[60.995374807][$11.54]DONE
[27] HITTING ... 
	Go to home page
	Reach STEP 1
	Reach STEP 2
	Ooops seem email correct
	Reach STEP 3
	Recalculated Price
	[50.517634681][$17.39]DONE
[28] HITTING ... 
	Go to home page
	Reach STEP 1
	Reach STEP 2
	Ooops seem email correct
	Reach STEP 3
	Recalculated Price
	[51.860462445][$16.70]DONE
[29] HITTING ... 
	Go to home page
	Reach STEP 1
	Reach STEP 2
	[29][55.671164194] MISSED: ["Renters", "95037", "Madelynn", "Malone", "02/04/1989", "m", "15400 Vineyard Blvd", "Morgan Hill", "CA", "N", "RENTED HOUSE - SINGLE FAMILY", "2 to 4", "0", nil, "0", "(925) 283-9912", "ana.webster@gmail.com", "N", "N", "N", "N", "Y", "N", "NONE", "N", "N", "Keep default.", "16000", "Keep default", "1000", "100000", "N", "250"]
	unable to locate element, using {:id=>"errordiv", :tag_name=>"div"}
[30] HITTING ... 
	Go to home page
	Reach STEP 1
	Reach STEP 2
	Ooops seem email correct
	Reach STEP 3
	Recalculated Price
	[53.081394991][$12.80]DONE
[31] HITTING ... 
	change invalid email[alexandra.guerrero@aol.com] to default one
	Go to home page
	Reach STEP 1
	Reach STEP 2
	Ooops seem email correct
	Reach STEP 3
	Recalculated Price
	[58.722461375][$11.97]DONE
[32] HITTING ... 
	Go to home page
	Reach STEP 1
	Reach STEP 2
	Ooops seem email correct
	Reach STEP 3
	dont need to recalculate price
	[77.572411873][$22.54]DONE
[33] HITTING ... 
	Go to home page
	Reach STEP 1
	Reach STEP 2
	Ooops seem email correct
	Reach STEP 3
	Recalculated Price
	[64.533608391][$10.83]DONE
[34] HITTING ... 
	change invalid email[lilly.hayes@aol.com] to default one
	Go to home page
	Reach STEP 1
	Reach STEP 2
	Ooops seem email correct
	Reach STEP 3
	Recalculated Price
	[51.318964899][$10.83]DONE
[35] HITTING ... 
	change invalid email[adrian.gilbert@outlook.com] to default one
	Go to home page
	Reach STEP 1
	Reach STEP 2
	[35][45.438964894] MISSED: ["Renters", "95112", "Sebastien", "Myers", "03/27/1987", "f", "1700 N 1st St", "San Jose", "CA", "N", "RENTED HOUSE - SINGLE FAMILY", "2 to 4", "0", nil, "0", "(760) 208-2785", "adrian.gilbert@outlook.com", "N", "N", "N", "N", "Y", "N", "NONE", "N", "N", "Keep default.", "16000", "Keep default", "1000", "100000", "N", "5000"]
	unable to locate element, using {:id=>"errordiv", :tag_name=>"div"}
[36] HITTING ... 
	Go to home page
	Reach STEP 1
	Reach STEP 2
	Ooops seem email correct
	Reach STEP 3
	Recalculated Price
	[50.751904659][$19.48]DONE
[37] HITTING ... 
	Go to home page
	Reach STEP 1
	Reach STEP 2
	Ooops seem email correct
	Reach STEP 3
	Recalculated Price
	[50.949721647][$23.46]DONE
[38] HITTING ... 
	Go to home page
	Reach STEP 1
	Reach STEP 2
	Reach STEP 3
	Recalculated Price
	[54.081819736][$16.00]DONE
[39] HITTING ... 
	change invalid email[adrian.gilbert@outlook.com] to default one
	Go to home page
	Reach STEP 1
	Reach STEP 2
	Ooops seem email correct
	Reach STEP 3
	Recalculated Price
	[60.105659049][$14.88]DONE
[40] HITTING ... 
	change invalid email[ian.schwartz@aol.com] to default one
	Go to home page
	Reach STEP 1
	Reach STEP 2
	Ooops seem email correct
	Reach STEP 3
	Recalculated Price
	[50.705212614][$14.05]DONE
[41] HITTING ... 
	Go to home page
	Reach STEP 1
	Reach STEP 2
	Ooops seem email correct
	Reach STEP 3
	Recalculated Price
	[50.875332783][$13.35]DONE
[42] HITTING ... 
	Go to home page
	Reach STEP 1
	Reach STEP 2
	Ooops seem email correct
	Reach STEP 3
	Recalculated Price
	[57.749869119][$15.44]DONE
[43] HITTING ... 
	Go to home page
	Reach STEP 1
	Reach STEP 2
	Ooops seem email correct
	Reach STEP 3
	Recalculated Price
	[53.94438949][$11.27]DONE
[44] HITTING ... 
	change invalid email[ian.schwartz@aol.com] to default one
	Go to home page
	Reach STEP 1
	Reach STEP 2
	Ooops seem email correct
	Reach STEP 3
	Recalculated Price
	[52.538769497][$10.83]DONE
[45] HITTING ... 
	Go to home page
	Reach STEP 1
	Reach STEP 2
	Ooops seem email correct
	Reach STEP 3
	Recalculated Price
	[56.412613091][$23.41]DONE
[46] HITTING ... 
	Go to home page
	Reach STEP 1
	Reach STEP 2
	Ooops seem email correct
	Reach STEP 3
	Recalculated Price
	[59.400736548][$25.13]DONE
[47] HITTING ... 
	change invalid email[lilly.hayes@aol.com] to default one
	Go to home page
	Reach STEP 1
	Reach STEP 2
	Ooops seem email correct
	Reach STEP 3
	Recalculated Price
	[52.116740659][$17.66]DONE
[48] HITTING ... 
	change invalid email[alexandra.guerrero@aol.com] to default one
	Go to home page
	Reach STEP 1
	Reach STEP 2
	Ooops seem email correct
	Reach STEP 3
	Recalculated Price
	[50.278327539][$16.55]DONE
[49] HITTING ... 
	Go to home page
	Reach STEP 1
	Reach STEP 2
	Ooops seem email correct
	Reach STEP 3
	Recalculated Price
	[51.41800039][$17.28]DONE
[50] HITTING ... 
	Go to home page
	Reach STEP 1
	Reach STEP 2
	Ooops seem email correct
	Reach STEP 3
	Recalculated Price
	[48.573148687][$15.02]DONE
[51] HITTING ... 
	change invalid email[ian.schwartz@aol.com] to default one
	Go to home page
	Reach STEP 1
	Reach STEP 2
	Ooops seem email correct
	Reach STEP 3
	Recalculated Price
	[56.389836184][$14.19]DONE
[52] HITTING ... 
	change invalid email[lilly.hayes@aol.com] to default one
	Go to home page
	Reach STEP 1
	Reach STEP 2
	Ooops seem email correct
	Reach STEP 3
	Recalculated Price
	[49.034132263][$12.93]DONE
[53] HITTING ... 
	Go to home page
	Reach STEP 1
	Reach STEP 2
	Ooops seem email correct
	Reach STEP 3
	Recalculated Price
	[52.864979288][$19.06]DONE
[54] HITTING ... 
	change invalid email[alexandra.guerrero@aol.com] to default one
	Go to home page
	Reach STEP 1
	Reach STEP 2
	Ooops seem email correct
	Reach STEP 3
	Recalculated Price
	[58.07997585][$17.64]DONE
[55] HITTING ... 
	Go to home page
	Reach STEP 1
	Reach STEP 2
	Ooops seem email correct
	Reach STEP 3
	Recalculated Price
	[60.76767347][$21.63]DONE
[56] HITTING ... 
	Go to home page
	Reach STEP 1
	Reach STEP 2
	Ooops seem email correct
	Reach STEP 3
	Recalculated Price
	[60.999656797][$14.16]DONE
[57] HITTING ... 
	change invalid email[ian.schwartz@aol.com] to default one
	Go to home page
	Reach STEP 1
	Reach STEP 2
	Ooops seem email correct
	Reach STEP 3
	Recalculated Price
	[58.848906236][$13.05]DONE
[58] HITTING ... 
	Go to home page
	Reach STEP 1
	Reach STEP 2
	Ooops seem email correct
	Reach STEP 3
	Recalculated Price
	[60.822492973][$15.57]DONE
[59] HITTING ... 
	Go to home page
	Reach STEP 1
	Reach STEP 2
	Ooops seem email correct
	Reach STEP 3
	Recalculated Price
	[78.946174498][$11.52]DONE
[60] HITTING ... 
	Go to home page
	Reach STEP 1
	Reach STEP 2
	Ooops seem email correct
	Reach STEP 3
	Recalculated Price
	[78.345897864][$10.83]DONE
[61] HITTING ... 
	Go to home page
	Reach STEP 1
	Reach STEP 2
	[61][62.022094426] MISSED: ["Renters", "94043", "Cora", "Daniels", "12/1/1988", "m", "555 W Middlefield Rd", "Mountain View", "CA", "N", "RENTED HOUSE - SINGLE FAMILY", "2 to 4", "0", nil, "0", "(415) 642-8440", "william.palmer@gmail.com", "N", "N", "N", "N", "Y", "N", "NONE", "N", "N", "Keep default.", "16000", "Keep default", "2000", "100000", "N", "2500"]
	unable to locate element, using {:id=>"errordiv", :tag_name=>"div"}
[62] HITTING ... 
	Go to home page
	Reach STEP 1
	Reach STEP 2
	Ooops seem email correct
	Reach STEP 3
	Recalculated Price
	[83.793980236][$10.83]DONE
[63] HITTING ... 
	change invalid email[alexandra.guerrero@aol.com] to default one
	Go to home page
	Reach STEP 1
	Reach STEP 2
	Ooops seem email correct
	Reach STEP 3
	Recalculated Price
	[135.168804686][$19.73]DONE
[64] HITTING ... 
	Go to home page
	Reach STEP 1
	Reach STEP 2
	Ooops seem email correct
	Reach STEP 3
	Recalculated Price
	[134.382206331][$23.71]DONE
[65] HITTING ... 
	change invalid email[lilly.hayes@aol.com] to default one
	Go to home page
	Reach STEP 1
	Reach STEP 2
	Ooops seem email correct
	Reach STEP 3
	Recalculated Price
	[154.912871732][$16.25]DONE
[66] HITTING ... 
	Go to home page
	Reach STEP 1
	Reach STEP 2
	Ooops seem email correct
	Reach STEP 3
	Recalculated Price
	[162.730391681][$18.72]DONE
[67] HITTING ... 
	Go to home page
	Reach STEP 1
	Reach STEP 2
	Ooops seem email correct
	Reach STEP 3
	Recalculated Price
	[155.379544776][$14.30]DONE
[68] HITTING ... 
	Go to home page
	Reach STEP 1
	Reach STEP 2
	Ooops seem email correct
	Reach STEP 3
	Recalculated Price
	[163.504679263][$15.07]DONE
[69] HITTING ... 
	Go to home page
	Reach STEP 1
	Reach STEP 2
	Ooops seem email correct
	Reach STEP 3
	Recalculated Price
	[150.516732793][$15.69]DONE
[70] HITTING ... 
	Go to home page
	Reach STEP 1
	Reach STEP 2
	Ooops seem email correct
	Reach STEP 3
	Recalculated Price
	[154.691770141][$14.09]DONE
[71] HITTING ... 
	Go to home page
	Reach STEP 1
	Reach STEP 2
	Ooops seem email correct
	Reach STEP 3
	Recalculated Price
	[164.786215869][$10.83]DONE
[72] HITTING ... 
	Go to home page
	Reach STEP 1
	Reach STEP 2
	Ooops seem email correct
	Reach STEP 3
	Recalculated Price
	[158.197371708][$21.39]DONE
[73] HITTING ... 
	change invalid email[ian.schwartz@aol.com] to default one
	Go to home page
	Reach STEP 1
	Reach STEP 2
	Ooops seem email correct
	Reach STEP 3
	Recalculated Price
	[161.33442322][$20.70]DONE
[74] HITTING ... 
	Go to home page
	Reach STEP 1
	Reach STEP 2
	Ooops seem email correct
	Reach STEP 3
	Recalculated Price
	[151.087391044][$21.81]DONE
[75] HITTING ... 
	change invalid email[alexandra.guerrero@aol.com] to default one
	Go to home page
	Reach STEP 1
	Reach STEP 2
	Ooops seem email correct
	Reach STEP 3
	Recalculated Price
	[145.57841962][$20.39]DONE
[76] HITTING ... 
	change invalid email[adrian.gilbert@outlook.com] to default one
	Go to home page
	Reach STEP 1
	Reach STEP 2
	Ooops seem email correct
	Reach STEP 3
	Recalculated Price
	[145.24237918][$19.32]DONE
[77] HITTING ... 
	change invalid email[adrian.gilbert@outlook.com] to default one
	Go to home page
	Reach STEP 1
	Reach STEP 2
	Ooops seem email correct
	Reach STEP 3
	Recalculated Price
	[151.445245129][$18.43]DONE
[78] HITTING ... 
	Go to home page
	Reach STEP 1
	Reach STEP 2
	Ooops seem email correct
	Reach STEP 3
	Recalculated Price
	[159.77568018][$14.44]DONE
[79] HITTING ... 
	Go to home page
	Reach STEP 1
	Reach STEP 2
	Ooops seem email correct
	Reach STEP 3
	Recalculated Price
	[175.662907554][$15.76]DONE
[80] HITTING ... 
	Go to home page
	Reach STEP 1
	Reach STEP 2
	Ooops seem email correct
	Reach STEP 3
	Recalculated Price
	[170.107323548][$13.80]DONE
[81] HITTING ... 
	Go to home page
	Reach STEP 1
	Reach STEP 2
	Ooops seem email correct
	Reach STEP 3
	Recalculated Price
	[165.906202874][$18.49]DONE
[82] HITTING ... 
	change invalid email[lilly.hayes@aol.com] to default one
	Go to home page
	Reach STEP 1
	Reach STEP 2
	Ooops seem email correct
	Reach STEP 3
	Recalculated Price
	[146.117020807][$17.75]DONE
[83] HITTING ... 
	Go to home page
	Reach STEP 1
	Reach STEP 2
	Ooops seem email correct
	Reach STEP 3
	Recalculated Price
	[138.888384246][$29.64]DONE
[84] HITTING ... 
	change invalid email[alexandra.guerrero@aol.com] to default one
	Go to home page
	Reach STEP 1
	Reach STEP 2
	Ooops seem email correct
	Reach STEP 3
	Recalculated Price
	[193.538055103][$17.38]DONE
[85] HITTING ... 
	Go to home page
	Reach STEP 1
	Reach STEP 2
	Ooops seem email correct
	Reach STEP 3
	Recalculated Price
	[156.671192749][$12.72]DONE
[86] HITTING ... 
	change invalid email[alexandra.guerrero@aol.com] to default one
	Go to home page
	Reach STEP 1
	Reach STEP 2
	Ooops seem email correct
	Reach STEP 3
	dont need to recalculate price
	[169.508029069][$13.61]DONE
[87] HITTING ... 
	change invalid email[lilly.hayes@aol.com] to default one
	Go to home page
	Reach STEP 1
	Reach STEP 2
	Ooops seem email correct
	Reach STEP 3
	Recalculated Price
	[159.258280708][$14.17]DONE
[88] HITTING ... 
	Go to home page
	Reach STEP 1
	Reach STEP 2
	Ooops seem email correct
	Reach STEP 3
	Recalculated Price
	[143.843101858][$10.83]DONE
[89] HITTING ... 
	change invalid email[ian.schwartz@aol.com] to default one
	Go to home page
	Reach STEP 1
	Reach STEP 2
	Ooops seem email correct
	Reach STEP 3
	Recalculated Price
	[162.63406391][$10.83]DONE
[90] HITTING ... 
	Go to home page
	Reach STEP 1
	Reach STEP 2
	Ooops seem email correct
	Reach STEP 3
	Recalculated Price
	[164.050435863][$39.14]DONE
[91] HITTING ... 
	Go to home page
	Reach STEP 1
	Reach STEP 2
	Ooops seem email correct
	Reach STEP 3
	Recalculated Price
	[157.454153013][$37.66]DONE
[92] HITTING ... 
	Go to home page
	Reach STEP 1
	Reach STEP 2
	Ooops seem email correct
	Reach STEP 3
	Recalculated Price
	[159.918042739][$16.87]DONE
[93] HITTING ... 
	Go to home page
	Reach STEP 1
	Reach STEP 2
	Ooops seem email correct
	Reach STEP 3
	Recalculated Price
	[151.065738428][$17.54]DONE
[94] HITTING ... 
	Go to home page
	Reach STEP 1
	Reach STEP 2
	Ooops seem email correct
	Reach STEP 3
	Recalculated Price
	[145.812476746][$14.80]DONE
[95] HITTING ... 
	Go to home page
	Reach STEP 1
	Reach STEP 2
	Ooops seem email correct
	Reach STEP 3
	Recalculated Price
	[158.10222749][$15.70]DONE
[96] HITTING ... 
	Go to home page
	Reach STEP 1
	Reach STEP 2
	Ooops seem email correct
	Reach STEP 3
	Recalculated Price
	[182.675711045][$13.18]DONE
[97] HITTING ... 
	Go to home page
	Reach STEP 1
	Reach STEP 2
	Ooops seem email correct
	Reach STEP 3
	Recalculated Price
	[168.203725688][$11.84]DONE
[98] HITTING ... 
	Go to home page
	Reach STEP 1
	Reach STEP 2
	Ooops seem email correct
	Reach STEP 3
	Recalculated Price
	[153.156827258][$10.83]DONE
[99] HITTING ... 
	Go to home page
	Reach STEP 1
	Reach STEP 2
	Ooops seem email correct
	Reach STEP 3
	Recalculated Price
	[144.435808865][$22.24]DONE
[100] HITTING ... 
	Go to home page
	[100][78.887758706] MISSED: ["Renters", "95126", "Jakob", "Lindsey", "12/1/1988", "f", "1201 Parkmoor Ave", "San Jose", "CA", "N", "RENTED HOUSE - SINGLE FAMILY", "2 to 4", "0", nil, "0", "(866) 837-6172", "scarlett.richard@gmail.com", "N", "N", "N", "N", "Y", "N", "NONE", "N", "N", "Keep default.", "20000", "Keep default", "1000", "500000", "N", "100 / 250"]
	Timeout::Error
	Fail to save screenshotTimeout::Error
skip to offset 99
[100] HITTING ... 
	Go to home page
	Reach STEP 1
	Reach STEP 2
	[100][56.568705735] MISSED: ["Renters", "95126", "Jakob", "Lindsey", "12/1/1988", "f", "1201 Parkmoor Ave", "San Jose", "CA", "N", "RENTED HOUSE - SINGLE FAMILY", "2 to 4", "0", nil, "0", "(866) 837-6172", "scarlett.richard@gmail.com", "N", "N", "N", "N", "Y", "N", "NONE", "N", "N", "Keep default.", "20000", "Keep default", "1000", "500000", "N", "100 / 250"]
	unable to locate element, using {:id=>"errordiv", :tag_name=>"div"}
[101] HITTING ... 
	Go to home page
	Reach STEP 1
	Reach STEP 2
	Reach STEP 3
	Recalculated Price
	[95.56492693][$20.56]DONE
[102] HITTING ... 
	Go to home page
	Reach STEP 1
	Reach STEP 2
	Reach STEP 3
	Recalculated Price
	Fail to find 'Recalculated' button on step 3 of quote page
	[102][160.145361878] MISSED: ["Renters", "94085", "Cole", "Maldonado", "11/18/1989", "f", "1257 Lakeside Dr", "Sunnyvale", "CA", "N", "RENTED HOUSE - SINGLE FAMILY", "2 to 4", "0", nil, "0", "(510) 240-9405", "adrian.gilbert@outlook.com", "N", "N", "N", "N", "Y", "N", "NONE", "N", "N", "Keep default.", "20000", "Keep default", "1000", "500000", "N", "500"]
	fail to find buy button
[103] HITTING ... 
	change invalid email[alexandra.guerrero@aol.com] to default one
	Go to home page
	Reach STEP 1
	Reach STEP 2
	Ooops seem email correct
	Reach STEP 3
	Recalculated Price
	[80.026291999][$16.47]DONE
[104] HITTING ... 
	Go to home page
	Reach STEP 1
	Reach STEP 2
	[104][49.950424101] MISSED: ["Renters", "94085", "Dominic", "Mcguire", "06/06/1986", "f", "1257 Lakeside Dr", "Sunnyvale", "CA", "N", "RENTED HOUSE - SINGLE FAMILY", "2 to 4", "0", nil, "0", "(855) 641-0159", "lilly.hayes@aol.com", "N", "N", "N", "N", "Y", "N", "NONE", "N", "N", "Keep default.", "20000", "Keep default", "1000", "500000", "N", "1000"]
	unable to locate element, using {:id=>"errordiv", :tag_name=>"div"}
[105] HITTING ... 
	Go to home page
	Reach STEP 1
	Reach STEP 2
	Ooops seem email correct
	Reach STEP 3
	Recalculated Price
	[105.099296633][$14.84]DONE
[106] HITTING ... 
	Go to home page
	Reach STEP 1
	Reach STEP 2
	Ooops seem email correct
	Reach STEP 3
	Recalculated Price
	[102.978960317][$13.51]DONE
[107] HITTING ... 
	Go to home page
	Reach STEP 1
	Reach STEP 2
	Ooops seem email correct
	Reach STEP 3
	Recalculated Price
	[104.360611405][$11.88]DONE
[108] HITTING ... 
	change invalid email[alexandra.guerrero@aol.com] to default one
	Go to home page
	Reach STEP 1
	Reach STEP 2
	Ooops seem email correct
	Reach STEP 3
	Recalculated Price
	[137.503784759][$23.86]DONE
[109] HITTING ... 
	Go to home page
	Reach STEP 1
	Reach STEP 2
	[109][161.410163274] MISSED: ["Renters", "95126", "Evangeline", "Hayes", "11/18/1989", "m", "1201 Parkmoor Ave", "San Jose", "CA", "N", "RENTED HOUSE - SINGLE FAMILY", "2 to 4", "0", nil, "0", "(707) 762-5126", "elias.cain@outlook.com", "N", "N", "N", "N", "Y", "N", "NONE", "N", "N", "Keep default.", "20000", "Keep default", "2000", "100000", "N", "100 / 250"]
	Timeout::Error
[110] HITTING ... 
	change invalid email[adrian.gilbert@outlook.com] to default one
	Go to home page
	Reach STEP 1
	Reach STEP 2
	Ooops seem email correct
	Reach STEP 3
	Recalculated Price
	[173.706134415][$19.14]DONE
[111] HITTING ... 
	Go to home page
	Reach STEP 1
	Reach STEP 2
	Ooops seem email correct
	Reach STEP 3
	Recalculated Price
	[183.620638396][$13.85]DONE
[112] HITTING ... 
	change invalid email[alexandra.guerrero@aol.com] to default one
	Go to home page
	Reach STEP 1
	Reach STEP 2
	Ooops seem email correct
	Reach STEP 3
	Recalculated Price
	[154.344352246][$12.97]DONE
[113] HITTING ... 
	Go to home page
	Reach STEP 1
	Reach STEP 2
	Ooops seem email correct
	Reach STEP 3
	Recalculated Price
	[146.591770136][$12.23]DONE
[114] HITTING ... 
	change invalid email[alexandra.guerrero@aol.com] to default one
	Go to home page
	Reach STEP 1
	Reach STEP 2
	Ooops seem email correct
	Reach STEP 3
	Recalculated Price
	[180.147579455][$11.34]DONE
[115] HITTING ... 
	Go to home page
	Reach STEP 1
	Reach STEP 2
	Ooops seem email correct
	Reach STEP 3
	Recalculated Price
	[177.677231036][$10.83]DONE
[116] HITTING ... 
	Go to home page
	Reach STEP 1
	Reach STEP 2
	Ooops seem email correct
	Reach STEP 3
	Recalculated Price
	[178.960407393][$10.83]DONE
[117] HITTING ... 
	Go to home page
	Reach STEP 1
	Reach STEP 2
	Ooops seem email correct
	Reach STEP 3
	Recalculated Price
	[165.330593073][$25.94]DONE
[118] HITTING ... 
	Go to home page
	Reach STEP 1
	Reach STEP 2
	Ooops seem email correct
	Reach STEP 3
	Recalculated Price
	Fail to find 'Recalculated' button on step 3 of quote page
	[118][151.202748322] MISSED: ["Renters", "95051", "Lilly", "Holland", "04/05/1990", "f", "3500 Granada Ave", "Santa Clara", "CA", "N", "RENTED HOUSE - SINGLE FAMILY", "2 to 4", "0", nil, "0", "(707) 584-0655", "william.palmer@gmail.com", "N", "N", "N", "N", "Y", "N", "NONE", "N", "N", "Keep default.", "20000", "Keep default", "2000", "300000", "N", "100 / 250"]
	fail to find buy button
[119] HITTING ... 
	change invalid email[alexandra.guerrero@aol.com] to default one
	Go to home page
	Reach STEP 1
	Reach STEP 2
	Ooops seem email correct
	Reach STEP 3
	Recalculated Price
	[149.073771862][$17.12]DONE
[120] HITTING ... 
	Go to home page
	Reach STEP 1
	Reach STEP 2
	Ooops seem email correct
	Reach STEP 3
	Recalculated Price
	[156.079137071][$15.94]DONE
[121] HITTING ... 
	Go to home page
	Reach STEP 1
	Reach STEP 2
	Reach STEP 3
	Recalculated Price
	[182.014007892][$15.05]DONE
[122] HITTING ... 
	Go to home page
	Reach STEP 1
	Reach STEP 2
	Ooops seem email correct
	Reach STEP 3
	Recalculated Price
	[167.427889377][$14.31]DONE
[123] HITTING ... 
	Go to home page
	Reach STEP 1
	Reach STEP 2
	Ooops seem email correct
	Reach STEP 3
	Recalculated Price
	[152.422448507][$13.43]DONE
[124] HITTING ... 
	Go to home page
	Reach STEP 1
	Reach STEP 2
	Ooops seem email correct
	Reach STEP 3
	Recalculated Price
	[160.56007961][$14.80]DONE
[125] HITTING ... 
	Go to home page
	Reach STEP 1
	Reach STEP 2
	Ooops seem email correct
	Reach STEP 3
	Recalculated Price
	[152.496829793][$11.58]DONE
[126] HITTING ... 
	Go to home page
	Reach STEP 1
	Reach STEP 2
	Ooops seem email correct
	Reach STEP 3
	Recalculated Price
	[154.581222128][$27.61]DONE
[127] HITTING ... 
	change invalid email[ian.schwartz@aol.com] to default one
	Go to home page
	Reach STEP 1
	Reach STEP 2
	Ooops seem email correct
	Reach STEP 3
	Recalculated Price
	[152.32015794][$21.75]DONE
[128] HITTING ... 
	Go to home page
	Reach STEP 1
	Reach STEP 2
	Ooops seem email correct
	Reach STEP 3
	Recalculated Price
	[161.363554616][$18.79]DONE
[129] HITTING ... 
	Go to home page
	Reach STEP 1
	Reach STEP 2
	Reach STEP 3
	Recalculated Price
	[156.551952726][$17.60]DONE
[130] HITTING ... 
	Go to home page
	Reach STEP 1
	Reach STEP 2
	Ooops seem email correct
	Reach STEP 3
	Recalculated Price
	[149.549040259][$16.72]DONE
[131] HITTING ... 
	change invalid email[lilly.hayes@aol.com] to default one
	Go to home page
	Reach STEP 1
	Reach STEP 2
	Ooops seem email correct
	Reach STEP 3
	Recalculated Price
	[169.672307625][$19.30]DONE
[132] HITTING ... 
	change invalid email[alexandra.guerrero@aol.com] to default one
	Go to home page
	Reach STEP 1
	Reach STEP 2
	Ooops seem email correct
	Reach STEP 3
	Recalculated Price
	[181.317022639][$15.09]DONE
[133] HITTING ... 
	change invalid email[alexandra.guerrero@aol.com] to default one
	Go to home page
	Reach STEP 1
	Reach STEP 2
	Ooops seem email correct
	Reach STEP 3
	Recalculated Price
	[169.172817814][$13.76]DONE
[134] HITTING ... 
	change invalid email[ian.schwartz@aol.com] to default one
	Go to home page
	Reach STEP 1
	Reach STEP 2
	Ooops seem email correct
	Reach STEP 3
	Recalculated Price
	[156.677531453][$12.13]DONE
[135] HITTING ... 
	change invalid email[adrian.gilbert@outlook.com] to default one
	Go to home page
	Reach STEP 1
	Reach STEP 2
	Ooops seem email correct
	Reach STEP 3
	Recalculated Price
	[148.930399648][$19.58]DONE
[136] HITTING ... 
	Go to home page
	Reach STEP 1
	Reach STEP 2
	Ooops seem email correct
	Reach STEP 3
	Recalculated Price
	[154.993982137][$18.79]DONE
[137] HITTING ... 
	change invalid email[alexandra.guerrero@aol.com] to default one
	Go to home page
	Reach STEP 1
	Reach STEP 2
	Ooops seem email correct
	Reach STEP 3
	Recalculated Price
	[154.321239864][$15.66]DONE
[138] HITTING ... 
	change invalid email[ian.schwartz@aol.com] to default one
	Go to home page
	Reach STEP 1
	Reach STEP 2
	Ooops seem email correct
	Reach STEP 3
	Recalculated Price
	[154.848348813][$18.37]DONE
[139] HITTING ... 
	Go to home page
	Reach STEP 1
	Reach STEP 2
	Ooops seem email correct
	Reach STEP 3
	Recalculated Price
	[154.834163953][$26.94]DONE
[140] HITTING ... 
	Go to home page
	Reach STEP 1
	Reach STEP 2
	Ooops seem email correct
	Reach STEP 3
	dont need to recalculate price
	[160.62525949][$12.69]DONE
[141] HITTING ... 
	Go to home page
	Reach STEP 1
	Reach STEP 2
	Ooops seem email correct
	Reach STEP 3
	Recalculated Price
	[143.907972135][$13.31]DONE
[142] HITTING ... 
	Go to home page
	Reach STEP 1
	Reach STEP 2
	Ooops seem email correct
	Reach STEP 3
	Recalculated Price
	[150.495115613][$10.83]DONE
[143] HITTING ... 
	Go to home page
	Reach STEP 1
	Reach STEP 2
	Ooops seem email correct
	Reach STEP 3
	Recalculated Price
	[154.721050556][$10.83]DONE
[144] HITTING ... 
	change invalid email[lilly.hayes@aol.com] to default one
	Go to home page
	Reach STEP 1
	Reach STEP 2
	Ooops seem email correct
	Reach STEP 3
	Recalculated Price
	[164.302128072][$41.24]DONE
[145] HITTING ... 
	Go to home page
	Reach STEP 1
	Reach STEP 2
	Ooops seem email correct
	Reach STEP 3
	Recalculated Price
	[164.679898479][$39.67]DONE
[146] HITTING ... 
	change invalid email[lilly.hayes@aol.com] to default one
	Go to home page
	Reach STEP 1
	Reach STEP 2
	Ooops seem email correct
	Reach STEP 3
	Recalculated Price
	[158.004319096][$17.75]DONE
[147] HITTING ... 
	change invalid email[alexandra.guerrero@aol.com] to default one
	Go to home page
	Reach STEP 1
	Reach STEP 2
	Ooops seem email correct
	Reach STEP 3
	Recalculated Price
	[147.223690058][$30.90]DONE
[148] HITTING ... 
	change invalid email[alexandra.guerrero@aol.com] to default one
	Go to home page
	Reach STEP 1
	Reach STEP 2
	Ooops seem email correct
	Reach STEP 3
	Recalculated Price
	[150.843259935][$19.25]DONE
[149] HITTING ... 
	Go to home page
	Reach STEP 1
	Reach STEP 2
	Ooops seem email correct
	Reach STEP 3
	Recalculated Price
	[196.468234918][$14.77]DONE
[150] HITTING ... 
	Go to home page
	Reach STEP 1
	Reach STEP 2
	Ooops seem email correct
	Reach STEP 3
	Recalculated Price
	[158.398018479][$13.83]DONE
[151] HITTING ... 
	Go to home page
	Reach STEP 1
	Reach STEP 2
	Ooops seem email correct
	Reach STEP 3
	Recalculated Price
	[159.89107491][$12.42]DONE
[152] HITTING ... 
	Go to home page
	Reach STEP 1
	Reach STEP 2
	Ooops seem email correct
	Reach STEP 3
	Recalculated Price
	[139.285246089][$13.06]DONE
[153] HITTING ... 
	change invalid email[alexandra.guerrero@aol.com] to default one
	Go to home page
	Reach STEP 1
	Reach STEP 2
	Ooops seem email correct
	Reach STEP 3
	Recalculated Price
	[141.257703193][$23.33]DONE
[154] HITTING ... 
	change invalid email[ian.schwartz@aol.com] to default one
	Go to home page
	Reach STEP 1
	Reach STEP 2
	Ooops seem email correct
	Reach STEP 3
	Recalculated Price
	[155.820193544][$22.54]DONE
[155] HITTING ... 
	Go to home page
	Reach STEP 1
	Reach STEP 2
	Ooops seem email correct
	Reach STEP 3
	Recalculated Price
	[156.049977368][$23.71]DONE
[156] HITTING ... 
	Go to home page
	Reach STEP 1
	Reach STEP 2
	Ooops seem email correct
	Reach STEP 3
	Recalculated Price
	[153.911710405][$18.16]DONE
[157] HITTING ... 
	Go to home page
	Reach STEP 1
	Reach STEP 2
	Ooops seem email correct
	Reach STEP 3
	Recalculated Price
	[150.951852518][$17.22]DONE
[158] HITTING ... 
	Go to home page
	Reach STEP 1
	Reach STEP 2
	Ooops seem email correct
	Reach STEP 3
	Recalculated Price
	[144.441648811][$16.44]DONE
[159] HITTING ... 
	change invalid email[lilly.hayes@aol.com] to default one
	Go to home page
	Reach STEP 1
	Reach STEP 2
	Ooops seem email correct
	Reach STEP 3
	Recalculated Price
	[142.412070773][$15.50]DONE
[160] HITTING ... 
	change invalid email[lilly.hayes@aol.com] to default one
	Go to home page
	Reach STEP 1
	Reach STEP 2
	Ooops seem email correct
	Reach STEP 3
	Recalculated Price
	[153.220375892][$16.93]DONE
[161] HITTING ... 
	Go to home page
	Reach STEP 1
	Reach STEP 2
	Ooops seem email correct
	Reach STEP 3
	Recalculated Price
	[147.525624595][$14.73]DONE
[162] HITTING ... 
	change invalid email[lilly.hayes@aol.com] to default one
	Go to home page
	Reach STEP 1
	Reach STEP 2
	Ooops seem email correct
	Reach STEP 3
	Recalculated Price
	[154.826440205][$19.83]DONE
[163] HITTING ... 
	change invalid email[lilly.hayes@aol.com] to default one
	Go to home page
	Reach STEP 1
	Reach STEP 2
	Ooops seem email correct
	Reach STEP 3
	Recalculated Price
	[159.74046904][$19.04]DONE
[164] HITTING ... 
	Go to home page
	Reach STEP 1
	Reach STEP 2
	Ooops seem email correct
	Reach STEP 3
	Recalculated Price
	[145.980450979][$15.91]DONE
[165] HITTING ... 
	Go to home page
	Reach STEP 1
	Reach STEP 2
	Ooops seem email correct
	Reach STEP 3
	Recalculated Price
	[150.258629666][$18.62]DONE
[166] HITTING ... 
	change invalid email[alexandra.guerrero@aol.com] to default one
	Go to home page
	Reach STEP 1
	Reach STEP 2
	Ooops seem email correct
	Reach STEP 3
	Recalculated Price
	[164.406747604][$13.72]DONE
[167] HITTING ... 
	Go to home page
	Reach STEP 1
	Reach STEP 2
	Ooops seem email correct
	Reach STEP 3
	Recalculated Price
	[154.699495757][$12.94]DONE
[168] HITTING ... 
	Go to home page
	Reach STEP 1
	Reach STEP 2
	Ooops seem email correct
	Reach STEP 3
	Recalculated Price
	[153.44518182][$12.00]DONE
[169] HITTING ... 
	change invalid email[alexandra.guerrero@aol.com] to default one
	Go to home page
	Reach STEP 1
	Reach STEP 2
	Ooops seem email correct
	Reach STEP 3
	Recalculated Price
	[149.157292655][$10.83]DONE
[170] HITTING ... 
	Go to home page
	Reach STEP 1
	Reach STEP 2
	Ooops seem email correct
	Reach STEP 3
	Recalculated Price
	[138.152651787][$10.83]DONE
[171] HITTING ... 
	change invalid email[lilly.hayes@aol.com] to default one
	Go to home page
	Reach STEP 1
	Reach STEP 2
	Ooops seem email correct
	Reach STEP 3
	Recalculated Price
	[145.827265011][$21.91]DONE
[172] HITTING ... 
	change invalid email[alexandra.guerrero@aol.com] to default one
	Go to home page
	Reach STEP 1
	Reach STEP 2
	Ooops seem email correct
	Reach STEP 3
	Recalculated Price
	[169.013680289][$21.13]DONE
[173] HITTING ... 
	Go to home page
	Reach STEP 1
	Reach STEP 2
	Ooops seem email correct
	Reach STEP 3
	Recalculated Price
	[169.454881954][$18.00]DONE
[174] HITTING ... 
	Go to home page
	Reach STEP 1
	Reach STEP 2
	Ooops seem email correct
	Reach STEP 3
	Recalculated Price
	[172.749647468][$18.66]DONE
[175] HITTING ... 
	Go to home page
	Reach STEP 1
	Reach STEP 2
	Ooops seem email correct
	Reach STEP 3
	Recalculated Price
	[142.772309226][$15.80]DONE
[176] HITTING ... 
	Go to home page
	Reach STEP 1
	Reach STEP 2
	Ooops seem email correct
	Reach STEP 3
	Recalculated Price
	[151.426240064][$15.02]DONE
[177] HITTING ... 
	Go to home page
	Reach STEP 1
	Reach STEP 2
	Ooops seem email correct
	Reach STEP 3
	Recalculated Price
	[151.912262361][$14.08]DONE
[178] HITTING ... 
	change invalid email[alexandra.guerrero@aol.com] to default one
	Go to home page
	Reach STEP 1
	Reach STEP 2
	Ooops seem email correct
	Reach STEP 3
	Recalculated Price
	[164.390417159][$12.67]DONE
[179] HITTING ... 
	change invalid email[adrian.gilbert@outlook.com] to default one
	Go to home page
	Reach STEP 1
	Reach STEP 2
	Ooops seem email correct
	Reach STEP 3
	Recalculated Price
	[157.019113141][$19.56]DONE
[180] HITTING ... 
	change invalid email[adrian.gilbert@outlook.com] to default one
	Go to home page
	Reach STEP 1
	Reach STEP 2
	Ooops seem email correct
	Reach STEP 3
	Recalculated Price
	[154.64438699][$23.58]DONE
[181] HITTING ... 
	Go to home page
	Reach STEP 1
	Reach STEP 2
	Ooops seem email correct
	Reach STEP 3
	Recalculated Price
	[146.633265568][$22.79]DONE
[182] HITTING ... 
	Go to home page
	Reach STEP 1
	Reach STEP 2
	Ooops seem email correct
	Reach STEP 3
	Recalculated Price
	[144.237821237][$19.66]DONE
[183] HITTING ... 
	change invalid email[lilly.hayes@aol.com] to default one
	Go to home page
	Reach STEP 1
	Reach STEP 2
	Ooops seem email correct
	Reach STEP 3
	Recalculated Price
	[158.640971573][$18.41]DONE
[184] HITTING ... 
	Go to home page
	Reach STEP 1
	Reach STEP 2
	Ooops seem email correct
	Reach STEP 3
	Recalculated Price
	[165.875117851][$21.17]DONE
[185] HITTING ... 
	Go to home page
	Reach STEP 1
	Reach STEP 2
	Ooops seem email correct
	Reach STEP 3
	Recalculated Price
	[164.786550517][$16.69]DONE
[186] HITTING ... 
	change invalid email[lilly.hayes@aol.com] to default one
	Go to home page
	Reach STEP 1
	Reach STEP 2
	Ooops seem email correct
	Reach STEP 3
	Recalculated Price
	[165.032874654][$18.97]DONE
[187] HITTING ... 
	Go to home page
	Reach STEP 1
	Reach STEP 2
	Ooops seem email correct
	Reach STEP 3
	Recalculated Price
	[138.307663632][$14.34]DONE
[188] HITTING ... 
	Go to home page
	Reach STEP 1
	Reach STEP 2
	Ooops seem email correct
	Reach STEP 3
	Recalculated Price
	[139.607239422][$12.61]DONE
[189] HITTING ... 
	change invalid email[ian.schwartz@aol.com] to default one
	Go to home page
	Reach STEP 1
	Reach STEP 2
	Ooops seem email correct
	Reach STEP 3
	Recalculated Price
	[154.639809483][$20.67]DONE
[190] HITTING ... 
	change invalid email[adrian.gilbert@outlook.com] to default one
	Go to home page
	Reach STEP 1
	Reach STEP 2
	Ooops seem email correct
	Reach STEP 3
	Recalculated Price
	[153.441948363][$19.84]DONE
[191] HITTING ... 
	Go to home page
	Reach STEP 1
	Reach STEP 2
	Ooops seem email correct
	Reach STEP 3
	Recalculated Price
	[164.280312322][$21.11]DONE
[192] HITTING ... 
	Go to home page
	Reach STEP 1
	Reach STEP 2
	Ooops seem email correct
	Reach STEP 3
	Recalculated Price
	[157.339090386][$19.42]DONE
[193] HITTING ... 
	Go to home page
	Reach STEP 1
	Reach STEP 2
	Ooops seem email correct
	Reach STEP 3
	Recalculated Price
	[148.273505015][$14.22]DONE
[194] HITTING ... 
	change invalid email[lilly.hayes@aol.com] to default one
	Go to home page
	Reach STEP 1
	Reach STEP 2
	Ooops seem email correct
	Reach STEP 3
	dont need to recalculate price
	[159.287218395][$17.10]DONE
[195] HITTING ... 
	Go to home page
	Reach STEP 1
	Reach STEP 2
	Ooops seem email correct
	Reach STEP 3
	Recalculated Price
	[169.328321198][$15.83]DONE
[196] HITTING ... 
	change invalid email[ian.schwartz@aol.com] to default one
	Go to home page
	Reach STEP 1
	Reach STEP 2
	[196][126.303644922] MISSED: ["Renters", "94087", "Felicity", "Miles", "04/05/1990", "m", "1575 Tenaka Pl", "Sunnyvale", "CA", "N", "RENTED HOUSE - SINGLE FAMILY", "2 to 4", "0", nil, "0", "(619) 479-6565", "ian.schwartz@aol.com", "N", "N", "N", "N", "Y", "N", "NONE", "N", "N", "Keep default.", "28000", "Keep default", "1000", "100000", "N", "2500"]
	unable to locate element, using {:id=>"errordiv", :tag_name=>"div"}
[197] HITTING ... 
	Go to home page
	Reach STEP 1
	Reach STEP 2
	Ooops seem email correct
	Reach STEP 3
	Recalculated Price
	[162.334349953][$10.83]DONE
[198] HITTING ... 
	Go to home page
	Reach STEP 1
	Reach STEP 2
	Ooops seem email correct
	Reach STEP 3
	Recalculated Price
	[160.850365011][$28.47]DONE
[199] HITTING ... 
	Go to home page
	Reach STEP 1
	Reach STEP 2
	Ooops seem email correct
	Reach STEP 3
	Recalculated Price
	[139.10040585][$21.93]DONE
[200] HITTING ... 
	change invalid email[ian.schwartz@aol.com] to default one
	Go to home page
	Reach STEP 1
	Reach STEP 2
	Ooops seem email correct
	Reach STEP 3
	Recalculated Price
	[143.833750161][$18.62]DONE
[201] HITTING ... 
	change invalid email[adrian.gilbert@outlook.com] to default one
	Go to home page
	Reach STEP 1
	Reach STEP 2
	Ooops seem email correct
	Reach STEP 3
	Recalculated Price
	[152.907839061][$21.50]DONE
[202] HITTING ... 
	change invalid email[ian.schwartz@aol.com] to default one
	Go to home page
	Reach STEP 1
	Reach STEP 2
	Ooops seem email correct
	Reach STEP 3
	Recalculated Price
	[159.823916593][$16.30]DONE
[203] HITTING ... 
	change invalid email[alexandra.guerrero@aol.com] to default one
	Go to home page
	Reach STEP 1
	Reach STEP 2
	Ooops seem email correct
	Reach STEP 3
	Recalculated Price
	[161.245778145][$15.48]DONE
[204] HITTING ... 
	Go to home page
	Reach STEP 1
	Reach STEP 2
	Ooops seem email correct
	Reach STEP 3
	Recalculated Price
	[153.883059344][$17.91]DONE
[205] HITTING ... 
	Go to home page
	Reach STEP 1
	Reach STEP 2
	Ooops seem email correct
	Reach STEP 3
	Recalculated Price
	[140.164486023][$13.00]DONE
[206] HITTING ... 
	change invalid email[lilly.hayes@aol.com] to default one
	Go to home page
	Reach STEP 1
	Reach STEP 2
	Ooops seem email correct
	Reach STEP 3
	Recalculated Price
	[147.938197251][$12.36]DONE
[207] HITTING ... 
	change invalid email[lilly.hayes@aol.com] to default one
	Go to home page
	Reach STEP 1
	Reach STEP 2
	Ooops seem email correct
	Reach STEP 3
	Recalculated Price
	[182.642234937][$24.42]DONE
[208] HITTING ... 
skip to offset 207
[208] HITTING ... 
	Go to home page
	Reach STEP 1
	Reach STEP 2
	Reach STEP 3
	Recalculated Price
	[84.93747234][$23.59]DONE
[209] HITTING ... 
	Go to home page
	Reach STEP 1
	Reach STEP 2
	Ooops seem email correct
	Reach STEP 3
	Recalculated Price
	[96.262649314][$20.28]DONE
[210] HITTING ... 
	Go to home page
	Reach STEP 1
	Reach STEP 2
	Reach STEP 3
	Recalculated Price
	[101.018179845][$18.96]DONE
[211] HITTING ... 
	Go to home page
	Reach STEP 1
	Reach STEP 2
	Reach STEP 3
	Recalculated Price
	[93.52558477][$21.90]DONE
[212] HITTING ... 
	Go to home page
	Reach STEP 1
	Reach STEP 2
	Ooops seem email correct
	Reach STEP 3
	Recalculated Price
	[92.615981104][$18.89]DONE
[213] HITTING ... 
	Go to home page
	Reach STEP 1
	Reach STEP 2
	Ooops seem email correct
	Reach STEP 3
	Recalculated Price
	[84.502861878][$17.76]DONE
[214] HITTING ... 
	Go to home page
	Reach STEP 1
	Reach STEP 2
	Ooops seem email correct
	Reach STEP 3
	Recalculated Price
	[98.337727328][$14.66]DONE
[215] HITTING ... 
	Go to home page
	Reach STEP 1
	Reach STEP 2
	Ooops seem email correct
	Reach STEP 3
	Recalculated Price
	[115.374536209][$12.84]DONE
[216] HITTING ... 
	Go to home page
	Reach STEP 1
	Reach STEP 2
	Ooops seem email correct
	Reach STEP 3
	Recalculated Price
	[120.590853611][$20.92]DONE
[217] HITTING ... 
	Go to home page
	Reach STEP 1
	Reach STEP 2
	Ooops seem email correct
	Reach STEP 3
	Recalculated Price
	[162.904187512][$20.09]DONE
[218] HITTING ... 
	Go to home page
	Reach STEP 1
	Reach STEP 2
	Ooops seem email correct
	Reach STEP 3
	Recalculated Price
	[169.356252184][$16.78]DONE
[219] HITTING ... 
	Go to home page
	Reach STEP 1
	Reach STEP 2
	Ooops seem email correct
	Reach STEP 3
	Recalculated Price
	[154.759192902][$15.46]DONE
[220] HITTING ... 
	Go to home page
	Reach STEP 1
	Reach STEP 2
	Ooops seem email correct
	Reach STEP 3
	Recalculated Price
	[153.181781568][$14.47]DONE
[221] HITTING ... 
	Go to home page
	Reach STEP 1
	Reach STEP 2
	Ooops seem email correct
	Reach STEP 3
	Recalculated Price
	[141.285535087][$17.35]DONE
[222] HITTING ... 
	Go to home page
	Reach STEP 1
	Reach STEP 2
	Ooops seem email correct
	Reach STEP 3
	Recalculated Price
	[146.183107875][$16.08]DONE
[223] HITTING ... 
	change invalid email[adrian.gilbert@outlook.com] to default one
	Go to home page
	Reach STEP 1
	Reach STEP 2
	Ooops seem email correct
	Reach STEP 3
	Recalculated Price
	[165.37609842][$11.16]DONE
[224] HITTING ... 
	change invalid email[ian.schwartz@aol.com] to default one
	Go to home page
	Reach STEP 1
	Reach STEP 2
	Ooops seem email correct
	Reach STEP 3
	Recalculated Price
	[165.946892585][$18.37]DONE
[225] HITTING ... 
	change invalid email[adrian.gilbert@outlook.com] to default one
	Go to home page
	Reach STEP 1
	Reach STEP 2
	Ooops seem email correct
	Reach STEP 3
	Recalculated Price
	[164.256099165][$28.72]DONE
[226] HITTING ... 
	Go to home page
	Reach STEP 1
	Reach STEP 2
	Reach STEP 3
	Recalculated Price
	[164.022902741][$22.18]DONE
[227] HITTING ... 
	Go to home page
	Reach STEP 1
	Reach STEP 2
	Ooops seem email correct
	Reach STEP 3
	Recalculated Price
	[148.253307633][$18.87]DONE
[228] HITTING ... 
	change invalid email[adrian.gilbert@outlook.com] to default one
	Go to home page
	Reach STEP 1
	Reach STEP 2
	Ooops seem email correct
	Reach STEP 3
	Recalculated Price
	[155.352849712][$17.55]DONE
[229] HITTING ... 
	change invalid email[lilly.hayes@aol.com] to default one
	Go to home page
	Reach STEP 1
	Reach STEP 2
	Ooops seem email correct
	Reach STEP 3
	Recalculated Price
	[164.455213694][$20.49]DONE
[230] HITTING ... 
	change invalid email[alexandra.guerrero@aol.com] to default one
	Go to home page
	Reach STEP 1
	Reach STEP 2
	Ooops seem email correct
	Reach STEP 3
	Recalculated Price
	[170.228352781][$15.73]DONE
[231] HITTING ... 
	change invalid email[alexandra.guerrero@aol.com] to default one
	Go to home page
	Reach STEP 1
	Reach STEP 2
	Ooops seem email correct
	Reach STEP 3
	Recalculated Price
	[196.895557909][$16.35]DONE
[232] HITTING ... 
	change invalid email[ian.schwartz@aol.com] to default one
	Go to home page
	Reach STEP 1
	Reach STEP 2
	Ooops seem email correct
	Reach STEP 3
	Recalculated Price
	[157.607053111][$16.26]DONE
[233] HITTING ... 
	Go to home page
	Reach STEP 1
	Reach STEP 2
	Ooops seem email correct
	Reach STEP 3
	Recalculated Price
	[148.045004027][$11.43]DONE
[234] HITTING ... 
	change invalid email[alexandra.guerrero@aol.com] to default one
	Go to home page
	Reach STEP 1
	Reach STEP 2
	Ooops seem email correct
	Reach STEP 3
	Recalculated Price
	[170.044055774][$30.39]DONE
[235] HITTING ... 
	Go to home page
	Reach STEP 1
	Reach STEP 2
	Ooops seem email correct
	Reach STEP 3
	Recalculated Price
	[165.756240773][$23.84]DONE
[236] HITTING ... 
	Go to home page
	Reach STEP 1
	Reach STEP 2
	Ooops seem email correct
	Reach STEP 3
	Recalculated Price
	[165.249266407][$20.53]DONE
[237] HITTING ... 
	change invalid email[adrian.gilbert@outlook.com] to default one
	Go to home page
	Reach STEP 1
	Reach STEP 2
	Ooops seem email correct
	Reach STEP 3
	Recalculated Price
	[152.778745772][$19.21]DONE
[238] HITTING ... 
	change invalid email[adrian.gilbert@outlook.com] to default one
	Go to home page
	Reach STEP 1
	Reach STEP 2
	Ooops seem email correct
	Reach STEP 3
	Recalculated Price
	[146.46875009][$22.15]DONE
[239] HITTING ... 
	Go to home page
	Reach STEP 1
	Reach STEP 2
	Ooops seem email correct
	Reach STEP 3
	Recalculated Price
	[144.487214122][$17.39]DONE
[240] HITTING ... 
	change invalid email[lilly.hayes@aol.com] to default one
	Go to home page
	Reach STEP 1
	Reach STEP 2
	Ooops seem email correct
	Reach STEP 3
	Recalculated Price
	[157.993994529][$16.40]DONE
[241] HITTING ... 
	Go to home page
	Reach STEP 1
	Reach STEP 2
	[241][126.40126448] MISSED: ["Renters", "95030", "Piper", "Price", "11/18/1989", "f", "347 Massol Ave", "Los Gatos", "CA", "N", "RENTED HOUSE - SINGLE FAMILY", "2 to 4", "0", nil, "0", "(408) 245-6710", "elias.cain@outlook.com", "N", "N", "N", "N", "Y", "N", "NONE", "N", "N", "Keep default.", "28000", "Keep default", "2000", "500000", "N", "2500"]
	unable to locate element, using {:id=>"errordiv", :tag_name=>"div"}
[242] HITTING ... 
	change invalid email[ian.schwartz@aol.com] to default one
	Go to home page
	Reach STEP 1
	Reach STEP 2
	Ooops seem email correct
	Reach STEP 3
	Recalculated Price
	[175.260409209][$13.09]DONE
[243] HITTING ... 
	Go to home page
	Reach STEP 1
	Reach STEP 2
	Ooops seem email correct
	Reach STEP 3
	Recalculated Price
	[160.94166883][$21.68]DONE
[244] HITTING ... 
	Go to home page
	Reach STEP 1
	Reach STEP 2
	Ooops seem email correct
	Reach STEP 3
	Recalculated Price
	[143.427474978][$20.81]DONE
[245] HITTING ... 
	Go to home page
	Reach STEP 1
	Reach STEP 2
	Ooops seem email correct
	Reach STEP 3
	Recalculated Price
	[148.555078583][$17.34]DONE
[246] HITTING ... 
	Go to home page
	Reach STEP 1
	Reach STEP 2
	Ooops seem email correct
	Reach STEP 3
	Recalculated Price
	[153.103875577][$18.06]DONE
[247] HITTING ... 
	change invalid email[lilly.hayes@aol.com] to default one
	Go to home page
	Reach STEP 1
	Reach STEP 2
	Ooops seem email correct
	Reach STEP 3
	Recalculated Price
	[161.473087793][$19.08]DONE
[248] HITTING ... 
	change invalid email[ian.schwartz@aol.com] to default one
	Go to home page
	Reach STEP 1
	Reach STEP 2
	Ooops seem email correct
	Reach STEP 3
	dont need to recalculate price
	[172.585129235][$14.05]DONE
[249] HITTING ... 
	change invalid email[ian.schwartz@aol.com] to default one
	Go to home page
	Reach STEP 1
	Reach STEP 2
	Ooops seem email correct
	Reach STEP 3
	Recalculated Price
	[146.397674795][$13.01]DONE
[250] HITTING ... 
	change invalid email[adrian.gilbert@outlook.com] to default one
	Go to home page
	Reach STEP 1
	Reach STEP 2
	[250][120.792557556] MISSED: ["Renters", "95050", "Asher", "Moreno", "07/31/1988", "m", "1599 Warburton Ave", "Santa Clara", "CA", "N", "RENTED HOUSE - SINGLE FAMILY", "2 to 4", "0", nil, "0", "(619) 479-6565", "adrian.gilbert@outlook.com", "N", "N", "N", "N", "Y", "N", "NONE", "N", "N", "Keep default.", "32000", "Keep default", "1000", "100000", "N", "2500"]
	unable to locate element, using {:id=>"errordiv", :tag_name=>"div"}
[251] HITTING ... 
	Go to home page
	Reach STEP 1
	Reach STEP 2
	Ooops seem email correct
	Reach STEP 3
	Recalculated Price
	[155.198017286][$10.83]DONE
[252] HITTING ... 
	change invalid email[alexandra.guerrero@aol.com] to default one
	Go to home page
	Reach STEP 1
	Reach STEP 2
	Ooops seem email correct
	Reach STEP 3
	Recalculated Price
	[163.796818628][$23.76]DONE
[253] HITTING ... 
	change invalid email[adrian.gilbert@outlook.com] to default one
	Go to home page
	Reach STEP 1
	Reach STEP 2
	Ooops seem email correct
	Reach STEP 3
	Recalculated Price
	[154.738462787][$22.89]DONE
[254] HITTING ... 
	Go to home page
	Reach STEP 1
	Reach STEP 2
	Ooops seem email correct
	Reach STEP 3
	Recalculated Price
	[163.53783493][$19.43]DONE
[255] HITTING ... 
	change invalid email[ian.schwartz@aol.com] to default one
	Go to home page
	Reach STEP 1
	Reach STEP 2
	Ooops seem email correct
	Reach STEP 3
	Recalculated Price
	[148.47845896][$22.49]DONE
[256] HITTING ... 
	Go to home page
	Reach STEP 1
	Reach STEP 2
	Ooops seem email correct
	Reach STEP 3
	Recalculated Price
	[143.345230864][$17.00]DONE
[257] HITTING ... 
	change invalid email[adrian.gilbert@outlook.com] to default one
	Go to home page
	Reach STEP 1
	Reach STEP 2
	Ooops seem email correct
	Reach STEP 3
	Recalculated Price
	[150.06757854][$17.98]DONE
[258] HITTING ... 
	Go to home page
	Reach STEP 1
	Reach STEP 2
	Ooops seem email correct
	Reach STEP 3
	Recalculated Price
	[153.252879736][$18.72]DONE
[259] HITTING ... 
	Go to home page
	Reach STEP 1
	Reach STEP 2
	Ooops seem email correct
	Reach STEP 3
	Recalculated Price
	[157.435740531][$16.72]DONE
[260] HITTING ... 
	change invalid email[lilly.hayes@aol.com] to default one
	Go to home page
	Reach STEP 1
	Reach STEP 2
	Ooops seem email correct
	Reach STEP 3
	Recalculated Price
	[158.812553099][$14.28]DONE
[261] HITTING ... 
	Go to home page
	Reach STEP 1
	Reach STEP 2
	Ooops seem email correct
	Reach STEP 3
	Recalculated Price
	[147.456394618][$25.43]DONE
[262] HITTING ... 
	Go to home page
	Reach STEP 1
	Reach STEP 2
	Ooops seem email correct
	Reach STEP 3
	Recalculated Price
	[148.760219208][$24.56]DONE
[263] HITTING ... 
	change invalid email[ian.schwartz@aol.com] to default one
	Go to home page
	Reach STEP 1
	Reach STEP 2
	Ooops seem email correct
	Reach STEP 3
	Recalculated Price
	[164.338762227][$21.09]DONE
[264] HITTING ... 
	change invalid email[lilly.hayes@aol.com] to default one
	Go to home page
	Reach STEP 1
	Reach STEP 2
	Ooops seem email correct
	Reach STEP 3
	Recalculated Price
	[163.654603629][$19.70]DONE
[265] HITTING ... 
	change invalid email[lilly.hayes@aol.com] to default one
	Go to home page
	Reach STEP 1
	Reach STEP 2
	Ooops seem email correct
	Reach STEP 3
	Recalculated Price
	[168.51384209][$18.66]DONE
[266] HITTING ... 
	Go to home page
	Reach STEP 1
	Reach STEP 2
	Ooops seem email correct
	Reach STEP 3
	Recalculated Price
	[169.386550808][$19.65]DONE
[267] HITTING ... 
	Go to home page
	Reach STEP 1
	Reach STEP 2
	[267][116.390364255] MISSED: ["Renters", "95126", "Rosalie", "Mullins", "11/18/1989", "f", "850 Meridian Way", "San Jose", "CA", "N", "RENTED HOUSE - SINGLE FAMILY", "2 to 4", "0", nil, "0", "(415) 284-9080", "william.palmer@gmail.com", "N", "N", "N", "N", "Y", "N", "NONE", "N", "N", "Keep default.", "32000", "Keep default", "1000", "500000", "N", "1500"]
	unable to locate element, using {:id=>"errordiv", :tag_name=>"div"}
[268] HITTING ... 
	Go to home page
	Reach STEP 1
	Reach STEP 2
	Ooops seem email correct
	Reach STEP 3
	Recalculated Price
	[142.654905988][$15.20]DONE
[269] HITTING ... 
	Go to home page
	Reach STEP 1
	Reach STEP 2
	Ooops seem email correct
	Reach STEP 3
	Recalculated Price
	[164.948907874][$13.29]DONE
[270] HITTING ... 
	change invalid email[lilly.hayes@aol.com] to default one
	Go to home page
	Reach STEP 1
	Reach STEP 2
	Ooops seem email correct
	Reach STEP 3
	Recalculated Price
	[173.19681959][$27.98]DONE
[271] HITTING ... 
	change invalid email[lilly.hayes@aol.com] to default one
	Go to home page
	Reach STEP 1
	Reach STEP 2
	Ooops seem email correct
	Reach STEP 3
	Recalculated Price
	[169.191510741][$21.06]DONE
[272] HITTING ... 
	Go to home page
	Reach STEP 1
	Reach STEP 2
	Ooops seem email correct
	Reach STEP 3
	Recalculated Price
	[157.787222434][$17.59]DONE
[273] HITTING ... 
	change invalid email[adrian.gilbert@outlook.com] to default one
	Go to home page
	Reach STEP 1
	Reach STEP 2
	Ooops seem email correct
	Reach STEP 3
	Recalculated Price
	[154.256869436][$16.20]DONE
[274] HITTING ... 
	change invalid email[lilly.hayes@aol.com] to default one
	Go to home page
	Reach STEP 1
	Reach STEP 2
	Ooops seem email correct
	Reach STEP 3
	Recalculated Price
	[149.335608943][$15.16]DONE
[275] HITTING ... 
	Go to home page
	Reach STEP 1
	Reach STEP 2
	Ooops seem email correct
	Reach STEP 3
	Recalculated Price
	[153.178545][$14.30]DONE
[276] HITTING ... 
	Go to home page
	Reach STEP 1
	Reach STEP 2
	Ooops seem email correct
	Reach STEP 3
	Recalculated Price
	[172.374911813][$13.26]DONE
[277] HITTING ... 
	Go to home page
	Reach STEP 1
	Reach STEP 2
	Ooops seem email correct
	Reach STEP 3
	Recalculated Price
	[176.008067966][$11.70]DONE
[278] HITTING ... 
	Go to home page
	Reach STEP 1
	Reach STEP 2
	Ooops seem email correct
	Reach STEP 3
	Recalculated Price
	[148.131348719][$12.45]DONE
[279] HITTING ... 
	change invalid email[adrian.gilbert@outlook.com] to default one
	Go to home page
	Reach STEP 1
	Reach STEP 2
	Ooops seem email correct
	Reach STEP 3
	Recalculated Price
	[154.130268389][$26.87]DONE
[280] HITTING ... 
	Go to home page
	Reach STEP 1
	Reach STEP 2
	Ooops seem email correct
	Reach STEP 3
	Recalculated Price
	[160.262958275][$23.14]DONE
[281] HITTING ... 
	change invalid email[ian.schwartz@aol.com] to default one
	Go to home page
	Reach STEP 1
	Reach STEP 2
	Ooops seem email correct
	Reach STEP 3
	Recalculated Price
	[164.172790943][$19.68]DONE
[282] HITTING ... 
	Go to home page
	Reach STEP 1
	Reach STEP 2
	Ooops seem email correct
	Reach STEP 3
	Recalculated Price
	[175.193846263][$18.29]DONE
[283] HITTING ... 
	Go to home page
	Reach STEP 1
	Reach STEP 2
	Ooops seem email correct
	Reach STEP 3
	Recalculated Price
	[162.582558295][$17.25]DONE
[284] HITTING ... 
	Go to home page
	Reach STEP 1
	Reach STEP 2
	Ooops seem email correct
	Reach STEP 3
	Recalculated Price
	[153.197518513][$16.38]DONE
[285] HITTING ... 
	Go to home page
	Reach STEP 1
	Reach STEP 2
	Ooops seem email correct
	Reach STEP 3
	Recalculated Price
	[153.996116531][$15.34]DONE
[286] HITTING ... 
	Go to home page
	Reach STEP 1
	Reach STEP 2
	Ooops seem email correct
	Reach STEP 3
	Recalculated Price
	[164.635440659][$13.78]DONE
[287] HITTING ... 
	change invalid email[adrian.gilbert@outlook.com] to default one
	Go to home page
	Reach STEP 1
	Reach STEP 2
	Ooops seem email correct
	Reach STEP 3
	Recalculated Price
	[154.474873878][$11.87]DONE
[288] HITTING ... 
	Go to home page
	Reach STEP 1
	Reach STEP 2
	Ooops seem email correct
	Reach STEP 3
	Recalculated Price
	[156.07948561][$25.68]DONE
[289] HITTING ... 
	Go to home page
	Reach STEP 1
	Reach STEP 2
	Ooops seem email correct
	Reach STEP 3
	Recalculated Price
	[151.822246841][$24.81]DONE
[290] HITTING ... 
	change invalid email[alexandra.guerrero@aol.com] to default one
	Go to home page
	Reach STEP 1
	Reach STEP 2
	[290][150.613491111] MISSED: ["Renters", "95014", "Juliette", "Curtis", "03/27/1987", "f", "19608 Pruneridge Ave", "Cupertino", "CA", "N", "RENTED HOUSE - SINGLE FAMILY", "2 to 4", "0", nil, "0", "(831) 384-7159", "alexandra.guerrero@aol.com", "N", "N", "N", "N", "Y", "N", "NONE", "N", "N", "Keep default.", "32000", "Keep default", "2000", "500000", "N", "250"]
	Timeout::Error
[291] HITTING ... 
	Go to home page
	Reach STEP 1
	Reach STEP 2
	Ooops seem email correct
	Reach STEP 3
	Recalculated Price
	[148.177490306][$35.85]DONE
[292] HITTING ... 
	Go to home page
	Reach STEP 1
	Reach STEP 2
	Ooops seem email correct
	Reach STEP 3
	Recalculated Price
	[157.810195582][$18.91]DONE
[293] HITTING ... 
	Go to home page
	Reach STEP 1
	Reach STEP 2
	Ooops seem email correct
	Reach STEP 3
	Recalculated Price
	[155.051597206][$18.05]DONE
[294] HITTING ... 
	Go to home page
	Reach STEP 1
	Reach STEP 2
	Ooops seem email correct
	Reach STEP 3
	Recalculated Price
	[158.288528626][$17.01]DONE
[295] HITTING ... 
	Go to home page
	Reach STEP 1
	Reach STEP 2
	Ooops seem email correct
	Reach STEP 3
	Recalculated Price
	[148.875892947][$16.95]DONE
[296] HITTING ... 
	Go to home page
	Reach STEP 1
	Reach STEP 2
	Ooops seem email correct
	Reach STEP 3
	Recalculated Price
	[147.072108012][$14.80]DONE
[297] HITTING ... 
	Go to home page
	Reach STEP 1
	Reach STEP 2
	Ooops seem email correct
	Reach STEP 3
	Recalculated Price
	[153.723417948][$22.43]DONE
[298] HITTING ... 
	Go to home page
	Reach STEP 1
	Reach STEP 2
	Ooops seem email correct
	Reach STEP 3
	Recalculated Price
	[148.885906271][$21.54]DONE
[299] HITTING ... 
	Go to home page
	Reach STEP 1
	Reach STEP 2
	Ooops seem email correct
	Reach STEP 3
	Recalculated Price
	[148.658900496][$17.95]DONE
[300] HITTING ... 
	Go to home page
	Reach STEP 1
	Reach STEP 2
	Ooops seem email correct
	Reach STEP 3
	Recalculated Price
	[158.538136449][$21.09]DONE
[301] HITTING ... 
	Go to home page
	Reach STEP 1
	Reach STEP 2
	Ooops seem email correct
	Reach STEP 3
	Recalculated Price
	[158.698956338][$15.44]DONE
[302] HITTING ... 
	Go to home page
	Reach STEP 1
	Reach STEP 2
	Ooops seem email correct
	Reach STEP 3
	dont need to recalculate price
	[170.888493408][$14.54]DONE
[303] HITTING ... 
	Go to home page
	Reach STEP 1
	Reach STEP 2
	Ooops seem email correct
	Reach STEP 3
	Recalculated Price
	[153.759701399][$17.19]DONE
[304] HITTING ... 
	Go to home page
	Reach STEP 1
	Reach STEP 2
	[304][114.361748355] MISSED: ["Renters", "95030", "Claire", "Mcdaniel", "03/08/1990", "m", "347 Massol Ave", "Los Gatos", "CA", "N", "RENTED HOUSE - SINGLE FAMILY", "2 to 4", "0", nil, "0", "(707) 781-1993", "savannah.silva@aol.com", "N", "N", "N", "N", "Y", "N", "NONE", "N", "N", "Keep default.", "35000", "Keep default", "1000", "100000", "N", "2500"]
	unable to locate element, using {:id=>"errordiv", :tag_name=>"div"}
[305] HITTING ... 
	Go to home page
	Reach STEP 1
	Reach STEP 2
	Ooops seem email correct
	Reach STEP 3
	Recalculated Price
	[160.03927879][$12.61]DONE
[306] HITTING ... 
	Go to home page
	Reach STEP 1
	Reach STEP 2
	Ooops seem email correct
	Reach STEP 3
	Recalculated Price
	[167.623837438][$24.52]DONE
[307] HITTING ... 
	change invalid email[adrian.gilbert@outlook.com] to default one
	Go to home page
	Reach STEP 1
	Reach STEP 2
	Ooops seem email correct
	Reach STEP 3
	Recalculated Price
	[161.538881409][$29.59]DONE
[308] HITTING ... 
	Go to home page
	Reach STEP 1
	Reach STEP 2
	Ooops seem email correct
	Reach STEP 3
	Recalculated Price
	[191.053067325][$25.00]DONE
[309] HITTING ... 
	change invalid email[alexandra.guerrero@aol.com] to default one
	Go to home page
	Reach STEP 1
	Reach STEP 2
	Ooops seem email correct
	Fail to find 'Continue' button on step 3 of quote page
	Reach STEP 3
	[309][232.245786622] MISSED: ["Renters", "95134", "Madelyn", "Bradley", "05/06/1989", "f", "4343 Renaissance Dr", "San Jose", "CA", "N", "RENTED HOUSE - SINGLE FAMILY", "2 to 4", "0", nil, "0", "(866) 835-1449", "alexandra.guerrero@aol.com", "N", "N", "N", "N", "Y", "N", "NONE", "N", "N", "Keep default.", "35000", "Keep default", "1000", "300000", "N", "500"]
	unknown error: Cannot set property 'onblur' of null
  (Session info: chrome=45.0.2454.99)
  (Driver info: chromedriver=2.18.343837 (52eb4041461e46a6b73308ebb19e85787ced4281),platform=Linux 3.13.0-48-generic x86_64)
[310] HITTING ... 
	change invalid email[adrian.gilbert@outlook.com] to default one
	Go to home page
	[310][104.250372785] MISSED: ["Renters", "94086", "Aidan", "Powell", "11/18/1989", "f", "825 E Evelyn Ave", "Sunnyvale", "CA", "N", "RENTED HOUSE - SINGLE FAMILY", "2 to 4", "0", nil, "0", "(415) 359-1333", "adrian.gilbert@outlook.com", "N", "N", "N", "N", "Y", "N", "NONE", "N", "N", "Keep default.", "35000", "Keep default", "1000", "300000", "N", "750"]
	Timeout::Error
[311] HITTING ... 
	change invalid email[lilly.hayes@aol.com] to default one
	Go to home page
	Reach STEP 1
	Reach STEP 2
	Ooops seem email correct
	Fail to find 'Continue' button on step 3 of quote page
	Reach STEP 3
	[311][270.91731732] MISSED: ["Renters", "95020", "Arianna", "Mendez", "03/03/1988", "m", "7397 Monterey St", "Gilroy", "CA", "N", "RENTED HOUSE - SINGLE FAMILY", "2 to 4", "0", nil, "0", "(415) 230-1996", "lilly.hayes@aol.com", "N", "N", "N", "N", "Y", "N", "NONE", "N", "N", "Keep default.", "35000", "Keep default", "1000", "300000", "N", "1000"]
	unknown error: Cannot set property 'onblur' of null
  (Session info: chrome=45.0.2454.99)
  (Driver info: chromedriver=2.18.343837 (52eb4041461e46a6b73308ebb19e85787ced4281),platform=Linux 3.13.0-48-generic x86_64)
[312] HITTING ... 
	Go to home page
	Reach STEP 1
	Reach STEP 2
	Ooops seem email correct
	Fail to find 'Continue' button on step 3 of quote page
	email[scarlett.richard@gmail.com] is invalid, use default email
	Reach STEP 3
	[312][222.463288553] MISSED: ["Renters", "95020", "Max", "Austin", "07/31/1988", "m", "500 Ioof Ave", "Gilroy", "CA", "N", "RENTED HOUSE - SINGLE FAMILY", "2 to 4", "0", nil, "0", "(650) 756-1405", "scarlett.richard@gmail.com", "N", "N", "N", "N", "Y", "N", "NONE", "N", "N", "Keep default.", "35000", "Keep default", "1000", "300000", "N", "1500"]
	unknown error: Cannot set property 'onblur' of null
  (Session info: chrome=45.0.2454.99)
  (Driver info: chromedriver=2.18.343837 (52eb4041461e46a6b73308ebb19e85787ced4281),platform=Linux 3.13.0-48-generic x86_64)
[313] HITTING ... 
	Go to home page
	Reach STEP 1
	Reach STEP 2
	Ooops seem email correct
	Reach STEP 3
	Recalculated Price
	Can not find agent name
	[171.157672642][$13.93]DONE
[314] HITTING ... 
	change invalid email[adrian.gilbert@outlook.com] to default one
	Go to home page
	Reach STEP 1
	Reach STEP 2
	Ooops seem email correct
	Reach STEP 3
	Recalculated Price
	Can not find agent name
	[188.199903401][$11.95]DONE
[315] HITTING ... 
	change invalid email[ian.schwartz@aol.com] to default one
	Go to home page
	Reach STEP 1
	Reach STEP 2
	Ooops seem email correct
	Reach STEP 3
	Recalculated Price
	Fail to find 'Recalculated' button on step 3 of quote page
	[315][172.077946495] MISSED: ["Renters", "95035", "Jakob", "Webster", "03/03/1988", "m", "440 Dixon Landing Rd", "Milpitas", "CA", "N", "RENTED HOUSE - SINGLE FAMILY", "2 to 4", "0", nil, "0", "(650) 991-0777", "ian.schwartz@aol.com", "N", "N", "N", "N", "Y", "N", "NONE", "N", "N", "Keep default.", "35000", "Keep default", "1000", "500000", "N", "100"]
	fail to find buy button
[316] HITTING ... 
	change invalid email[ian.schwartz@aol.com] to default one
	Go to home page
	Reach STEP 1
	Reach STEP 2
	Ooops seem email correct
	Reach STEP 3
	Recalculated Price
	Can not find agent name
	[180.306836164][$25.29]DONE
[317] HITTING ... 
	change invalid email[adrian.gilbert@outlook.com] to default one
	Go to home page
	Reach STEP 1
	Reach STEP 2
	Ooops seem email correct
	Reach STEP 3
	Recalculated Price
	Fail to find 'Recalculated' button on step 3 of quote page
	[317][173.635750694] MISSED: ["Renters", "95030", "Lukas", "Patterson", "11/18/1989", "m", "10 Jackson St 107", "Los Gatos", "CA", "N", "RENTED HOUSE - SINGLE FAMILY", "2 to 4", "0", nil, "0", "(415) 333-9956", "adrian.gilbert@outlook.com", "N", "N", "N", "N", "Y", "N", "NONE", "N", "N", "Keep default.", "35000", "Keep default", "1000", "500000", "N", "250"]
	fail to find buy button
[318] HITTING ... 
	change invalid email[ian.schwartz@aol.com] to default one
	Go to home page
	Reach STEP 1
	Reach STEP 2
	Ooops seem email correct
	Reach STEP 3
	Recalculated Price
	Can not find agent name
	[188.478071048][$20.26]DONE
[319] HITTING ... 
	change invalid email[ian.schwartz@aol.com] to default one
	Go to home page
	Reach STEP 1
	Reach STEP 2
	Ooops seem email correct
	Reach STEP 3
	Recalculated Price
	Can not find agent name
	[189.211156167][$19.18]DONE
[320] HITTING ... 
	Go to home page
	Reach STEP 1
	Reach STEP 2
	Ooops seem email correct
	Reach STEP 3
	Recalculated Price
	Can not find agent name
	[186.282520795][$18.29]DONE
[321] HITTING ... 
	Go to home page
	Reach STEP 1
	Reach STEP 2
	Ooops seem email correct
	Reach STEP 3
	Recalculated Price
	Can not find agent name
	[184.460367129][$17.21]DONE
[322] HITTING ... 
	change invalid email[adrian.gilbert@outlook.com] to default one
	Go to home page
	Reach STEP 1
	Reach STEP 2
	Ooops seem email correct
	Reach STEP 3
	Recalculated Price
	Can not find agent name
	[195.551591806][$15.60]DONE
[323] HITTING ... 
	Go to home page
	Reach STEP 1
	Reach STEP 2
	Ooops seem email correct
	Reach STEP 3
	Recalculated Price
	Can not find agent name
	[182.583852122][$13.62]DONE
[324] HITTING ... 
	change invalid email[ian.schwartz@aol.com] to default one
	Go to home page
	Reach STEP 1
	Reach STEP 2
	Ooops seem email correct
	Reach STEP 3
	Recalculated Price
	Can not find agent name
	[187.978438556][$28.90]DONE
[325] HITTING ... 
	Go to home page
	Reach STEP 1
	Reach STEP 2
	Ooops seem email correct
	Reach STEP 3
	Recalculated Price
	[167.706991529][$21.79]DONE
[326] HITTING ... 
	Go to home page
	Reach STEP 1
	Reach STEP 2
	Ooops seem email correct
	Reach STEP 3
	Recalculated Price
	[164.133173062][$36.08]DONE
[327] HITTING ... 
	change invalid email[adrian.gilbert@outlook.com] to default one
	Go to home page
	Reach STEP 1
	Reach STEP 2
	Ooops seem email correct
	Reach STEP 3
	Recalculated Price
	[154.960154728][$18.93]DONE
[328] HITTING ... 
	Go to home page
	Reach STEP 1
	Reach STEP 2
	Ooops seem email correct
	Reach STEP 3
	Recalculated Price
	[141.212647974][$31.06]DONE
[329] HITTING ... 
	Go to home page
	Reach STEP 1
	Reach STEP 2
	Ooops seem email correct
	Reach STEP 3
	Recalculated Price
	[145.250804693][$16.69]DONE
[330] HITTING ... 
	Go to home page
	Reach STEP 1
	Reach STEP 2
	Ooops seem email correct
	Reach STEP 3
	Recalculated Price
	[154.007719841][$13.71]DONE
[331] HITTING ... 
	change invalid email[ian.schwartz@aol.com] to default one
	Go to home page
	Reach STEP 1
	Reach STEP 2
	Ooops seem email correct
	Reach STEP 3
	Recalculated Price
	[157.718855201][$12.10]DONE
[332] HITTING ... 
	Go to home page
	Reach STEP 1
	Reach STEP 2
	Ooops seem email correct
	Reach STEP 3
	Recalculated Price
	[167.442716302][$19.96]DONE
[333] HITTING ... 
	Go to home page
	Reach STEP 1
	Reach STEP 2
	Ooops seem email correct
	Reach STEP 3
	Recalculated Price
	[152.542018836][$24.77]DONE
[334] HITTING ... 
	change invalid email[ian.schwartz@aol.com] to default one
	Go to home page
	Reach STEP 1
	Reach STEP 2
	Ooops seem email correct
	Reach STEP 3
	Recalculated Price
	[153.935259804][$23.87]DONE
[335] HITTING ... 
	Go to home page
	Reach STEP 1
	Reach STEP 2
	Ooops seem email correct
	Reach STEP 3
	Recalculated Price
	[148.489118388][$22.63]DONE
[336] HITTING ... 
	Go to home page
	Reach STEP 1
	Reach STEP 2
	Ooops seem email correct
	Reach STEP 3
	Recalculated Price
	[159.128822557][$23.42]DONE
[337] HITTING ... 
	change invalid email[lilly.hayes@aol.com] to default one
	Go to home page
	Reach STEP 1
	Reach STEP 2
	Ooops seem email correct
	Reach STEP 3
	Recalculated Price
	[157.685797929][$17.77]DONE
[338] HITTING ... 
	Go to home page
	Reach STEP 1
	Reach STEP 2
	Ooops seem email correct
	Reach STEP 3
	Recalculated Price
	[170.001826741][$20.90]DONE
[339] HITTING ... 
	Go to home page
	Reach STEP 1
	Reach STEP 2
	Ooops seem email correct
	Reach STEP 3
	Recalculated Price
	[156.097390316][$15.79]DONE
[340] HITTING ... 
	change invalid email[lilly.hayes@aol.com] to default one
	Go to home page
	Reach STEP 1
	Reach STEP 2
	Ooops seem email correct
	Reach STEP 3
	Recalculated Price
	[151.92844357][$15.73]DONE
[341] HITTING ... 
	Go to home page
	Reach STEP 1
	Reach STEP 2
	Ooops seem email correct
	Reach STEP 3
	Recalculated Price
	[147.707418898][$12.20]DONE
[342] HITTING ... 
	Go to home page
	Reach STEP 1
	Reach STEP 2
	Ooops seem email correct
	Reach STEP 3
	Recalculated Price
	[154.54104163][$29.37]DONE
[343] HITTING ... 
	Go to home page
	Reach STEP 1
	Reach STEP 2
	Ooops seem email correct
	Reach STEP 3
	Recalculated Price
	[154.678611393][$28.36]DONE
[344] HITTING ... 
	Go to home page
	Reach STEP 1
	Reach STEP 2
	Ooops seem email correct
	Reach STEP 3
	Recalculated Price
	[159.678321372][$39.83]DONE
[345] HITTING ... 
	Go to home page
	Reach STEP 1
	Reach STEP 2
	Ooops seem email correct
	Reach STEP 3
	Recalculated Price
	[152.14092126][$20.51]DONE
[346] HITTING ... 
	change invalid email[adrian.gilbert@outlook.com] to default one
	Go to home page
	Reach STEP 1
	Reach STEP 2
	Ooops seem email correct
	Reach STEP 3
	Recalculated Price
	[147.595747962][$19.43]DONE
[347] HITTING ... 
	Go to home page
	Reach STEP 1
	Reach STEP 2
	Ooops seem email correct
	Reach STEP 3
	Recalculated Price
	[159.506073335][$18.54]DONE
[348] HITTING ... 
	Go to home page
	Reach STEP 1
	Reach STEP 2
	Ooops seem email correct
	Reach STEP 3
	Recalculated Price
	[166.702119673][$30.87]DONE
[349] HITTING ... 
	change invalid email[alexandra.guerrero@aol.com] to default one
	Go to home page
	Reach STEP 1
	Reach STEP 2
	Ooops seem email correct
	Reach STEP 3
	Recalculated Price
	[164.987001877][$19.13]DONE
[350] HITTING ... 
	Go to home page
	Reach STEP 1
	Reach STEP 2
	[350][130.097107432] MISSED: ["Renters", "95128", "Elise", "Mcgee", "02/04/1989", "m", "500 S Winchester Blvd", "San Jose", "CA", "N", "RENTED HOUSE - SINGLE FAMILY", "2 to 4", "0", nil, "0", "(619) 447-3000", "elias.cain@outlook.com", "N", "N", "N", "N", "Y", "N", "NONE", "N", "N", "Keep default.", "35000", "Keep default", "2000", "500000", "N", "5000"]
	unable to locate element, using {:id=>"errordiv", :tag_name=>"div"}
[351] HITTING ... 
	Go to home page
	Reach STEP 1
	Reach STEP 2
	Ooops seem email correct
	Reach STEP 3
	Recalculated Price
	[147.275004734][$23.70]DONE
[352] HITTING ... 
	change invalid email[lilly.hayes@aol.com] to default one
	Go to home page
	Reach STEP 1
	Reach STEP 2
	Ooops seem email correct
	Reach STEP 3
	Recalculated Price
	[146.433709885][$28.96]DONE
[353] HITTING ... 
	Go to home page
	Reach STEP 1
	Reach STEP 2
	Ooops seem email correct
	Reach STEP 3
	Recalculated Price
	[150.121522093][$18.96]DONE
[354] HITTING ... 
	Go to home page
	Reach STEP 1
	Reach STEP 2
	Ooops seem email correct
	Reach STEP 3
	Recalculated Price
	[155.197004522][$17.44]DONE
[355] HITTING ... 
	Go to home page
	Reach STEP 1
	Reach STEP 2
	Ooops seem email correct
	Reach STEP 3
	Recalculated Price
	[155.810515437][$20.75]DONE
[356] HITTING ... 
	change invalid email[lilly.hayes@aol.com] to default one
	Go to home page
	Reach STEP 1
	Reach STEP 2
	Ooops seem email correct
	Reach STEP 3
	dont need to recalculate price
	[162.203208816][$15.35]DONE
[357] HITTING ... 
	Go to home page
	Reach STEP 1
	Reach STEP 2
	Ooops seem email correct
	Reach STEP 3
	Recalculated Price
	[140.352958161][$28.33]DONE
[358] HITTING ... 
	change invalid email[adrian.gilbert@outlook.com] to default one
	Go to home page
	Reach STEP 1
	Reach STEP 2
	Ooops seem email correct
	Reach STEP 3
	Recalculated Price
	[162.772951358][$12.51]DONE
[359] HITTING ... 
	Go to home page
	Reach STEP 1
	Reach STEP 2
	Ooops seem email correct
	Reach STEP 3
	Recalculated Price
	[159.676956649][$10.83]DONE
[360] HITTING ... 
	Go to home page
	Reach STEP 1
	Reach STEP 2
	Ooops seem email correct
	Reach STEP 3
	Recalculated Price
	[154.359015542][$32.25]DONE
[361] HITTING ... 
	Go to home page
	Reach STEP 1
	Reach STEP 2
	Ooops seem email correct
	Reach STEP 3
	Recalculated Price
	[189.645305092][$24.83]DONE
[362] HITTING ... 
	Go to home page
	Reach STEP 1
	Reach STEP 2
	Ooops seem email correct
	Reach STEP 3
	Recalculated Price
	[154.854066461][$21.04]DONE
[363] HITTING ... 
	change invalid email[lilly.hayes@aol.com] to default one
	Go to home page
	Reach STEP 1
	Reach STEP 2
	Ooops seem email correct
	Reach STEP 3
	Recalculated Price
	[146.550440104][$19.52]DONE
[364] HITTING ... 
	change invalid email[ian.schwartz@aol.com] to default one
	Go to home page
	Reach STEP 1
	Reach STEP 2
	Ooops seem email correct
	Reach STEP 3
	Recalculated Price
	[158.737373738][$18.39]DONE
[365] HITTING ... 
	change invalid email[alexandra.guerrero@aol.com] to default one
	Go to home page
	Reach STEP 1
	Reach STEP 2
	Ooops seem email correct
	Reach STEP 3
	Recalculated Price
	[163.040288807][$17.44]DONE
[366] HITTING ... 
	Go to home page
	Reach STEP 1
	Reach STEP 2
	Ooops seem email correct
	Reach STEP 3
	Recalculated Price
	[167.135037485][$16.30]DONE
[367] HITTING ... 
	Go to home page
	Reach STEP 1
	Reach STEP 2
	Ooops seem email correct
	Reach STEP 3
	Recalculated Price
	[165.575484796][$18.01]DONE
[368] HITTING ... 
	Go to home page
	Reach STEP 1
	Reach STEP 2
	Ooops seem email correct
	Reach STEP 3
	Recalculated Price
	[146.414164326][$12.51]DONE
[369] HITTING ... 
	Go to home page
	Reach STEP 1
	Reach STEP 2
	Ooops seem email correct
	Reach STEP 3
	Recalculated Price
	[142.794708338][$27.45]DONE
[370] HITTING ... 
	change invalid email[alexandra.guerrero@aol.com] to default one
	Go to home page
	Reach STEP 1
	Reach STEP 2
	Ooops seem email correct
	Reach STEP 3
	Recalculated Price
	[151.019522033][$32.71]DONE
[371] HITTING ... 
	Go to home page
	Reach STEP 1
	Reach STEP 2
	Ooops seem email correct
	Reach STEP 3
	Recalculated Price
	[166.774047498][$22.71]DONE
[372] HITTING ... 
	change invalid email[adrian.gilbert@outlook.com] to default one
	Go to home page
	Reach STEP 1
	Reach STEP 2
	Ooops seem email correct
	Reach STEP 3
	Recalculated Price
	[174.696291121][$25.95]DONE
[373] HITTING ... 
	Go to home page
	Reach STEP 1
	Reach STEP 2
	Ooops seem email correct
	Reach STEP 3
	Recalculated Price
	[164.685510021][$20.05]DONE
[374] HITTING ... 
	change invalid email[lilly.hayes@aol.com] to default one
	Go to home page
	Reach STEP 1
	Reach STEP 2
	Ooops seem email correct
	Reach STEP 3
	Recalculated Price
	[147.540690361][$34.35]DONE
[375] HITTING ... 
	change invalid email[alexandra.guerrero@aol.com] to default one
	Go to home page
	Reach STEP 1
	Reach STEP 2
	Ooops seem email correct
	Reach STEP 3
	Recalculated Price
	[150.231962033][$17.97]DONE
[376] HITTING ... 
	Go to home page
	Reach STEP 1
	Reach STEP 2
	Ooops seem email correct
	Reach STEP 3
	Recalculated Price
	[167.279152479][$16.26]DONE
[377] HITTING ... 
	Go to home page
	Reach STEP 1
	Reach STEP 2
	Ooops seem email correct
	Reach STEP 3
	Recalculated Price
	[164.93785206][$14.18]DONE
[378] HITTING ... 
	change invalid email[lilly.hayes@aol.com] to default one
	Go to home page
	Reach STEP 1
	Reach STEP 2
	Ooops seem email correct
	Reach STEP 3
	Recalculated Price
	[166.378237598][$23.95]DONE
[379] HITTING ... 
	change invalid email[lilly.hayes@aol.com] to default one
	Go to home page
	Reach STEP 1
	Reach STEP 2
	Ooops seem email correct
	Reach STEP 3
	Recalculated Price
	[157.583214849][$23.00]DONE
[380] HITTING ... 
	Go to home page
	Reach STEP 1
	Reach STEP 2
	Ooops seem email correct
	Reach STEP 3
	Recalculated Price
	[146.615945192][$24.38]DONE
[381] HITTING ... 
	Go to home page
	Reach STEP 1
	Reach STEP 2
	[381][110.264162314] MISSED: ["Renters", "95020", "Elias", "Wise", "11/18/1989", "m", "500 Ioof Ave", "Gilroy", "CA", "N", "RENTED HOUSE - SINGLE FAMILY", "2 to 4", "0", nil, "0", "(408) 586-9001", "william.palmer@gmail.com", "N", "N", "N", "N", "Y", "N", "NONE", "N", "N", "Keep default.", "40000", "Keep default", "2000", "100000", "N", "500"]
	unable to locate element, using {:id=>"errordiv", :tag_name=>"div"}
[382] HITTING ... 
	change invalid email[lilly.hayes@aol.com] to default one
	Go to home page
	Reach STEP 1
	Reach STEP 2
	Ooops seem email correct
	Reach STEP 3
	Recalculated Price
	[158.80398967][$18.69]DONE
[383] HITTING ... 
	Go to home page
	Reach STEP 1
	Reach STEP 2
	Ooops seem email correct
	Reach STEP 3
	Recalculated Price
	[153.004471792][$19.80]DONE
[384] HITTING ... 
	Go to home page
	Reach STEP 1
	Reach STEP 2
	Ooops seem email correct
	Reach STEP 3
	Recalculated Price
	[156.390223289][$14.47]DONE
[385] HITTING ... 
	Go to home page
	Reach STEP 1
	Reach STEP 2
	Ooops seem email correct
	Reach STEP 3
	Recalculated Price
	[153.468086051][$12.76]DONE
[386] HITTING ... 
	Go to home page
	Reach STEP 1
	Reach STEP 2
	Ooops seem email correct
	Reach STEP 3
	Recalculated Price
	[139.969009117][$13.52]DONE
[387] HITTING ... 
	change invalid email[lilly.hayes@aol.com] to default one
	Go to home page
	Reach STEP 1
	Reach STEP 2
	Ooops seem email correct
	Reach STEP 3
	Recalculated Price
	[147.755250786][$32.50]DONE
[388] HITTING ... 
	Go to home page
	Reach STEP 1
	Reach STEP 2
	Ooops seem email correct
	Reach STEP 3
	Recalculated Price
	[154.521614539][$31.29]DONE
[389] HITTING ... 
	Go to home page
	Reach STEP 1
	Reach STEP 2
	Ooops seem email correct
	Reach STEP 3
	Recalculated Price
	[154.998616664][$40.11]DONE
[390] HITTING ... 
	Go to home page
	Reach STEP 1
	Reach STEP 2
	Ooops seem email correct
	Reach STEP 3
	Recalculated Price
	[157.930645315][$24.54]DONE
[391] HITTING ... 
	Go to home page
	Reach STEP 1
	Reach STEP 2
	Ooops seem email correct
	Reach STEP 3
	Recalculated Price
	[154.984691383][$18.64]DONE
[392] HITTING ... 
	change invalid email[adrian.gilbert@outlook.com] to default one
	Go to home page
	Reach STEP 1
	Reach STEP 2
	Ooops seem email correct
	Reach STEP 3
	Recalculated Price
	[140.438460307][$19.70]DONE
[393] HITTING ... 
	change invalid email[ian.schwartz@aol.com] to default one
	Go to home page
	Reach STEP 1
	Reach STEP 2
	Ooops seem email correct
	Reach STEP 3
	Recalculated Price
	[149.984636998][$16.55]DONE
[394] HITTING ... 
	change invalid email[lilly.hayes@aol.com] to default one
	Go to home page
	Reach STEP 1
	Reach STEP 2
	Ooops seem email correct
	Reach STEP 3
	Recalculated Price
	[156.623723416][$14.84]DONE
[395] HITTING ... 
	Go to home page
	Reach STEP 1
	Reach STEP 2
	Ooops seem email correct
	Reach STEP 3
	Recalculated Price
	[154.747740152][$12.76]DONE
[396] HITTING ... 
	Go to home page
	Reach STEP 1
	Reach STEP 2
	Ooops seem email correct
	Reach STEP 3
	Recalculated Price
	[186.615773024][$27.70]DONE
[397] HITTING ... 
	change invalid email[alexandra.guerrero@aol.com] to default one
	Go to home page
	Reach STEP 1
	Reach STEP 2
	Ooops seem email correct
	Reach STEP 3
	Recalculated Price
	[150.595067349][$26.75]DONE
[398] HITTING ... 
	Go to home page
	Reach STEP 1
	Reach STEP 2
	Ooops seem email correct
	Reach STEP 3
	Recalculated Price
	[137.73221329][$22.96]DONE
[399] HITTING ... 
	Go to home page
	Reach STEP 1
	Reach STEP 2
	Ooops seem email correct
	Reach STEP 3
	Recalculated Price
	[148.003262282][$21.44]DONE
[400] HITTING ... 
	change invalid email[ian.schwartz@aol.com] to default one
	Go to home page
	Reach STEP 1
	Reach STEP 2
	Ooops seem email correct
	Reach STEP 3
	Recalculated Price
	[160.143167086][$20.30]DONE
[401] HITTING ... 
	change invalid email[ian.schwartz@aol.com] to default one
	Go to home page
	Reach STEP 1
	Reach STEP 2
	Ooops seem email correct
	Reach STEP 3
	Recalculated Price
	[161.960420608][$19.35]DONE
[402] HITTING ... 
	change invalid email[lilly.hayes@aol.com] to default one
	Go to home page
	Reach STEP 1
	Reach STEP 2
	Ooops seem email correct
	Reach STEP 3
	Recalculated Price
	[159.244695038][$18.22]DONE
[403] HITTING ... 
	Go to home page
	Reach STEP 1
	Reach STEP 2
	Ooops seem email correct
	Reach STEP 3
	Recalculated Price
	[151.732966042][$16.51]DONE
[404] HITTING ... 
	change invalid email[adrian.gilbert@outlook.com] to default one
	Go to home page
	Reach STEP 1
	Reach STEP 2
	Ooops seem email correct
	Reach STEP 3
	Recalculated Price
	[147.686388301][$17.27]DONE
[405] HITTING ... 
	change invalid email[lilly.hayes@aol.com] to default one
	Go to home page
	Reach STEP 1
	Reach STEP 2
	Ooops seem email correct
	Reach STEP 3
	Recalculated Price
	[169.235566754][$26.13]DONE
[406] HITTING ... 
	Go to home page
	Reach STEP 1
	Reach STEP 2
	Ooops seem email correct
	Reach STEP 3
	Recalculated Price
	[162.367224275][$31.94]DONE
[407] HITTING ... 
	Go to home page
	Reach STEP 1
	Reach STEP 2
	Ooops seem email correct
	Reach STEP 3
	Recalculated Price
	[164.651289187][$20.91]DONE
[408] HITTING ... 
	change invalid email[alexandra.guerrero@aol.com] to default one
	Go to home page
	Reach STEP 1
	Reach STEP 2
	Ooops seem email correct
	Reach STEP 3
	Recalculated Price
	[162.501523085][$19.23]DONE
[409] HITTING ... 
	Go to home page
	Reach STEP 1
	Reach STEP 2
	Ooops seem email correct
	Reach STEP 3
	Recalculated Price
	[147.288090219][$22.89]DONE
[410] HITTING ... 
	change invalid email[ian.schwartz@aol.com] to default one
	Go to home page
	Reach STEP 1
	Reach STEP 2
	Ooops seem email correct
	Reach STEP 3
	dont need to recalculate price
	[160.330513137][$16.93]DONE
[411] HITTING ... 
	Go to home page
	Reach STEP 1
	Reach STEP 2
	Ooops seem email correct
	Reach STEP 3
	Recalculated Price
	[167.160391279][$15.68]DONE
[412] HITTING ... 
	Go to home page
	Reach STEP 1
	Reach STEP 2
	Ooops seem email correct
	Reach STEP 3
	Recalculated Price
	[166.38803452][$13.80]DONE
[413] HITTING ... 
	Go to home page
	Reach STEP 1
	Reach STEP 2
	Ooops seem email correct
	Reach STEP 3
	Recalculated Price
	[166.157803778][$11.50]DONE
[414] HITTING ... 
	change invalid email[adrian.gilbert@outlook.com] to default one
	Go to home page
	Reach STEP 1
	Reach STEP 2
	Ooops seem email correct
	Reach STEP 3
	Recalculated Price
	[159.72979357][$28.21]DONE
[415] HITTING ... 
	change invalid email[ian.schwartz@aol.com] to default one
	Go to home page
	Reach STEP 1
	Reach STEP 2
	Ooops seem email correct
	Reach STEP 3
	Recalculated Price
	[145.841662189][$27.17]DONE
[416] HITTING ... 
	Go to home page
	Reach STEP 1
	Reach STEP 2
	Ooops seem email correct
	Reach STEP 3
	Recalculated Price
	[174.451021855][$22.99]DONE
[417] HITTING ... 
	change invalid email[ian.schwartz@aol.com] to default one
	Go to home page
	Reach STEP 1
	Reach STEP 2
	Ooops seem email correct
	Reach STEP 3
	Recalculated Price
	[170.009970687][$26.57]DONE
[418] HITTING ... 
	Go to home page
	Reach STEP 1
	Reach STEP 2
	Ooops seem email correct
	Reach STEP 3
	Recalculated Price
	[150.259620707][$20.06]DONE
[419] HITTING ... 
	change invalid email[lilly.hayes@aol.com] to default one
	Go to home page
	Reach STEP 1
	Reach STEP 2
	Ooops seem email correct
	Reach STEP 3
	Recalculated Price
	[154.761305236][$19.02]DONE
[420] HITTING ... 
	Go to home page
	Reach STEP 1
	Reach STEP 2
	Ooops seem email correct
	Reach STEP 3
	Recalculated Price
	[142.197658203][$22.05]DONE
[421] HITTING ... 
	Go to home page
	Reach STEP 1
	Reach STEP 2
	Ooops seem email correct
	Reach STEP 3
	Recalculated Price
	[142.977767037][$17.66]DONE
[422] HITTING ... 
	Go to home page
	Reach STEP 1
	Reach STEP 2
	Ooops seem email correct
	Reach STEP 3
	Recalculated Price
	[152.834712168][$16.72]DONE
[423] HITTING ... 
	change invalid email[alexandra.guerrero@aol.com] to default one
	Go to home page
	Reach STEP 1
	Reach STEP 2
	Ooops seem email correct
	Reach STEP 3
	Recalculated Price
	[159.791294368][$55.76]DONE
[424] HITTING ... 
	change invalid email[lilly.hayes@aol.com] to default one
	Go to home page
	Reach STEP 1
	Reach STEP 2
	Ooops seem email correct
	Reach STEP 3
	Recalculated Price
	[156.187506465][$35.69]DONE
[425] HITTING ... 
	change invalid email[alexandra.guerrero@aol.com] to default one
	Go to home page
	Reach STEP 1
	Reach STEP 2
	Ooops seem email correct
	Reach STEP 3
	Recalculated Price
	[152.90776713][$27.34]DONE
[426] HITTING ... 
	Go to home page
	Reach STEP 1
	Reach STEP 2
	Ooops seem email correct
	Reach STEP 3
	Recalculated Price
	[145.423590996][$25.46]DONE
[427] HITTING ... 
	Go to home page
	Reach STEP 1
	Reach STEP 2
	Ooops seem email correct
	Reach STEP 3
	Recalculated Price
	[152.202646745][$21.73]DONE
[428] HITTING ... 
	change invalid email[lilly.hayes@aol.com] to default one
	Go to home page
	Reach STEP 1
	Reach STEP 2
	Ooops seem email correct
	Reach STEP 3
	Recalculated Price
	[165.900448839][$37.45]DONE
[429] HITTING ... 
	change invalid email[ian.schwartz@aol.com] to default one
	Go to home page
	Reach STEP 1
	Reach STEP 2
	Ooops seem email correct
	Reach STEP 3
	Recalculated Price
	[165.419134677][$23.71]DONE
[430] HITTING ... 
	Go to home page
	Reach STEP 1
	Reach STEP 2
	Ooops seem email correct
	Reach STEP 3
	Recalculated Price
	[167.689476821][$17.55]DONE
[431] HITTING ... 
	change invalid email[alexandra.guerrero@aol.com] to default one
	Go to home page
	Reach STEP 1
	Reach STEP 2
	Ooops seem email correct
	Reach STEP 3
	Recalculated Price
	[157.653972005][$15.25]DONE
[432] HITTING ... 
	change invalid email[alexandra.guerrero@aol.com] to default one
	Go to home page
	Reach STEP 1
	Reach STEP 2
	Ooops seem email correct
	Reach STEP 3
	Recalculated Price
	[148.010358026][$26.38]DONE
[433] HITTING ... 
	change invalid email[alexandra.guerrero@aol.com] to default one
	Go to home page
	Reach STEP 1
	Reach STEP 2
	Ooops seem email correct
	Reach STEP 3
	Recalculated Price
	[144.619873305][$25.33]DONE
[434] HITTING ... 
	change invalid email[lilly.hayes@aol.com] to default one
	Go to home page
	Reach STEP 1
	Reach STEP 2
	Ooops seem email correct
	Reach STEP 3
	Recalculated Price
	[160.21338578][$21.16]DONE
[435] HITTING ... 
	Go to home page
	Reach STEP 1
	Reach STEP 2
	Ooops seem email correct
	Reach STEP 3
	Recalculated Price
	[155.909376974][$21.96]DONE
[436] HITTING ... 
	Go to home page
	Reach STEP 1
	Reach STEP 2
	Ooops seem email correct
	Reach STEP 3
	Recalculated Price
	[158.042180749][$36.03]DONE
[437] HITTING ... 
	Go to home page
	Reach STEP 1
	Reach STEP 2
	Ooops seem email correct
	Reach STEP 3
	Recalculated Price
	[150.154742845][$17.18]DONE
[438] HITTING ... 
	Go to home page
	Reach STEP 1
	Reach STEP 2
	Ooops seem email correct
	Reach STEP 3
	Recalculated Price
	[139.383240967][$15.93]DONE
[439] HITTING ... 
	Go to home page
	Reach STEP 1
	Reach STEP 2
	Ooops seem email correct
	Reach STEP 3
	Recalculated Price
	[142.856119254][$17.82]DONE
[440] HITTING ... 
	change invalid email[ian.schwartz@aol.com] to default one
	Go to home page
	Reach STEP 1
	Reach STEP 2
	Ooops seem email correct
	Reach STEP 3
	Recalculated Price
	[154.984213776][$14.89]DONE
[441] HITTING ... 
	change invalid email[lilly.hayes@aol.com] to default one
	Go to home page
	Reach STEP 1
	Reach STEP 2
	Ooops seem email correct
	Reach STEP 3
	Recalculated Price
	[153.792762213][$28.46]DONE
[442] HITTING ... 
	Go to home page
	Reach STEP 1
	Reach STEP 2
	Ooops seem email correct
	Reach STEP 3
	Recalculated Price
	[163.816308124][$27.42]DONE
[443] HITTING ... 
	Go to home page
	Reach STEP 1
	Reach STEP 2
	Ooops seem email correct
	Reach STEP 3
	Recalculated Price
	[157.056098687][$23.24]DONE
[444] HITTING ... 
	Go to home page
	Reach STEP 1
	Reach STEP 2
	Ooops seem email correct
	Reach STEP 3
	Recalculated Price
	[144.458074628][$21.57]DONE
[445] HITTING ... 
	change invalid email[ian.schwartz@aol.com] to default one
	Go to home page
	Reach STEP 1
	Reach STEP 2
	Ooops seem email correct
	Reach STEP 3
	Recalculated Price
	[148.933613084][$20.31]DONE
[446] HITTING ... 
	Go to home page
	[446][80.62858607] MISSED: ["Renters", "95129", "Sebastian", "Strickland", "11/12/1990", "m", "355 Kiely Blvd", "San Jose", "CA", "N", "RENTED HOUSE - SINGLE FAMILY", "2 to 4", "0", nil, "0", "(415) 777-4850", "elias.cain@outlook.com", "N", "N", "N", "N", "Y", "N", "NONE", "N", "N", "Keep default.", "50000", "Keep default", "2000", "300000", "N", "1000"]
	Timeout::Error
	Fail to save screenshotTimeout::Error
skip to offset 445
[446] HITTING ... 
	Go to home page
	Reach STEP 1
	Reach STEP 2
	Ooops seem email correct
	Reach STEP 3
	Recalculated Price
	[80.036054207][$19.27]DONE
[447] HITTING ... 
	Go to home page
	Reach STEP 1
	Reach STEP 2
	Reach STEP 3
	Recalculated Price
	[100.220913074][$18.01]DONE
[448] HITTING ... 
	Go to home page
	Reach STEP 1
	Reach STEP 2
	Ooops seem email correct
	Reach STEP 3
	Recalculated Price
	[105.538092687][$16.13]DONE
[449] HITTING ... 
	Go to home page
	Reach STEP 1
	Reach STEP 2
	Ooops seem email correct
	Reach STEP 3
	Recalculated Price
	[86.678583022][$13.83]DONE
[450] HITTING ... 
	Go to home page
	Reach STEP 1
	Reach STEP 2
	Ooops seem email correct
	Reach STEP 3
	Recalculated Price
	[84.922749914][$56.01]DONE
[451] HITTING ... 
	Go to home page
	Reach STEP 1
	Reach STEP 2
	Reach STEP 3
	Recalculated Price
	[83.722261726][$29.08]DONE
[452] HITTING ... 
	Go to home page
	Reach STEP 1
	Reach STEP 2
	[452][64.502532998] MISSED: ["Renters", "94087", "Colton", "Freeman", "03/03/1988", "f", "575 E Remington Dr", "Sunnyvale", "CA", "N", "RENTED HOUSE - SINGLE FAMILY", "2 to 4", "0", nil, "0", "(888) 270-6855", "william.palmer@gmail.com", "N", "N", "N", "N", "Y", "N", "NONE", "N", "N", "Keep default.", "50000", "Keep default", "2000", "500000", "N", "250"]
	unable to locate element, using {:id=>"errordiv", :tag_name=>"div"}
[453] HITTING ... 
	Go to home page
	Reach STEP 1
	Reach STEP 2
	Ooops seem email correct
	Reach STEP 3
	Recalculated Price
	[116.392591502][$23.23]DONE
[454] HITTING ... 
	Go to home page
	Reach STEP 1
	Reach STEP 2
	[454][77.235716545] MISSED: ["Renters", "94087", "Ava", "Peterson", "07/31/1988", "f", "745 S Bernardo Ave", "Sunnyvale", "CA", "N", "RENTED HOUSE - SINGLE FAMILY", "2 to 4", "0", nil, "0", "(877) 268-2574", "lilly.hayes@aol.com", "N", "N", "N", "N", "Y", "N", "NONE", "N", "N", "Keep default.", "50000", "Keep default", "2000", "500000", "N", "750"]
	unable to locate element, using {:id=>"errordiv", :tag_name=>"div"}
[455] HITTING ... 
	Go to home page
	Reach STEP 1
	Reach STEP 2
	Ooops seem email correct
	Reach STEP 3
	Recalculated Price
	[115.171842722][$20.93]DONE
[456] HITTING ... 
	change invalid email[ian.schwartz@aol.com] to default one
	Go to home page
	Reach STEP 1
	Reach STEP 2
	Ooops seem email correct
	Reach STEP 3
	Recalculated Price
	[162.684721938][$19.68]DONE
[457] HITTING ... 
	change invalid email[ian.schwartz@aol.com] to default one
	Go to home page
	Reach STEP 1
	Reach STEP 2
	Ooops seem email correct
	Reach STEP 3
	Recalculated Price
	[167.296937028][$17.80]DONE
[458] HITTING ... 
	Go to home page
	Reach STEP 1
	Reach STEP 2
	Ooops seem email correct
	Reach STEP 3
	Recalculated Price
	[163.496611674][$15.50]DONE
[459] HITTING ... 
	Go to home page
	Reach STEP 1
	Reach STEP 2
	Ooops seem email correct
	Reach STEP 3
	Recalculated Price
	[154.415308753][$36.13]DONE
[460] HITTING ... 
	change invalid email[ian.schwartz@aol.com] to default one
	Go to home page
	Reach STEP 1
	Reach STEP 2
	Ooops seem email correct
	Reach STEP 3
	Recalculated Price
	[153.492660674][$27.18]DONE
[461] HITTING ... 
	Go to home page
	Reach STEP 1
	Reach STEP 2
	Ooops seem email correct
	Reach STEP 3
	Recalculated Price
	[157.134730887][$22.65]DONE
[462] HITTING ... 
	Go to home page
	Reach STEP 1
	Reach STEP 2
	Ooops seem email correct
	Reach STEP 3
	Recalculated Price
	[166.090841325][$20.84]DONE
[463] HITTING ... 
	Go to home page
	Reach STEP 1
	Reach STEP 2
	Reach STEP 3
	Recalculated Price
	[165.577781775][$38.90]DONE
[464] HITTING ... 
	Go to home page
	Reach STEP 1
	Reach STEP 2
	Ooops seem email correct
	Reach STEP 3
	dont need to recalculate price
	[179.011332305][$23.41]DONE
[465] HITTING ... 
	Go to home page
	Reach STEP 1
	Reach STEP 2
	Ooops seem email correct
	Reach STEP 3
	Recalculated Price
	[143.297228804][$16.99]DONE
[466] HITTING ... 
	Go to home page
	Reach STEP 1
	Reach STEP 2
	Ooops seem email correct
	Reach STEP 3
	Recalculated Price
	[142.032119045][$14.95]DONE
[467] HITTING ... 
	Go to home page
	Reach STEP 1
	Reach STEP 2
	Ooops seem email correct
	Reach STEP 3
	Recalculated Price
	Fail to find 'Recalculated' button on step 3 of quote page
	[467][163.75939204] MISSED: ["Renters", "94043", "Elias", "Serrano", "11/12/1990", "f", "100 N Whisman Rd", "Mountain View", "CA", "N", "RENTED HOUSE - SINGLE FAMILY", "2 to 4", "0", nil, "0", "(408) 664-2724", "ana.webster@gmail.com", "N", "N", "N", "N", "Y", "N", "NONE", "N", "N", "Keep default.", "60000", "Keep default", "1000", "100000", "N", "5000"]
	fail to find buy button
[468] HITTING ... 
	Go to home page
	Reach STEP 1
	Reach STEP 2
	Ooops seem email correct
	Reach STEP 3
	Recalculated Price
	[164.592861899][$30.40]DONE
[469] HITTING ... 
	Go to home page
	Reach STEP 1
	Reach STEP 2
	Ooops seem email correct
	Reach STEP 3
	Recalculated Price
	[154.335425498][$29.27]DONE
[470] HITTING ... 
	Go to home page
	Reach STEP 1
	Reach STEP 2
	Ooops seem email correct
	Reach STEP 3
	Recalculated Price
	[151.379077827][$24.74]DONE
[471] HITTING ... 
	Go to home page
	Reach STEP 1
	Reach STEP 2
	Ooops seem email correct
	Reach STEP 3
	Recalculated Price
	[140.501167341][$43.70]DONE
[472] HITTING ... 
	Go to home page
	Reach STEP 1
	Reach STEP 2
	Ooops seem email correct
	Reach STEP 3
	Recalculated Price
	[140.469103454][$21.57]DONE
[473] HITTING ... 
	change invalid email[ian.schwartz@aol.com] to default one
	Go to home page
	Reach STEP 1
	Reach STEP 2
	Ooops seem email correct
	Reach STEP 3
	Recalculated Price
	[150.481103812][$38.73]DONE
[474] HITTING ... 
	change invalid email[ian.schwartz@aol.com] to default one
	Go to home page
	Reach STEP 1
	Reach STEP 2
	Ooops seem email correct
	Reach STEP 3
	Recalculated Price
	[156.110441214][$19.07]DONE
[475] HITTING ... 
	Go to home page
	Reach STEP 1
	Reach STEP 2
	Ooops seem email correct
	Reach STEP 3
	Recalculated Price
	[163.181428799][$17.03]DONE
[476] HITTING ... 
	change invalid email[lilly.hayes@aol.com] to default one
	Go to home page
	Reach STEP 1
	Reach STEP 2
	Ooops seem email correct
	Reach STEP 3
	Recalculated Price
	[161.534353125][$17.98]DONE
[477] HITTING ... 
	change invalid email[alexandra.guerrero@aol.com] to default one
	Go to home page
	Reach STEP 1
	Reach STEP 2
	Ooops seem email correct
	Reach STEP 3
	Recalculated Price
	[143.194434466][$32.07]DONE
[478] HITTING ... 
	Go to home page
	Reach STEP 1
	Reach STEP 2
	Ooops seem email correct
	Reach STEP 3
	Recalculated Price
	[141.409212837][$30.93]DONE
[479] HITTING ... 
	change invalid email[alexandra.guerrero@aol.com] to default one
	Go to home page
	Reach STEP 1
	Reach STEP 2
	Ooops seem email correct
	Reach STEP 3
	Recalculated Price
	[163.442579901][$26.40]DONE
[480] HITTING ... 
	change invalid email[lilly.hayes@aol.com] to default one
	Go to home page
	Reach STEP 1
	Reach STEP 2
	Ooops seem email correct
	Reach STEP 3
	Recalculated Price
	[152.514390532][$24.59]DONE
[481] HITTING ... 
	Go to home page
	Reach STEP 1
	Reach STEP 2
	Ooops seem email correct
	Reach STEP 3
	Recalculated Price
	[164.132186985][$23.23]DONE
[482] HITTING ... 
	change invalid email[lilly.hayes@aol.com] to default one
	Go to home page
	Reach STEP 1
	Reach STEP 2
	Ooops seem email correct
	Reach STEP 3
	Recalculated Price
	[148.215606753][$22.10]DONE
[483] HITTING ... 
	Go to home page
	Reach STEP 1
	Reach STEP 2
	Ooops seem email correct
	Reach STEP 3
	Recalculated Price
	[138.936845861][$25.43]DONE
[484] HITTING ... 
	change invalid email[lilly.hayes@aol.com] to default one
	Go to home page
	Reach STEP 1
	Reach STEP 2
	Ooops seem email correct
	Reach STEP 3
	Recalculated Price
	[146.954397448][$18.70]DONE
[485] HITTING ... 
	Go to home page
	Reach STEP 1
	Reach STEP 2
	Ooops seem email correct
	Reach STEP 3
	Recalculated Price
	[151.82731475][$16.21]DONE
[486] HITTING ... 
	change invalid email[alexandra.guerrero@aol.com] to default one
	Go to home page
	Reach STEP 1
	Reach STEP 2
	Ooops seem email correct
	Reach STEP 3
	Recalculated Price
	[154.829512957][$28.57]DONE
[487] HITTING ... 
	Go to home page
	Reach STEP 1
	Reach STEP 2
	Ooops seem email correct
	Reach STEP 3
	Recalculated Price
	[153.151806066][$34.93]DONE
[488] HITTING ... 
	change invalid email[lilly.hayes@aol.com] to default one
	Go to home page
	Reach STEP 1
	Reach STEP 2
	Ooops seem email correct
	Reach STEP 3
	Recalculated Price
	[147.322300389][$22.90]DONE
[489] HITTING ... 
	Go to home page
	Reach STEP 1
	Reach STEP 2
	Ooops seem email correct
	Reach STEP 3
	Recalculated Price
	[142.346539017][$21.09]DONE
[490] HITTING ... 
	Go to home page
	Reach STEP 1
	Reach STEP 2
	Reach STEP 3
	Recalculated Price
	[142.142562423][$19.73]DONE
[491] HITTING ... 
	change invalid email[adrian.gilbert@outlook.com] to default one
	Go to home page
	Reach STEP 1
	Reach STEP 2
	Ooops seem email correct
	Reach STEP 3
	Recalculated Price
	[157.386232465][$23.66]DONE
[492] HITTING ... 
	Go to home page
	Reach STEP 1
	Reach STEP 2
	Ooops seem email correct
	Reach STEP 3
	Recalculated Price
	[153.17387831][$17.24]DONE
[493] HITTING ... 
	Go to home page
	Reach STEP 1
	Reach STEP 2
	Ooops seem email correct
	Reach STEP 3
	Recalculated Price
	[152.704680949][$15.20]DONE
[494] HITTING ... 
	change invalid email[adrian.gilbert@outlook.com] to default one
	Go to home page
	Reach STEP 1
	Reach STEP 2
	Ooops seem email correct
	Reach STEP 3
	Recalculated Price
	[159.502572594][$16.15]DONE
[495] HITTING ... 
	Go to home page
	Reach STEP 1
	Reach STEP 2
	Ooops seem email correct
	Reach STEP 3
	Recalculated Price
	[138.524623581][$30.65]DONE
[496] HITTING ... 
	change invalid email[ian.schwartz@aol.com] to default one
	Go to home page
	Reach STEP 1
	Reach STEP 2
	Ooops seem email correct
	Reach STEP 3
	Recalculated Price
	[142.736667222][$37.02]DONE
[497] HITTING ... 
	change invalid email[alexandra.guerrero@aol.com] to default one
	Go to home page
	Reach STEP 1
	Reach STEP 2
	Ooops seem email correct
	Reach STEP 3
	Recalculated Price
	[155.830669342][$31.24]DONE
[498] HITTING ... 
	change invalid email[ian.schwartz@aol.com] to default one
	Go to home page
	Reach STEP 1
	Reach STEP 2
	Ooops seem email correct
	Reach STEP 3
	Recalculated Price
	[153.619755339][$28.93]DONE
[499] HITTING ... 
	Go to home page
	Reach STEP 1
	Reach STEP 2
	Ooops seem email correct
	Reach STEP 3
	Recalculated Price
	[156.055272391][$27.19]DONE
[500] HITTING ... 
	Go to home page
	Reach STEP 1
	Reach STEP 2
	Ooops seem email correct
	Reach STEP 3
	Recalculated Price
	[154.231599802][$20.68]DONE
