[1] HITTING ... 
	Go to home page
	Reach STEP 1
	Reach STEP 2
	Reach STEP 3
	Recalculated Price
	[69.594227059][$13.53]DONE
[2] HITTING ... 
	Go to home page
	Reach STEP 1
	Reach STEP 2
	[2][54.007101223] MISSED: ["Renters", "95035", "Eleanor", "Morrison", "07/31/1993", "m", "755 E Capitol Ave", "Milpitas", "CA", "N", "RENTED HOUSE - SINGLE FAMILY", "2 to 4", "0", nil, "0", "(415) 587-5815", "scarlett.richard@gmail.com", "N", "N", "N", "N", "Y", "N", "NONE", "N", "N", "Keep default.", "32000", "Keep default", "1000", "300000", "N", "5000"]
	unable to locate element, using {:id=>"errordiv", :tag_name=>"div"}
[3] HITTING ... 
	Go to home page
	Reach STEP 1
	Reach STEP 2
	[3][56.483947898] MISSED: ["Renters", "95134", "Arya", "Williams", "07/31/1993", "f", "150 Alicante Dr", "San Jose", "CA", "N", "RENTED HOUSE - SINGLE FAMILY", "2 to 4", "0", nil, "0", "(415) 992-7215", "scarlett.richard@gmail.com", "N", "N", "N", "N", "Y", "N", "NONE", "N", "N", "Keep default.", "32000", "Keep default", "1000", "500000", "N", "100"]
	unable to locate element, using {:id=>"errordiv", :tag_name=>"div"}
[4] HITTING ... 
	Go to home page
	Reach STEP 1
	Reach STEP 2
	Reach STEP 3
	Recalculated Price
	[60.652451045][$24.56]DONE
[5] HITTING ... 
	change invalid email[alexandra.guerrero@aol.com] to default one
	Go to home page
	Reach STEP 1
	Reach STEP 2
	Ooops seem email correct
	Reach STEP 3
	Recalculated Price
	[58.446129465][$25.93]DONE
[6] HITTING ... 
	Go to home page
	Reach STEP 1
	Reach STEP 2
	Ooops seem email correct
	Reach STEP 3
	Recalculated Price
	[61.229837581][$19.70]DONE
[7] HITTING ... 
	Go to home page
	Reach STEP 1
	Reach STEP 2
	Reach STEP 3
	Recalculated Price
	[62.421345577][$18.66]DONE
[8] HITTING ... 
	Go to home page
	Reach STEP 1
	Reach STEP 2
	Ooops seem email correct
	Reach STEP 3
	Recalculated Price
	[63.196401886][$17.80]DONE
[9] HITTING ... 
	change invalid email[adrian.gilbert@outlook.com] to default one
	Go to home page
	Reach STEP 1
	Reach STEP 2
	Ooops seem email correct
	Reach STEP 3
	Recalculated Price
	[62.811896337][$20.39]DONE
[10] HITTING ... 
	Go to home page
	Reach STEP 1
	Reach STEP 2
	Ooops seem email correct
	Reach STEP 3
	Recalculated Price
	[67.826232012][$26.60]DONE
[11] HITTING ... 
	Go to home page
	Reach STEP 1
	Reach STEP 2
	Ooops seem email correct
	Reach STEP 3
	Recalculated Price
	[85.746134393][$13.29]DONE
[12] HITTING ... 
	change invalid email[ian.schwartz@aol.com] to default one
	Go to home page
	Reach STEP 1
	Reach STEP 2
	Ooops seem email correct
	Reach STEP 3
	Recalculated Price
	[89.374943448][$27.98]DONE
[13] HITTING ... 
	Go to home page
	Reach STEP 1
	Reach STEP 2
	Reach STEP 3
	Recalculated Price
	[106.566335159][$26.87]DONE
[14] HITTING ... 
	change invalid email[ian.schwartz@aol.com] to default one
	Go to home page
	Reach STEP 1
	Reach STEP 2
	Ooops seem email correct
	Reach STEP 3
	Recalculated Price
	[110.193672381][$17.59]DONE
[15] HITTING ... 
	Go to home page
	Reach STEP 1
	Reach STEP 2
	Ooops seem email correct
	Reach STEP 3
	Recalculated Price
	[135.796732002][$18.31]DONE
[16] HITTING ... 
	Go to home page
	Reach STEP 1
	Reach STEP 2
	Ooops seem email correct
	Reach STEP 3
	Recalculated Price
	[157.959901226][$15.16]DONE
[17] HITTING ... 
	Go to home page
	Reach STEP 1
	Reach STEP 2
	Ooops seem email correct
	Reach STEP 3
	Recalculated Price
	[166.187352565][$18.22]DONE
[18] HITTING ... 
	Go to home page
	Reach STEP 1
	Reach STEP 2
	Ooops seem email correct
	Reach STEP 3
	Recalculated Price
	[161.428531678][$14.97]DONE
[19] HITTING ... 
	Go to home page
	Reach STEP 1
	Reach STEP 2
	Ooops seem email correct
	Reach STEP 3
	Recalculated Price
	[151.228196905][$14.89]DONE
[20] HITTING ... 
	change invalid email[alexandra.guerrero@aol.com] to default one
	Go to home page
	Reach STEP 1
	Reach STEP 2
	Ooops seem email correct
	Reach STEP 3
	Recalculated Price
	[150.883326598][$10.83]DONE
[21] HITTING ... 
	change invalid email[ian.schwartz@aol.com] to default one
	Go to home page
	Reach STEP 1
	Reach STEP 2
	Ooops seem email correct
	Reach STEP 3
	Recalculated Price
	[164.825955597][$45.61]DONE
[22] HITTING ... 
	Go to home page
	Reach STEP 1
	Reach STEP 2
	Ooops seem email correct
	Reach STEP 3
	Recalculated Price
	[164.49083605][$25.89]DONE
[23] HITTING ... 
	Go to home page
	Reach STEP 1
	Reach STEP 2
	Ooops seem email correct
	Reach STEP 3
	Recalculated Price
	[165.474507294][$24.51]DONE
[24] HITTING ... 
	Go to home page
	Reach STEP 1
	Reach STEP 2
	Ooops seem email correct
	Reach STEP 3
	Recalculated Price
	[162.247653226][$18.29]DONE
[25] HITTING ... 
	change invalid email[alexandra.guerrero@aol.com] to default one
	Go to home page
	Reach STEP 1
	Reach STEP 2
	Ooops seem email correct
	Reach STEP 3
	Recalculated Price
	[145.884671384][$17.25]DONE
[26] HITTING ... 
	Go to home page
	Reach STEP 1
	Reach STEP 2
	Ooops seem email correct
	Reach STEP 3
	Recalculated Price
	[160.005004434][$18.23]DONE
[27] HITTING ... 
	Go to home page
	Reach STEP 1
	Reach STEP 2
	Ooops seem email correct
	Reach STEP 3
	Recalculated Price
	[159.35501286][$15.34]DONE
[28] HITTING ... 
	Go to home page
	Reach STEP 1
	Reach STEP 2
	Ooops seem email correct
	Reach STEP 3
	Recalculated Price
	[156.574749259][$13.78]DONE
[29] HITTING ... 
	change invalid email[adrian.gilbert@outlook.com] to default one
	Go to home page
	Reach STEP 1
	Reach STEP 2
	Ooops seem email correct
	Reach STEP 3
	Recalculated Price
	[154.242174635][$14.53]DONE
[30] HITTING ... 
	Go to home page
	Reach STEP 1
	Reach STEP 2
	Ooops seem email correct
	Reach STEP 3
	Recalculated Price
	[142.491094364][$31.73]DONE
[31] HITTING ... 
	change invalid email[lilly.hayes@aol.com] to default one
	Go to home page
	Reach STEP 1
	Reach STEP 2
	Ooops seem email correct
	Reach STEP 3
	Recalculated Price
	[138.213039086][$24.81]DONE
[32] HITTING ... 
	Go to home page
	Reach STEP 1
	Reach STEP 2
	Ooops seem email correct
	Reach STEP 3
	Recalculated Price
	[141.318253982][$21.34]DONE
[33] HITTING ... 
	Go to home page
	Reach STEP 1
	Reach STEP 2
	Ooops seem email correct
	Reach STEP 3
	Recalculated Price
	[151.986481683][$19.95]DONE
[34] HITTING ... 
	Go to home page
	Reach STEP 1
	Reach STEP 2
	Ooops seem email correct
	Reach STEP 3
	Recalculated Price
	[154.481940271][$18.91]DONE
[35] HITTING ... 
	Go to home page
	Reach STEP 1
	Reach STEP 2
	Ooops seem email correct
	Reach STEP 3
	Recalculated Price
	[151.923062042][$18.05]DONE
[36] HITTING ... 
	change invalid email[alexandra.guerrero@aol.com] to default one
	Go to home page
	Reach STEP 1
	Reach STEP 2
	Ooops seem email correct
	Reach STEP 3
	Recalculated Price
	[148.433470815][$17.01]DONE
[37] HITTING ... 
	Go to home page
	Reach STEP 1
	Reach STEP 2
	Ooops seem email correct
	Reach STEP 3
	Recalculated Price
	[139.510182558][$15.45]DONE
[38] HITTING ... 
	Go to home page
	Reach STEP 1
	Reach STEP 2
	Ooops seem email correct
	Reach STEP 3
	Recalculated Price
	[141.124633223][$13.54]DONE
[39] HITTING ... 
	change invalid email[adrian.gilbert@outlook.com] to default one
	Go to home page
	Reach STEP 1
	Reach STEP 2
	Ooops seem email correct
	Reach STEP 3
	Recalculated Price
	[149.817412736][$22.43]DONE
[40] HITTING ... 
	change invalid email[adrian.gilbert@outlook.com] to default one
	Go to home page
	Reach STEP 1
	Reach STEP 2
	Ooops seem email correct
	Reach STEP 3
	Recalculated Price
	[149.265277941][$21.54]DONE
[41] HITTING ... 
	Go to home page
	Reach STEP 1
	Reach STEP 2
	Ooops seem email correct
	Reach STEP 3
	Recalculated Price
	[151.174622823][$22.92]DONE
[42] HITTING ... 
	change invalid email[lilly.hayes@aol.com] to default one
	Go to home page
	Reach STEP 1
	Reach STEP 2
	Ooops seem email correct
	Reach STEP 3
	Recalculated Price
	[149.775176353][$16.51]DONE
[43] HITTING ... 
	change invalid email[adrian.gilbert@outlook.com] to default one
	Go to home page
	Reach STEP 1
	Reach STEP 2
	Ooops seem email correct
	Reach STEP 3
	Recalculated Price
	[139.885567863][$15.44]DONE
[44] HITTING ... 
	change invalid email[alexandra.guerrero@aol.com] to default one
	Go to home page
	Reach STEP 1
	Reach STEP 2
	Ooops seem email correct
	Reach STEP 3
	dont need to recalculate price
	[148.752645514][$29.02]DONE
[45] HITTING ... 
	Go to home page
	Reach STEP 1
	Reach STEP 2
	Ooops seem email correct
	Reach STEP 3
	Recalculated Price
	[152.241954434][$13.46]DONE
[46] HITTING ... 
	change invalid email[ian.schwartz@aol.com] to default one
	Go to home page
	Reach STEP 1
	Reach STEP 2
	Ooops seem email correct
	Reach STEP 3
	Recalculated Price
	[154.859352501][$11.85]DONE
[47] HITTING ... 
	change invalid email[alexandra.guerrero@aol.com] to default one
	Go to home page
	Reach STEP 1
	Reach STEP 2
	Ooops seem email correct
	Reach STEP 3
	Recalculated Price
	[145.620731272][$10.83]DONE
[48] HITTING ... 
	Go to home page
	Reach STEP 1
	Reach STEP 2
	Ooops seem email correct
	Reach STEP 3
	Recalculated Price
	[142.408137852][$24.52]DONE
[49] HITTING ... 
	Go to home page
	Reach STEP 1
	Reach STEP 2
	Ooops seem email correct
	Reach STEP 3
	Recalculated Price
	[140.947661842][$29.59]DONE
[50] HITTING ... 
	Go to home page
	Reach STEP 1
	Reach STEP 2
	Ooops seem email correct
	Reach STEP 3
	Recalculated Price
	[141.542833715][$20.03]DONE
[51] HITTING ... 
	Go to home page
	Reach STEP 1
	Reach STEP 2
	Ooops seem email correct
	Reach STEP 3
	Recalculated Price
	[150.418501517][$23.17]DONE
[52] HITTING ... 
	change invalid email[alexandra.guerrero@aol.com] to default one
	Go to home page
	Reach STEP 1
	Reach STEP 2
	Ooops seem email correct
	Reach STEP 3
	Recalculated Price
	[165.864483637][$21.80]DONE
[53] HITTING ... 
	Go to home page
	Reach STEP 1
	Reach STEP 2
	Ooops seem email correct
	Reach STEP 3
	Recalculated Price
	[160.180680098][$20.65]DONE
[54] HITTING ... 
	change invalid email[adrian.gilbert@outlook.com] to default one
	Go to home page
	Reach STEP 1
	Reach STEP 2
	Ooops seem email correct
	Reach STEP 3
	Recalculated Price
	[160.475741166][$19.27]DONE
[55] HITTING ... 
	change invalid email[ian.schwartz@aol.com] to default one
	Go to home page
	Reach STEP 1
	Reach STEP 2
	Ooops seem email correct
	Reach STEP 3
	Recalculated Price
	[144.163351875][$13.93]DONE
[56] HITTING ... 
	change invalid email[adrian.gilbert@outlook.com] to default one
	Go to home page
	Reach STEP 1
	Reach STEP 2
	Ooops seem email correct
	Reach STEP 3
	Recalculated Price
	[135.635753832][$11.95]DONE
[57] HITTING ... 
	Go to home page
	Reach STEP 1
	Reach STEP 2
	Ooops seem email correct
	Reach STEP 3
	Recalculated Price
	[135.692466685][$26.18]DONE
[58] HITTING ... 
	change invalid email[lilly.hayes@aol.com] to default one
	Go to home page
	Reach STEP 1
	Reach STEP 2
	Ooops seem email correct
	Reach STEP 3
	Recalculated Price
	[138.731813257][$31.26]DONE
[59] HITTING ... 
	Go to home page
	Reach STEP 1
	Reach STEP 2
	Ooops seem email correct
	Reach STEP 3
	Recalculated Price
	[153.168128148][$39.58]DONE
[60] HITTING ... 
	change invalid email[lilly.hayes@aol.com] to default one
	Go to home page
	Reach STEP 1
	Reach STEP 2
	Ooops seem email correct
	Reach STEP 3
	Recalculated Price
	[166.154714458][$24.84]DONE
[61] HITTING ... 
	Go to home page
	Reach STEP 1
	Reach STEP 2
	Ooops seem email correct
	Reach STEP 3
	Recalculated Price
	[157.848358293][$23.46]DONE
[62] HITTING ... 
	Go to home page
	Reach STEP 1
	Reach STEP 2
	Ooops seem email correct
	Reach STEP 3
	Recalculated Price
	[159.190576519][$20.19]DONE
[63] HITTING ... 
	Go to home page
	Reach STEP 1
	Reach STEP 2
	Ooops seem email correct
	Reach STEP 3
	Recalculated Price
	[143.527830846][$17.21]DONE
[64] HITTING ... 
	change invalid email[lilly.hayes@aol.com] to default one
	Go to home page
	Reach STEP 1
	Reach STEP 2
	Ooops seem email correct
	Reach STEP 3
	Recalculated Price
	[138.865899184][$15.60]DONE
[65] HITTING ... 
	change invalid email[lilly.hayes@aol.com] to default one
	Go to home page
	Reach STEP 1
	Reach STEP 2
	Ooops seem email correct
	Reach STEP 3
	Recalculated Price
	Fail to find 'Recalculated' button on step 3 of quote page
	[65][164.538641269] MISSED: ["Renters", "94041", "Olivia", "Sanchez", "04/05/1994", "f", "151 Calderon Ave", "Mountain View", "CA", "N", "RENTED HOUSE - SINGLE FAMILY", "2 to 4", "0", nil, "0", "(650) 440-7285", "lilly.hayes@aol.com", "N", "N", "N", "N", "Y", "N", "NONE", "N", "N", "Keep default.", "35000", "Keep default", "1000", "500000", "N", "5000"]
	fail to find buy button
[66] HITTING ... 
	Go to home page
	Reach STEP 1
	Reach STEP 2
	Ooops seem email correct
	Reach STEP 3
	Recalculated Price
	[157.824927891][$28.90]DONE
[67] HITTING ... 
	Go to home page
	Reach STEP 1
	Reach STEP 2
	Ooops seem email correct
	Reach STEP 3
	Recalculated Price
	[159.779759087][$27.76]DONE
[68] HITTING ... 
	Go to home page
	Reach STEP 1
	Reach STEP 2
	Ooops seem email correct
	Reach STEP 3
	Recalculated Price
	[158.71291615][$23.17]DONE
[69] HITTING ... 
	Go to home page
	Reach STEP 1
	Reach STEP 2
	Ooops seem email correct
	Reach STEP 3
	Recalculated Price
	[147.844013215][$16.76]DONE
[70] HITTING ... 
	change invalid email[ian.schwartz@aol.com] to default one
	Go to home page
	Reach STEP 1
	Reach STEP 2
	Ooops seem email correct
	Reach STEP 3
	Recalculated Price
	[148.599881923][$15.69]DONE
[71] HITTING ... 
	change invalid email[adrian.gilbert@outlook.com] to default one
	Go to home page
	Reach STEP 1
	Reach STEP 2
	Ooops seem email correct
	Reach STEP 3
	Recalculated Price
	[159.248455878][$14.79]DONE
[72] HITTING ... 
	Go to home page
	Reach STEP 1
	Reach STEP 2
	Ooops seem email correct
	Reach STEP 3
	Recalculated Price
	[170.667431845][$17.44]DONE
[73] HITTING ... 
	Go to home page
	Reach STEP 1
	Reach STEP 2
	Ooops seem email correct
	Reach STEP 3
	Recalculated Price
	[176.710114217][$12.10]DONE
[74] HITTING ... 
	Go to home page
	Reach STEP 1
	Reach STEP 2
	Ooops seem email correct
	Reach STEP 3
	Recalculated Price
	[150.511621958][$10.83]DONE
[75] HITTING ... 
	change invalid email[alexandra.guerrero@aol.com] to default one
	Go to home page
	Reach STEP 1
	Reach STEP 2
	Ooops seem email correct
	Reach STEP 3
	Recalculated Price
	[140.145700144][$24.77]DONE
[76] HITTING ... 
	Go to home page
	Reach STEP 1
	Reach STEP 2
	Ooops seem email correct
	Reach STEP 3
	Recalculated Price
	[147.64286285][$26.69]DONE
[77] HITTING ... 
	change invalid email[lilly.hayes@aol.com] to default one
	Go to home page
	Reach STEP 1
	Reach STEP 2
	Ooops seem email correct
	Reach STEP 3
	Recalculated Price
	[154.613033139][$20.28]DONE
[78] HITTING ... 
	change invalid email[alexandra.guerrero@aol.com] to default one
	Go to home page
	Reach STEP 1
	Reach STEP 2
	[78][114.987100037] MISSED: ["Renters", "95037", "Jackson", "Miller", "05/06/1994", "f", "15400 Vineyard Blvd", "Morgan Hill", "CA", "N", "RENTED HOUSE - SINGLE FAMILY", "2 to 4", "0", nil, "0", "(888) 704-5204", "alexandra.guerrero@aol.com", "N", "N", "N", "N", "Y", "N", "NONE", "N", "N", "Keep default.", "35000", "Keep default", "2000", "300000", "N", "500"]
	unable to locate element, using {:id=>"errordiv", :tag_name=>"div"}
[79] HITTING ... 
	Go to home page
	Reach STEP 1
	Reach STEP 2
	Ooops seem email correct
	Reach STEP 3
	Recalculated Price
	[143.481484368][$17.77]DONE
[80] HITTING ... 
	Go to home page
	Reach STEP 1
	Reach STEP 2
	Ooops seem email correct
	Reach STEP 3
	Recalculated Price
	[150.224196769][$20.90]DONE
[81] HITTING ... 
	Go to home page
	Reach STEP 1
	Reach STEP 2
	Ooops seem email correct
	Reach STEP 3
	Recalculated Price
	[140.31904882][$19.52]DONE
[82] HITTING ... 
	Go to home page
	Reach STEP 1
	Reach STEP 2
	Ooops seem email correct
	Reach STEP 3
	Recalculated Price
	[145.864618379][$14.18]DONE
[83] HITTING ... 
	Go to home page
	Reach STEP 1
	Reach STEP 2
	Ooops seem email correct
	Reach STEP 3
	Recalculated Price
	[153.749406733][$12.20]DONE
[84] HITTING ... 
	change invalid email[alexandra.guerrero@aol.com] to default one
	Go to home page
	Reach STEP 1
	Reach STEP 2
	Ooops seem email correct
	Reach STEP 3
	Recalculated Price
	[173.804341045][$26.43]DONE
[85] HITTING ... 
	change invalid email[lilly.hayes@aol.com] to default one
	Go to home page
	Reach STEP 1
	Reach STEP 2
	Ooops seem email correct
	Reach STEP 3
	Recalculated Price
	[164.836290116][$25.54]DONE
[86] HITTING ... 
	Go to home page
	Reach STEP 1
	Reach STEP 2
	Ooops seem email correct
	Reach STEP 3
	Recalculated Price
	[149.344463802][$21.95]DONE
[87] HITTING ... 
	change invalid email[alexandra.guerrero@aol.com] to default one
	Go to home page
	Reach STEP 1
	Reach STEP 2
	Ooops seem email correct
	Reach STEP 3
	Recalculated Price
	[183.886985268][$20.51]DONE
[88] HITTING ... 
	Go to home page
	Reach STEP 1
	Reach STEP 2
	Ooops seem email correct
	Reach STEP 3
	Recalculated Price
	[159.969884896][$19.43]DONE
[89] HITTING ... 
	Go to home page
	Reach STEP 1
	Reach STEP 2
	Ooops seem email correct
	Reach STEP 3
	Recalculated Price
	Fail to find 'Recalculated' button on step 3 of quote page
	[89][215.401269418] MISSED: ["Renters", "94043", "Holden", "Franklin", "06/06/1994", "f", "505 Central Ave", "Mountain View", "CA", "N", "RENTED HOUSE - SINGLE FAMILY", "2 to 4", "0", nil, "0", "(650) 348-6130", "eden.chen@outlook.com", "N", "N", "N", "N", "Y", "N", "NONE", "N", "N", "Keep default.", "35000", "Keep default", "2000", "500000", "N", "1000"]
	fail to find buy button
[90] HITTING ... 
	Go to home page
	Reach STEP 1
	Reach STEP 2
	Ooops seem email correct
	Reach STEP 3
	Recalculated Price
	[180.380536819][$17.46]DONE
[91] HITTING ... 
	change invalid email[lilly.hayes@aol.com] to default one
	Go to home page
	Reach STEP 1
	Reach STEP 2
	Ooops seem email correct
	Reach STEP 3
	Recalculated Price
	[150.334856806][$27.65]DONE
[92] HITTING ... 
	change invalid email[lilly.hayes@aol.com] to default one
	Go to home page
	Reach STEP 1
	Reach STEP 2
	Ooops seem email correct
	Reach STEP 3
	Recalculated Price
	[157.121462392][$16.61]DONE
[93] HITTING ... 
	change invalid email[lilly.hayes@aol.com] to default one
	Go to home page
	Reach STEP 1
	Reach STEP 2
	Ooops seem email correct
	Reach STEP 3
	Recalculated Price
	Fail to find 'Recalculated' button on step 3 of quote page
	[93][186.77122961] MISSED: ["Renters", "94043", "Ana", "Ramos", "06/06/1994", "f", "505 Central Ave", "Mountain View", "CA", "N", "RENTED HOUSE - SINGLE FAMILY", "2 to 4", "0", nil, "0", "(858) 578-1632", "lilly.hayes@aol.com", "N", "N", "N", "N", "Y", "N", "NONE", "N", "N", "Keep default.", "40000", "Keep default", "1000", "100000", "N", "100"]
	fail to find buy button
[94] HITTING ... 
	change invalid email[ian.schwartz@aol.com] to default one
	Go to home page
	Reach STEP 1
	Reach STEP 2
	Ooops seem email correct
	Reach STEP 3
	Recalculated Price
	[172.262374239][$22.75]DONE
[95] HITTING ... 
	change invalid email[ian.schwartz@aol.com] to default one
	Go to home page
	Reach STEP 1
	Reach STEP 2
	Ooops seem email correct
	Reach STEP 3
	Recalculated Price
	[168.415298647][$18.96]DONE
[96] HITTING ... 
	Go to home page
	Reach STEP 1
	Reach STEP 2
	Ooops seem email correct
	Reach STEP 3
	Recalculated Price
	[162.270165107][$17.44]DONE
[97] HITTING ... 
	Go to home page
	Reach STEP 1
	Reach STEP 2
	Ooops seem email correct
	Reach STEP 3
	Recalculated Price
	[142.673970054][$20.75]DONE
[98] HITTING ... 
	Go to home page
	Reach STEP 1
	Reach STEP 2
	Ooops seem email correct
	Reach STEP 3
	dont need to recalculate price
	[149.95838701][$15.35]DONE
[99] HITTING ... 
	change invalid email[ian.schwartz@aol.com] to default one
	Go to home page
	Reach STEP 1
	Reach STEP 2
	Ooops seem email correct
	Reach STEP 3
	Recalculated Price
	[151.49483924][$14.22]DONE
[100] HITTING ... 
	Go to home page
	Reach STEP 1
	Reach STEP 2
	Ooops seem email correct
	Reach STEP 3
	Recalculated Price
	[154.497695918][$12.51]DONE
[101] HITTING ... 
	change invalid email[alexandra.guerrero@aol.com] to default one
	Go to home page
	Reach STEP 1
	Reach STEP 2
	Ooops seem email correct
	Reach STEP 3
	Recalculated Price
	[160.849418429][$10.83]DONE
[102] HITTING ... 
	Go to home page
	Reach STEP 1
	Reach STEP 2
	Ooops seem email correct
	Reach STEP 3
	Recalculated Price
	[172.415007569][$25.78]DONE
[103] HITTING ... 
	change invalid email[ian.schwartz@aol.com] to default one
	Go to home page
	Reach STEP 1
	Reach STEP 2
	Ooops seem email correct
	Reach STEP 3
	Recalculated Price
	[144.675673445][$24.83]DONE
[104] HITTING ... 
	Go to home page
	Reach STEP 1
	Reach STEP 2
	Ooops seem email correct
	Reach STEP 3
	Recalculated Price
	[158.781214785][$26.22]DONE
[105] HITTING ... 
	Go to home page
	Reach STEP 1
	Reach STEP 2
	Ooops seem email correct
	Reach STEP 3
	Recalculated Price
	[165.394200255][$19.52]DONE
[106] HITTING ... 
	Go to home page
	Reach STEP 1
	Reach STEP 2
	Ooops seem email correct
	Reach STEP 3
	Recalculated Price
	[186.785459057][$18.39]DONE
[107] HITTING ... 
	change invalid email[adrian.gilbert@outlook.com] to default one
	Go to home page
	Reach STEP 1
	Reach STEP 2
	Ooops seem email correct
	Reach STEP 3
	Recalculated Price
	[161.625833662][$17.44]DONE
[108] HITTING ... 
	change invalid email[adrian.gilbert@outlook.com] to default one
	Go to home page
	Reach STEP 1
	Reach STEP 2
	Ooops seem email correct
	Reach STEP 3
	Recalculated Price
	[148.133899627][$30.42]DONE
[109] HITTING ... 
	change invalid email[alexandra.guerrero@aol.com] to default one
	Go to home page
	Reach STEP 1
	Reach STEP 2
	Ooops seem email correct
	Reach STEP 3
	Recalculated Price
	[153.565853493][$14.59]DONE
[110] HITTING ... 
	change invalid email[alexandra.guerrero@aol.com] to default one
	Go to home page
	Reach STEP 1
	Reach STEP 2
	Ooops seem email correct
	Reach STEP 3
	Recalculated Price
	[154.644238022][$12.51]DONE
[111] HITTING ... 
	change invalid email[adrian.gilbert@outlook.com] to default one
	Go to home page
	Reach STEP 1
	Reach STEP 2
	Ooops seem email correct
	Reach STEP 3
	Recalculated Price
	[161.961234987][$27.45]DONE
[112] HITTING ... 
	Go to home page
	Reach STEP 1
	Reach STEP 2
	Ooops seem email correct
	Reach STEP 3
	Recalculated Price
	[167.136528561][$32.71]DONE
[113] HITTING ... 
	Go to home page
	Reach STEP 1
	Reach STEP 2
	Ooops seem email correct
	Reach STEP 3
	Recalculated Price
	[146.051664239][$41.53]DONE
[114] HITTING ... 
	Go to home page
	Reach STEP 1
	Reach STEP 2
	Ooops seem email correct
	Reach STEP 3
	Recalculated Price
	[137.113304787][$21.19]DONE
[115] HITTING ... 
	Go to home page
	Reach STEP 1
	Reach STEP 2
	Ooops seem email correct
	Reach STEP 3
	Recalculated Price
	[141.169767049][$36.24]DONE
[116] HITTING ... 
	change invalid email[lilly.hayes@aol.com] to default one
	Go to home page
	Reach STEP 1
	Reach STEP 2
	Ooops seem email correct
	Reach STEP 3
	Recalculated Price
	[154.278856305][$19.10]DONE
[117] HITTING ... 
	Go to home page
	Reach STEP 1
	Reach STEP 2
	Ooops seem email correct
	Reach STEP 3
	Recalculated Price
	[166.918929833][$17.97]DONE
[118] HITTING ... 
	Go to home page
	Reach STEP 1
	Reach STEP 2
	Ooops seem email correct
	Reach STEP 3
	Recalculated Price
	[169.356483486][$16.26]DONE
[119] HITTING ... 
	Go to home page
	Reach STEP 1
	Reach STEP 2
	Ooops seem email correct
	Reach STEP 3
	Recalculated Price
	[171.705967331][$24.53]DONE
[120] HITTING ... 
	Go to home page
	Reach STEP 1
	Reach STEP 2
	Ooops seem email correct
	Reach STEP 3
	Recalculated Price
	[146.394955138][$23.95]DONE
[121] HITTING ... 
	change invalid email[lilly.hayes@aol.com] to default one
	Go to home page
	Reach STEP 1
	Reach STEP 2
	Ooops seem email correct
	Reach STEP 3
	Recalculated Price
	[149.262572666][$29.21]DONE
[122] HITTING ... 
	change invalid email[ian.schwartz@aol.com] to default one
	Go to home page
	Reach STEP 1
	Reach STEP 2
	Ooops seem email correct
	Reach STEP 3
	Recalculated Price
	[163.463605316][$38.03]DONE
[123] HITTING ... 
	change invalid email[lilly.hayes@aol.com] to default one
	Go to home page
	Reach STEP 1
	Reach STEP 2
	Ooops seem email correct
	Reach STEP 3
	Recalculated Price
	[174.506532469][$17.69]DONE
[124] HITTING ... 
	Go to home page
	Reach STEP 1
	Reach STEP 2
	Ooops seem email correct
	Reach STEP 3
	Recalculated Price
	[150.247383098][$16.55]DONE
[125] HITTING ... 
	Go to home page
	Reach STEP 1
	Reach STEP 2
	Ooops seem email correct
	Reach STEP 3
	Recalculated Price
	[142.121497983][$15.60]DONE
[126] HITTING ... 
	change invalid email[lilly.hayes@aol.com] to default one
	Go to home page
	Reach STEP 1
	Reach STEP 2
	Ooops seem email correct
	Reach STEP 3
	Recalculated Price
	[137.832210126][$14.47]DONE
[127] HITTING ... 
	Go to home page
	Reach STEP 1
	Reach STEP 2
	Ooops seem email correct
	Reach STEP 3
	Recalculated Price
	[158.780956487][$12.76]DONE
[128] HITTING ... 
	change invalid email[alexandra.guerrero@aol.com] to default one
	Go to home page
	Reach STEP 1
	Reach STEP 2
	Ooops seem email correct
	Reach STEP 3
	Recalculated Price
	[152.840821338][$10.83]DONE
[129] HITTING ... 
	Go to home page
	Reach STEP 1
	Reach STEP 2
	Ooops seem email correct
	Reach STEP 3
	Recalculated Price
	[166.056787302][$32.50]DONE
[130] HITTING ... 
	change invalid email[lilly.hayes@aol.com] to default one
	Go to home page
	Reach STEP 1
	Reach STEP 2
	Ooops seem email correct
	Reach STEP 3
	Recalculated Price
	[163.0543087][$25.08]DONE
[131] HITTING ... 
	Go to home page
	Reach STEP 1
	Reach STEP 2
	Ooops seem email correct
	Reach STEP 3
	Recalculated Price
	[170.832082957][$23.78]DONE
[132] HITTING ... 
	change invalid email[alexandra.guerrero@aol.com] to default one
	Go to home page
	Reach STEP 1
	Reach STEP 2
	Ooops seem email correct
	Reach STEP 3
	Recalculated Price
	[135.51139674][$19.77]DONE
[133] HITTING ... 
	Go to home page
	Reach STEP 1
	Reach STEP 2
	Ooops seem email correct
	Reach STEP 3
	Recalculated Price
	[151.895076382][$20.77]DONE
[134] HITTING ... 
	change invalid email[alexandra.guerrero@aol.com] to default one
	Go to home page
	Reach STEP 1
	Reach STEP 2
	Ooops seem email correct
	Reach STEP 3
	Recalculated Price
	[151.10094324][$21.88]DONE
[135] HITTING ... 
	Go to home page
	Reach STEP 1
	Reach STEP 2
	Ooops seem email correct
	Reach STEP 3
	Recalculated Price
	[152.389554192][$18.41]DONE
[136] HITTING ... 
	Go to home page
	Reach STEP 1
	Reach STEP 2
	Ooops seem email correct
	Reach STEP 3
	Recalculated Price
	[162.16444439][$14.84]DONE
[137] HITTING ... 
	Go to home page
	Reach STEP 1
	Reach STEP 2
	Ooops seem email correct
	Reach STEP 3
	Recalculated Price
	[148.777955612][$12.76]DONE
[138] HITTING ... 
	change invalid email[ian.schwartz@aol.com] to default one
	Go to home page
	Reach STEP 1
	Reach STEP 2
	Ooops seem email correct
	Reach STEP 3
	Recalculated Price
	[145.256470447][$27.70]DONE
[139] HITTING ... 
	Go to home page
	Reach STEP 1
	Reach STEP 2
	Ooops seem email correct
	Reach STEP 3
	Recalculated Price
	[160.922154855][$26.75]DONE
[140] HITTING ... 
	change invalid email[adrian.gilbert@outlook.com] to default one
	Go to home page
	Reach STEP 1
	Reach STEP 2
	Ooops seem email correct
	Reach STEP 3
	Recalculated Price
	[147.756802747][$28.13]DONE
[141] HITTING ... 
	change invalid email[lilly.hayes@aol.com] to default one
	Go to home page
	Reach STEP 1
	Reach STEP 2
	Ooops seem email correct
	Reach STEP 3
	Recalculated Price
	[160.357863338][$21.44]DONE
[142] HITTING ... 
	Go to home page
	Reach STEP 1
	Reach STEP 2
	Ooops seem email correct
	Reach STEP 3
	Recalculated Price
	[155.576120803][$20.30]DONE
[143] HITTING ... 
	Go to home page
	Reach STEP 1
	Reach STEP 2
	Ooops seem email correct
	Reach STEP 3
	Recalculated Price
	[138.147421137][$19.35]DONE
[144] HITTING ... 
	Go to home page
	Reach STEP 1
	Reach STEP 2
	Ooops seem email correct
	Reach STEP 3
	Recalculated Price
	[137.324644001][$18.22]DONE
[145] HITTING ... 
	Go to home page
	Reach STEP 1
	Reach STEP 2
	Ooops seem email correct
	Reach STEP 3
	Recalculated Price
	[147.904207511][$16.51]DONE
[146] HITTING ... 
	change invalid email[lilly.hayes@aol.com] to default one
	Go to home page
	Reach STEP 1
	Reach STEP 2
	Ooops seem email correct
	Reach STEP 3
	Recalculated Price
	[157.449205313][$17.27]DONE
[147] HITTING ... 
	Go to home page
	Reach STEP 1
	Reach STEP 2
	Ooops seem email correct
	Reach STEP 3
	Recalculated Price
	[151.598083132][$26.13]DONE
[148] HITTING ... 
	change invalid email[lilly.hayes@aol.com] to default one
	Go to home page
	Reach STEP 1
	Reach STEP 2
	Ooops seem email correct
	Reach STEP 3
	Recalculated Price
	[146.951515985][$31.94]DONE
[149] HITTING ... 
	change invalid email[alexandra.guerrero@aol.com] to default one
	Go to home page
	Reach STEP 1
	Reach STEP 2
	Ooops seem email correct
	Reach STEP 3
	Recalculated Price
	[134.88241618][$23.59]DONE
[150] HITTING ... 
	change invalid email[adrian.gilbert@outlook.com] to default one
	Go to home page
	Reach STEP 1
	Reach STEP 2
	Ooops seem email correct
	Reach STEP 3
	Recalculated Price
	[138.112504516][$19.23]DONE
[151] HITTING ... 
	Go to home page
	Reach STEP 1
	Reach STEP 2
	Ooops seem email correct
	Reach STEP 3
	Recalculated Price
	[147.535038327][$34.97]DONE
[152] HITTING ... 
	Go to home page
	Reach STEP 1
	Reach STEP 2
	Ooops seem email correct
	Reach STEP 3
	Recalculated Price
	[152.276333293][$22.00]DONE
[153] HITTING ... 
	Go to home page
	Reach STEP 1
	Reach STEP 2
	Ooops seem email correct
	Reach STEP 3
	Recalculated Price
	[150.562223585][$16.63]DONE
[154] HITTING ... 
	Go to home page
	Reach STEP 1
	Reach STEP 2
	Ooops seem email correct
	Reach STEP 3
	Recalculated Price
	[150.139340723][$14.92]DONE
[155] HITTING ... 
	Go to home page
	Reach STEP 1
	Reach STEP 2
	Ooops seem email correct
	Reach STEP 3
	Recalculated Price
	[140.291721653][$12.82]DONE
[156] HITTING ... 
	Go to home page
	Reach STEP 1
	Reach STEP 2
	Ooops seem email correct
	Reach STEP 3
	Recalculated Price
	[140.282841068][$27.83]DONE
[157] HITTING ... 
	Go to home page
	Reach STEP 1
	Reach STEP 2
	Ooops seem email correct
	Reach STEP 3
	Recalculated Price
	[156.865289733][$26.88]DONE
[158] HITTING ... 
	change invalid email[ian.schwartz@aol.com] to default one
	Go to home page
	Reach STEP 1
	Reach STEP 2
	Ooops seem email correct
	Reach STEP 3
	Recalculated Price
	[165.673522564][$23.07]DONE
[159] HITTING ... 
	Go to home page
	Reach STEP 1
	Reach STEP 2
	Ooops seem email correct
	Reach STEP 3
	Recalculated Price
	[169.794373674][$21.54]DONE
[160] HITTING ... 
	change invalid email[adrian.gilbert@outlook.com] to default one
	Go to home page
	Reach STEP 1
	Reach STEP 2
	Ooops seem email correct
	Reach STEP 3
	Recalculated Price
	[149.239736589][$20.40]DONE
[161] HITTING ... 
	change invalid email[adrian.gilbert@outlook.com] to default one
	Go to home page
	Reach STEP 1
	Reach STEP 2
	Ooops seem email correct
	Reach STEP 3
	Recalculated Price
	[135.041029133][$34.74]DONE
[162] HITTING ... 
	change invalid email[ian.schwartz@aol.com] to default one
	Go to home page
	Reach STEP 1
	Reach STEP 2
	Ooops seem email correct
	Reach STEP 3
	Recalculated Price
	[139.564517488][$20.14]DONE
[163] HITTING ... 
	Go to home page
	Reach STEP 1
	Reach STEP 2
	Ooops seem email correct
	Reach STEP 3
	Recalculated Price
	[149.756570528][$16.58]DONE
[164] HITTING ... 
	Go to home page
	Reach STEP 1
	Reach STEP 2
	Ooops seem email correct
	Reach STEP 3
	Recalculated Price
	[159.255491798][$14.49]DONE
[165] HITTING ... 
	change invalid email[adrian.gilbert@outlook.com] to default one
	Go to home page
	Reach STEP 1
	Reach STEP 2
	Ooops seem email correct
	Reach STEP 3
	Recalculated Price
	[161.947434687][$25.83]DONE
[166] HITTING ... 
	Go to home page
	Reach STEP 1
	Reach STEP 2
	Ooops seem email correct
	Reach STEP 3
	Recalculated Price
	[165.21898797][$24.79]DONE
[167] HITTING ... 
	Go to home page
	Reach STEP 1
	Reach STEP 2
	Ooops seem email correct
	Reach STEP 3
	Recalculated Price
	[144.394154562][$26.36]DONE
[168] HITTING ... 
	Go to home page
	Reach STEP 1
	Reach STEP 2
	Ooops seem email correct
	Reach STEP 3
	Recalculated Price
	[135.025669295][$37.96]DONE
[169] HITTING ... 
	change invalid email[ian.schwartz@aol.com] to default one
	Go to home page
	Reach STEP 1
	Reach STEP 2
	Ooops seem email correct
	Reach STEP 3
	Recalculated Price
	[145.82236438][$17.77]DONE
[170] HITTING ... 
	change invalid email[adrian.gilbert@outlook.com] to default one
	Go to home page
	Reach STEP 1
	Reach STEP 2
	Ooops seem email correct
	Reach STEP 3
	dont need to recalculate price
	[159.455849613][$16.74]DONE
[171] HITTING ... 
	Go to home page
	Reach STEP 1
	Reach STEP 2
	Ooops seem email correct
	Reach STEP 3
	Recalculated Price
	[151.033615202][$15.50]DONE
[172] HITTING ... 
	Go to home page
	Reach STEP 1
	Reach STEP 2
	Ooops seem email correct
	Reach STEP 3
	Recalculated Price
	[151.165968018][$13.64]DONE
[173] HITTING ... 
	Go to home page
	Reach STEP 1
	Reach STEP 2
	Ooops seem email correct
	Reach STEP 3
	Recalculated Price
	[140.748877784][$11.36]DONE
[174] HITTING ... 
	change invalid email[alexandra.guerrero@aol.com] to default one
	Go to home page
	Reach STEP 1
	Reach STEP 2
	Ooops seem email correct
	Reach STEP 3
	Recalculated Price
	[140.721627257][$35.04]DONE
[175] HITTING ... 
	change invalid email[ian.schwartz@aol.com] to default one
	Go to home page
	Reach STEP 1
	Reach STEP 2
	Ooops seem email correct
	Reach STEP 3
	Recalculated Price
	[147.177892253][$33.72]DONE
[176] HITTING ... 
	Go to home page
	Reach STEP 1
	Reach STEP 2
	Ooops seem email correct
	Reach STEP 3
	Recalculated Price
	[160.959273661][$28.45]DONE
[177] HITTING ... 
	Go to home page
	Reach STEP 1
	Reach STEP 2
	Ooops seem email correct
	Reach STEP 3
	Recalculated Price
	[162.93857182][$21.09]DONE
[178] HITTING ... 
	Go to home page
	Reach STEP 1
	Reach STEP 2
	Ooops seem email correct
	Reach STEP 3
	Recalculated Price
	[170.584047049][$19.85]DONE
[179] HITTING ... 
	change invalid email[ian.schwartz@aol.com] to default one
	Go to home page
	Reach STEP 1
	Reach STEP 2
	Ooops seem email correct
	Reach STEP 3
	Recalculated Price
	[146.09014388][$18.82]DONE
[180] HITTING ... 
	change invalid email[alexandra.guerrero@aol.com] to default one
	Go to home page
	Reach STEP 1
	Reach STEP 2
	[180][114.538888433] MISSED: ["Renters", "95126", "Clara", "French", "11/18/1993", "f", "1590 Southwest Expy", "San Jose", "CA", "N", "RENTED HOUSE - SINGLE FAMILY", "5+", "0", nil, "0", "(707) 584-0655", "alexandra.guerrero@aol.com", "N", "N", "N", "N", "Y", "N", "NONE", "N", "N", "Keep default.", "60000", "Keep default", "1000", "300000", "N", "1500"]
	unable to locate element, using {:id=>"errordiv", :tag_name=>"div"}
[181] HITTING ... 
	Go to home page
	Reach STEP 1
	Reach STEP 2
	Ooops seem email correct
	Reach STEP 3
	Recalculated Price
	[163.747658968][$15.72]DONE
[182] HITTING ... 
	Go to home page
	Reach STEP 1
	Reach STEP 2
	Ooops seem email correct
	Reach STEP 3
	Recalculated Price
	[163.563688588][$16.58]DONE
[183] HITTING ... 
	Go to home page
	Reach STEP 1
	Reach STEP 2
	Ooops seem email correct
	Reach STEP 3
	Recalculated Price
	[161.305704262][$29.58]DONE
[184] HITTING ... 
	change invalid email[adrian.gilbert@outlook.com] to default one
	Go to home page
	Reach STEP 1
	Reach STEP 2
	Ooops seem email correct
	Reach STEP 3
	Recalculated Price
	[149.253228763][$28.54]DONE
[185] HITTING ... 
	change invalid email[ian.schwartz@aol.com] to default one
	Go to home page
	Reach STEP 1
	Reach STEP 2
	Ooops seem email correct
	Reach STEP 3
	Recalculated Price
	[132.548480555][$30.11]DONE
[186] HITTING ... 
	Go to home page
	Reach STEP 1
	Reach STEP 2
	Ooops seem email correct
	Reach STEP 3
	Recalculated Price
	[139.589301846][$22.76]DONE
[187] HITTING ... 
	Go to home page
	Reach STEP 1
	Reach STEP 2
	Ooops seem email correct
	Reach STEP 3
	Recalculated Price
	[149.81400007][$26.42]DONE
[188] HITTING ... 
	change invalid email[adrian.gilbert@outlook.com] to default one
	Go to home page
	Reach STEP 1
	Reach STEP 2
	Ooops seem email correct
	Reach STEP 3
	Recalculated Price
	[159.528031648][$20.49]DONE
[189] HITTING ... 
	change invalid email[adrian.gilbert@outlook.com] to default one
	Go to home page
	Reach STEP 1
	Reach STEP 2
	Ooops seem email correct
	Reach STEP 3
	Recalculated Price
	[150.881734099][$19.25]DONE
[190] HITTING ... 
	Go to home page
	Reach STEP 1
	Reach STEP 2
	Ooops seem email correct
	Reach STEP 3
	Recalculated Price
	[154.169054352][$30.98]DONE
[191] HITTING ... 
	change invalid email[ian.schwartz@aol.com] to default one
	Go to home page
	Reach STEP 1
	Reach STEP 2
	Ooops seem email correct
	Reach STEP 3
	Recalculated Price
	[148.131090972][$15.11]DONE
[192] HITTING ... 
	Go to home page
	Reach STEP 1
	Reach STEP 2
	Ooops seem email correct
	Reach STEP 3
	Recalculated Price
	[145.704670518][$26.08]DONE
[193] HITTING ... 
	Go to home page
	Reach STEP 1
	Reach STEP 2
	Ooops seem email correct
	Reach STEP 3
	Recalculated Price
	[162.139505825][$31.89]DONE
[194] HITTING ... 
	Go to home page
	Reach STEP 1
	Reach STEP 2
	Ooops seem email correct
	Reach STEP 3
	Recalculated Price
	[177.242385181][$20.91]DONE
[195] HITTING ... 
	Go to home page
	Reach STEP 1
	Reach STEP 2
	Ooops seem email correct
	Reach STEP 3
	Recalculated Price
	[161.908958973][$19.26]DONE
[196] HITTING ... 
	Go to home page
	Reach STEP 1
	Reach STEP 2
	Ooops seem email correct
	Reach STEP 3
	Recalculated Price
	[145.554914763][$35.74]DONE
[197] HITTING ... 
	Go to home page
	Reach STEP 1
	Reach STEP 2
	Ooops seem email correct
	Reach STEP 3
	Recalculated Price
	[142.859147213][$16.99]DONE
[198] HITTING ... 
	Go to home page
	Reach STEP 1
	Reach STEP 2
	Ooops seem email correct
	Reach STEP 3
	Recalculated Price
	[132.952593378][$15.75]DONE
[199] HITTING ... 
	change invalid email[alexandra.guerrero@aol.com] to default one
	Go to home page
	Reach STEP 1
	Reach STEP 2
	Ooops seem email correct
	Reach STEP 3
	Recalculated Price
	[147.120522459][$13.89]DONE
[200] HITTING ... 
	Go to home page
	Reach STEP 1
	Reach STEP 2
	Ooops seem email correct
	Reach STEP 3
	Recalculated Price
	[144.561144264][$11.61]DONE
[201] HITTING ... 
	change invalid email[ian.schwartz@aol.com] to default one
	Go to home page
	Reach STEP 1
	Reach STEP 2
	Ooops seem email correct
	Reach STEP 3
	Recalculated Price
	[146.64533562][$28.16]DONE
[202] HITTING ... 
	Go to home page
	Reach STEP 1
	Reach STEP 2
	Ooops seem email correct
	Reach STEP 3
	Recalculated Price
	[180.390992353][$33.97]DONE
[203] HITTING ... 
	Go to home page
	Reach STEP 1
	Reach STEP 2
	Ooops seem email correct
	Reach STEP 3
	Recalculated Price
	[139.056628658][$23.00]DONE
[204] HITTING ... 
	change invalid email[adrian.gilbert@outlook.com] to default one
	Go to home page
	Reach STEP 1
	Reach STEP 2
	Ooops seem email correct
	Reach STEP 3
	Recalculated Price
	[141.178558494][$21.34]DONE
[205] HITTING ... 
	Go to home page
	Reach STEP 1
	Reach STEP 2
	Ooops seem email correct
	Reach STEP 3
	Recalculated Price
	[156.89396848][$20.10]DONE
[206] HITTING ... 
	Go to home page
	Reach STEP 1
	Reach STEP 2
	Ooops seem email correct
	Reach STEP 3
	Recalculated Price
	[150.546237142][$21.30]DONE
[207] HITTING ... 
	change invalid email[lilly.hayes@aol.com] to default one
	Go to home page
	Reach STEP 1
	Reach STEP 2
	Ooops seem email correct
	Reach STEP 3
	Recalculated Price
	[153.036395585][$17.83]DONE
[208] HITTING ... 
	Go to home page
	Reach STEP 1
	Reach STEP 2
	Ooops seem email correct
	Reach STEP 3
	Recalculated Price
	[148.102890466][$17.79]DONE
[209] HITTING ... 
	change invalid email[ian.schwartz@aol.com] to default one
	Go to home page
	Reach STEP 1
	Reach STEP 2
	Ooops seem email correct
	Reach STEP 3
	Recalculated Price
	[138.68064355][$13.70]DONE
[210] HITTING ... 
	Go to home page
	Reach STEP 1
	Reach STEP 2
	Ooops seem email correct
	Reach STEP 3
	Recalculated Price
	[139.366545709][$29.83]DONE
[211] HITTING ... 
	Go to home page
	Reach STEP 1
	Reach STEP 2
	Ooops seem email correct
	Reach STEP 3
	Recalculated Price
	[149.168610501][$28.79]DONE
[212] HITTING ... 
	change invalid email[adrian.gilbert@outlook.com] to default one
	Go to home page
	Reach STEP 1
	Reach STEP 2
	Ooops seem email correct
	Reach STEP 3
	Recalculated Price
	[154.00634022][$45.26]DONE
[213] HITTING ... 
	change invalid email[adrian.gilbert@outlook.com] to default one
	Go to home page
	Reach STEP 1
	Reach STEP 2
	Ooops seem email correct
	Reach STEP 3
	Recalculated Price
	[155.953820108][$23.01]DONE
[214] HITTING ... 
	Go to home page
	Reach STEP 1
	Reach STEP 2
	Ooops seem email correct
	Reach STEP 3
	Recalculated Price
	[152.809721506][$24.14]DONE
[215] HITTING ... 
	Go to home page
	Reach STEP 1
	Reach STEP 2
	Ooops seem email correct
	Reach STEP 3
	Recalculated Price
	[160.998625166][$20.74]DONE
[216] HITTING ... 
	change invalid email[ian.schwartz@aol.com] to default one
	Go to home page
	Reach STEP 1
	Reach STEP 2
	Ooops seem email correct
	Reach STEP 3
	Recalculated Price
	[149.733558703][$19.50]DONE
[217] HITTING ... 
	Go to home page
	Reach STEP 1
	Reach STEP 2
	Ooops seem email correct
	Reach STEP 3
	Recalculated Price
	[175.771931807][$17.64]DONE
[218] HITTING ... 
	change invalid email[adrian.gilbert@outlook.com] to default one
	Go to home page
	Reach STEP 1
	Reach STEP 2
	Ooops seem email correct
	Reach STEP 3
	Recalculated Price
	[176.680311255][$15.36]DONE
[219] HITTING ... 
	Go to home page
	Reach STEP 1
	Reach STEP 2
	Ooops seem email correct
	Reach STEP 3
	Recalculated Price
	[160.257893725][$27.74]DONE
[220] HITTING ... 
	Go to home page
	Reach STEP 1
	Reach STEP 2
	Ooops seem email correct
	Reach STEP 3
	Recalculated Price
	[154.231686673][$53.34]DONE
[221] HITTING ... 
	Go to home page
	Reach STEP 1
	Reach STEP 2
	Ooops seem email correct
	Reach STEP 3
	Recalculated Price
	[145.533415994][$28.39]DONE
[222] HITTING ... 
	change invalid email[lilly.hayes@aol.com] to default one
	Go to home page
	Reach STEP 1
	Reach STEP 2
	Ooops seem email correct
	Reach STEP 3
	Recalculated Price
	[154.211273808][$26.11]DONE
[223] HITTING ... 
	Go to home page
	Reach STEP 1
	Reach STEP 2
	Ooops seem email correct
	Reach STEP 3
	Recalculated Price
	[150.915283399][$24.41]DONE
[224] HITTING ... 
	change invalid email[ian.schwartz@aol.com] to default one
	Go to home page
	Reach STEP 1
	Reach STEP 2
	Ooops seem email correct
	Reach STEP 3
	dont need to recalculate price
	[162.447274768][$17.98]DONE
[225] HITTING ... 
	Go to home page
	Reach STEP 1
	Reach STEP 2
	Ooops seem email correct
	Reach STEP 3
	Recalculated Price
	[147.293922465][$21.29]DONE
[226] HITTING ... 
	change invalid email[ian.schwartz@aol.com] to default one
	Go to home page
	Reach STEP 1
	Reach STEP 2
	Ooops seem email correct
	Reach STEP 3
	Recalculated Price
	[135.547819029][$14.65]DONE
[227] HITTING ... 
	Go to home page
	Reach STEP 1
	Reach STEP 2
	Ooops seem email correct
	Reach STEP 3
	Recalculated Price
	[138.936761449][$13.86]DONE
[228] HITTING ... 
	Go to home page
	Reach STEP 1
	Reach STEP 2
	Ooops seem email correct
	Reach STEP 3
	Recalculated Price
	[173.712136076][$33.58]DONE
[229] HITTING ... 
	Go to home page
	Reach STEP 1
	Reach STEP 2
	Ooops seem email correct
	Reach STEP 3
	Recalculated Price
	[169.084125231][$28.72]DONE
[230] HITTING ... 
	change invalid email[lilly.hayes@aol.com] to default one
	Go to home page
	Reach STEP 1
	Reach STEP 2
	Ooops seem email correct
	Reach STEP 3
	Recalculated Price
	[162.473750033][$24.28]DONE
[231] HITTING ... 
	change invalid email[alexandra.guerrero@aol.com] to default one
	Go to home page
	Reach STEP 1
	Reach STEP 2
	Ooops seem email correct
	Reach STEP 3
	Recalculated Price
	[164.39075073][$28.20]DONE
[232] HITTING ... 
	Go to home page
	Reach STEP 1
	Reach STEP 2
	Ooops seem email correct
	Reach STEP 3
	Recalculated Price
	[143.225469342][$21.17]DONE
[233] HITTING ... 
	change invalid email[adrian.gilbert@outlook.com] to default one
	Go to home page
	Reach STEP 1
	Reach STEP 2
	Ooops seem email correct
	Reach STEP 3
	Recalculated Price
	[142.401413181][$20.06]DONE
[234] HITTING ... 
	Go to home page
	Reach STEP 1
	Reach STEP 2
	Ooops seem email correct
	Reach STEP 3
	Recalculated Price
	[157.861144347][$23.37]DONE
[235] HITTING ... 
	change invalid email[lilly.hayes@aol.com] to default one
	Go to home page
	Reach STEP 1
	Reach STEP 2
	Ooops seem email correct
	Reach STEP 3
	Recalculated Price
	[150.266530222][$31.42]DONE
[236] HITTING ... 
	Go to home page
	Reach STEP 1
	Reach STEP 2
	Ooops seem email correct
	Reach STEP 3
	Recalculated Price
	[146.225909829][$14.29]DONE
[237] HITTING ... 
	Go to home page
	Reach STEP 1
	Reach STEP 2
	Ooops seem email correct
	Reach STEP 3
	Recalculated Price
	[152.508265366][$31.49]DONE
[238] HITTING ... 
	Go to home page
	Reach STEP 1
	Reach STEP 2
	Ooops seem email correct
	Reach STEP 3
	Recalculated Price
	[140.081180765][$30.38]DONE
[239] HITTING ... 
	change invalid email[ian.schwartz@aol.com] to default one
	Go to home page
	Reach STEP 1
	Reach STEP 2
	Ooops seem email correct
	Reach STEP 3
	Recalculated Price
	[142.145775282][$28.95]DONE
[240] HITTING ... 
	Go to home page
	Reach STEP 1
	Reach STEP 2
	Ooops seem email correct
	Reach STEP 3
	Recalculated Price
	[154.589764016][$24.17]DONE
[241] HITTING ... 
	change invalid email[ian.schwartz@aol.com] to default one
	Go to home page
	Reach STEP 1
	Reach STEP 2
	Ooops seem email correct
	Reach STEP 3
	Recalculated Price
	[169.2667953][$22.84]DONE
[242] HITTING ... 
	change invalid email[adrian.gilbert@outlook.com] to default one
	Go to home page
	Reach STEP 1
	Reach STEP 2
	Ooops seem email correct
	Reach STEP 3
	Recalculated Price
	[162.719310433][$39.75]DONE
[243] HITTING ... 
	Go to home page
	Reach STEP 1
	Reach STEP 2
	Ooops seem email correct
	Reach STEP 3
	Recalculated Price
	[153.768589509][$20.40]DONE
[244] HITTING ... 
	Go to home page
	Reach STEP 1
	Reach STEP 2
	Ooops seem email correct
	Reach STEP 3
	Recalculated Price
	[135.512588296][$18.40]DONE
[245] HITTING ... 
	Go to home page
	Reach STEP 1
	Reach STEP 2
	Ooops seem email correct
	Reach STEP 3
	Recalculated Price
	[136.140875623][$15.96]DONE
[246] HITTING ... 
	Go to home page
	Reach STEP 1
	Reach STEP 2
	Ooops seem email correct
	Reach STEP 3
	Recalculated Price
	[150.003958646][$35.73]DONE
[247] HITTING ... 
	Go to home page
	Reach STEP 1
	Reach STEP 2
	Ooops seem email correct
	Reach STEP 3
	Recalculated Price
	[148.040495276][$26.88]DONE
[248] HITTING ... 
	Go to home page
	Reach STEP 1
	Reach STEP 2
	Ooops seem email correct
	Reach STEP 3
	Recalculated Price
	[152.459789003][$44.70]DONE
[249] HITTING ... 
	change invalid email[alexandra.guerrero@aol.com] to default one
	Go to home page
	Reach STEP 1
	Reach STEP 2
	Ooops seem email correct
	Reach STEP 3
	Recalculated Price
	[147.338570167][$26.36]DONE
[250] HITTING ... 
	change invalid email[lilly.hayes@aol.com] to default one
	Go to home page
	Reach STEP 1
	Reach STEP 2
	Ooops seem email correct
	Reach STEP 3
	Recalculated Price
	[144.296137587][$19.34]DONE
[251] HITTING ... 
	Go to home page
	Reach STEP 1
	Reach STEP 2
	Ooops seem email correct
	Reach STEP 3
	Recalculated Price
	[145.34080478][$20.86]DONE
[252] HITTING ... 
	change invalid email[lilly.hayes@aol.com] to default one
	Go to home page
	Reach STEP 1
	Reach STEP 2
	Ooops seem email correct
	Reach STEP 3
	Recalculated Price
	[164.277431067][$17.73]DONE
[253] HITTING ... 
	Go to home page
	Reach STEP 1
	Reach STEP 2
	Ooops seem email correct
	Reach STEP 3
	Recalculated Price
	[164.321864572][$35.10]DONE
[254] HITTING ... 
	Go to home page
	Reach STEP 1
	Reach STEP 2
	Ooops seem email correct
	Reach STEP 3
	Recalculated Price
	[149.913609367][$42.23]DONE
[255] HITTING ... 
	Go to home page
	Reach STEP 1
	Reach STEP 2
	[255][138.822158359] MISSED: ["Renters", "95054", "Charlotte", "Campbell", "07/31/1988", "m", "550 Moreland Way", "Santa Clara", "CA", "N", "RENTED HOUSE - SINGLE FAMILY", "5+", "0", nil, "0", "(619) 280-5383", "william.palmer@gmail.com", "N", "N", "N", "N", "Y", "N", "NONE", "N", "N", "Keep default.", "90000", "Keep default", "1000", "500000", "N", "250"]
	unable to locate element, using {:id=>"errordiv", :tag_name=>"div"}
[256] HITTING ... 
	change invalid email[adrian.gilbert@outlook.com] to default one
	Go to home page
	Reach STEP 1
	Reach STEP 2
	Ooops seem email correct
	Reach STEP 3
	Recalculated Price
	[144.813859359][$33.25]DONE
[257] HITTING ... 
	Go to home page
	Reach STEP 1
	Reach STEP 2
	Ooops seem email correct
	Reach STEP 3
	Recalculated Price
	[148.709987403][$25.32]DONE
[258] HITTING ... 
	change invalid email[lilly.hayes@aol.com] to default one
	Go to home page
	Reach STEP 1
	Reach STEP 2
	Ooops seem email correct
	Reach STEP 3
	Recalculated Price
	[158.815773996][$24.06]DONE
[259] HITTING ... 
	change invalid email[alexandra.guerrero@aol.com] to default one
	Go to home page
	Reach STEP 1
	Reach STEP 2
	Ooops seem email correct
	Reach STEP 3
	Recalculated Price
	[164.255759426][$22.56]DONE
[260] HITTING ... 
	change invalid email[lilly.hayes@aol.com] to default one
	Go to home page
	Reach STEP 1
	Reach STEP 2
	Ooops seem email correct
	Reach STEP 3
	Recalculated Price
	[177.826114212][$20.30]DONE
[261] HITTING ... 
	Go to home page
	Reach STEP 1
	Reach STEP 2
	Ooops seem email correct
	Reach STEP 3
	Recalculated Price
	[161.763144929][$17.54]DONE
[262] HITTING ... 
	change invalid email[adrian.gilbert@outlook.com] to default one
	Go to home page
	Reach STEP 1
	Reach STEP 2
	Ooops seem email correct
	Reach STEP 3
	Recalculated Price
	[143.818566087][$62.94]DONE
[263] HITTING ... 
	change invalid email[alexandra.guerrero@aol.com] to default one
	Go to home page
	Reach STEP 1
	Reach STEP 2
	Ooops seem email correct
	Reach STEP 3
	Recalculated Price
	[150.775060384][$30.34]DONE
[264] HITTING ... 
	change invalid email[ian.schwartz@aol.com] to default one
	Go to home page
	Reach STEP 1
	Reach STEP 2
	Ooops seem email correct
	Reach STEP 3
	Recalculated Price
	[163.429386136][$25.33]DONE
[265] HITTING ... 
	Go to home page
	Reach STEP 1
	Reach STEP 2
	Ooops seem email correct
	Reach STEP 3
	Recalculated Price
	[174.210446842][$23.32]DONE
[266] HITTING ... 
	change invalid email[ian.schwartz@aol.com] to default one
	Go to home page
	Reach STEP 1
	Reach STEP 2
	[266][129.915261078] MISSED: ["Renters", "94085", "Jaxon", "Wolf", "07/31/1988", "f", "330 N Mathilda Ave", "Sunnyvale", "CA", "N", "RENTED HOUSE - SINGLE FAMILY", "5+", "0", nil, "0", "(650) 997-0400", "ian.schwartz@aol.com", "N", "N", "N", "N", "Y", "N", "NONE", "N", "N", "Keep default.", "90000", "Keep default", "2000", "100000", "N", "750"]
	unable to locate element, using {:id=>"errordiv", :tag_name=>"div"}
[267] HITTING ... 
	change invalid email[adrian.gilbert@outlook.com] to default one
	Go to home page
	Reach STEP 1
	Reach STEP 2
	Ooops seem email correct
	Reach STEP 3
	Recalculated Price
	[146.932159207][$23.29]DONE
[268] HITTING ... 
	Go to home page
	Reach STEP 1
	Reach STEP 2
	Ooops seem email correct
	Reach STEP 3
	Recalculated Price
	[138.489973266][$24.30]DONE
[269] HITTING ... 
	change invalid email[adrian.gilbert@outlook.com] to default one
	Go to home page
	Reach STEP 1
	Reach STEP 2
	Ooops seem email correct
	Reach STEP 3
	Recalculated Price
	[146.079999576][$21.41]DONE
[270] HITTING ... 
	change invalid email[alexandra.guerrero@aol.com] to default one
	Go to home page
	Reach STEP 1
	Reach STEP 2
	Ooops seem email correct
	Reach STEP 3
	Recalculated Price
	[156.674363264][$14.04]DONE
[271] HITTING ... 
	change invalid email[ian.schwartz@aol.com] to default one
	Go to home page
	Reach STEP 1
	Reach STEP 2
	Ooops seem email correct
	Reach STEP 3
	Recalculated Price
	[168.476749011][$33.68]DONE
[272] HITTING ... 
	Go to home page
	Reach STEP 1
	Reach STEP 2
	Ooops seem email correct
	Reach STEP 3
	Recalculated Price
	[161.563845052][$62.51]DONE
[273] HITTING ... 
	change invalid email[lilly.hayes@aol.com] to default one
	Go to home page
	Reach STEP 1
	Reach STEP 2
	Ooops seem email correct
	Reach STEP 3
	Recalculated Price
	[152.763247261][$27.41]DONE
[274] HITTING ... 
	Go to home page
	Reach STEP 1
	Reach STEP 2
	Ooops seem email correct
	Reach STEP 3
	Recalculated Price
	[154.236599386][$25.40]DONE
[275] HITTING ... 
	Go to home page
	Reach STEP 1
	Reach STEP 2
	Ooops seem email correct
	Reach STEP 3
	Recalculated Price
	[157.195633044][$23.90]DONE
[276] HITTING ... 
	Go to home page
	Reach STEP 1
	Reach STEP 2
	Ooops seem email correct
	Reach STEP 3
	Recalculated Price
	[164.700270019][$22.64]DONE
[277] HITTING ... 
	Go to home page
	Reach STEP 1
	Reach STEP 2
	Ooops seem email correct
	Reach STEP 3
	Recalculated Price
	[169.400411945][$21.14]DONE
[278] HITTING ... 
	change invalid email[adrian.gilbert@outlook.com] to default one
	Go to home page
	Reach STEP 1
	Reach STEP 2
	Ooops seem email correct
	Reach STEP 3
	Recalculated Price
	[152.134293112][$18.88]DONE
[279] HITTING ... 
	Go to home page
	Reach STEP 1
	Reach STEP 2
	Ooops seem email correct
	Reach STEP 3
	Recalculated Price
	[144.31242444][$16.12]DONE
[280] HITTING ... 
	Go to home page
	Reach STEP 1
	Reach STEP 2
	Ooops seem email correct
	Reach STEP 3
	Recalculated Price
	[150.849763966][$35.35]DONE
[281] HITTING ... 
	change invalid email[ian.schwartz@aol.com] to default one
	Go to home page
	Reach STEP 1
	Reach STEP 2
	Ooops seem email correct
	Reach STEP 3
	Recalculated Price
	[149.004488331][$42.48]DONE
[282] HITTING ... 
	Go to home page
	Reach STEP 1
	Reach STEP 2
	Ooops seem email correct
	Reach STEP 3
	Recalculated Price
	[177.276313209][$29.08]DONE
[283] HITTING ... 
	Go to home page
	Reach STEP 1
	Reach STEP 2
	Ooops seem email correct
	Reach STEP 3
	Recalculated Price
	[163.823701273][$33.50]DONE
[284] HITTING ... 
	Go to home page
	Reach STEP 1
	Reach STEP 2
	Ooops seem email correct
	Reach STEP 3
	Recalculated Price
	[160.233982092][$47.13]DONE
[285] HITTING ... 
	Go to home page
	Reach STEP 1
	Reach STEP 2
	Ooops seem email correct
	Reach STEP 3
	Recalculated Price
	[143.278272106][$27.04]DONE
[286] HITTING ... 
	Go to home page
	Reach STEP 1
	Reach STEP 2
	Ooops seem email correct
	Reach STEP 3
	Recalculated Price
	[136.901353453][$28.05]DONE
[287] HITTING ... 
	change invalid email[adrian.gilbert@outlook.com] to default one
	Go to home page
	Reach STEP 1
	Reach STEP 2
	Ooops seem email correct
	Reach STEP 3
	Recalculated Price
	[153.50243773][$20.55]DONE
[288] HITTING ... 
	Go to home page
	Reach STEP 1
	Reach STEP 2
	Ooops seem email correct
	Reach STEP 3
	Recalculated Price
	[163.470085586][$17.79]DONE
[289] HITTING ... 
	Go to home page
	Reach STEP 1
	Reach STEP 2
	Ooops seem email correct
	Reach STEP 3
	Recalculated Price
	[151.387235967][$42.15]DONE
[290] HITTING ... 
	Go to home page
	Reach STEP 1
	Reach STEP 2
	Ooops seem email correct
	Reach STEP 3
	Recalculated Price
	[146.037854335][$31.64]DONE
[291] HITTING ... 
	change invalid email[alexandra.guerrero@aol.com] to default one
	Go to home page
	Reach STEP 1
	Reach STEP 2
	Ooops seem email correct
	Reach STEP 3
	Recalculated Price
	[145.877536111][$26.36]DONE
[292] HITTING ... 
	Go to home page
	Reach STEP 1
	Reach STEP 2
	Ooops seem email correct
	Reach STEP 3
	Recalculated Price
	[134.844927718][$24.25]DONE
[293] HITTING ... 
	change invalid email[adrian.gilbert@outlook.com] to default one
	Go to home page
	Reach STEP 1
	Reach STEP 2
	Ooops seem email correct
	Reach STEP 3
	Recalculated Price
	[154.531143474][$22.67]DONE
[294] HITTING ... 
	change invalid email[adrian.gilbert@outlook.com] to default one
	Go to home page
	Reach STEP 1
	Reach STEP 2
	Ooops seem email correct
	Reach STEP 3
	dont need to recalculate price
	[158.74246646][$27.31]DONE
[295] HITTING ... 
	Go to home page
	Reach STEP 1
	Reach STEP 2
	Ooops seem email correct
	Reach STEP 3
	Recalculated Price
	[149.147246058][$39.59]DONE
[296] HITTING ... 
	Go to home page
	Reach STEP 1
	Reach STEP 2
	Ooops seem email correct
	Reach STEP 3
	Recalculated Price
	[147.571263223][$17.40]DONE
[297] HITTING ... 
	Go to home page
	Reach STEP 1
	Reach STEP 2
	Ooops seem email correct
	Reach STEP 3
	Recalculated Price
	[136.328838254][$14.50]DONE
[298] HITTING ... 
	change invalid email[ian.schwartz@aol.com] to default one
	Go to home page
	Reach STEP 1
	Reach STEP 2
	Ooops seem email correct
	Reach STEP 3
	Recalculated Price
	[147.167665545][$35.04]DONE
[299] HITTING ... 
	Go to home page
	Reach STEP 1
	Reach STEP 2
	Ooops seem email correct
	Reach STEP 3
	Recalculated Price
	[162.713471904][$42.55]DONE
[300] HITTING ... 
	Go to home page
	Reach STEP 1
	Reach STEP 2
	Ooops seem email correct
	Reach STEP 3
	Recalculated Price
	[162.544054321][$35.80]DONE
[301] HITTING ... 
	Go to home page
	Reach STEP 1
	Reach STEP 2
	Ooops seem email correct
	Reach STEP 3
	Recalculated Price
	Can not find agent name
	[200.701988356][$33.11]DONE
[302] HITTING ... 
	change invalid email[lilly.hayes@aol.com] to default one
	Go to home page
	Reach STEP 1
	Reach STEP 2
	Ooops seem email correct
	Reach STEP 3
	Recalculated Price
	[155.805548226][$24.76]DONE
[303] HITTING ... 
	change invalid email[lilly.hayes@aol.com] to default one
	Go to home page
	Reach STEP 1
	Reach STEP 2
	Ooops seem email correct
	Reach STEP 3
	Recalculated Price
	[145.791729007][$26.27]DONE
[304] HITTING ... 
	Go to home page
	Reach STEP 1
	Reach STEP 2
	Ooops seem email correct
	Reach STEP 3
	Recalculated Price
	[158.093156896][$27.37]DONE
[305] HITTING ... 
	change invalid email[adrian.gilbert@outlook.com] to default one
	Go to home page
	Reach STEP 1
	Reach STEP 2
	Ooops seem email correct
	Reach STEP 3
	Recalculated Price
	[158.583067033][$19.48]DONE
[306] HITTING ... 
	Go to home page
	Reach STEP 1
	Reach STEP 2
	Ooops seem email correct
	Reach STEP 3
	Recalculated Price
	[154.297860273][$16.58]DONE
[307] HITTING ... 
	change invalid email[adrian.gilbert@outlook.com] to default one
	Go to home page
	Reach STEP 1
	Reach STEP 2
	Ooops seem email correct
	Reach STEP 3
	Recalculated Price
	[148.503656088][$45.90]DONE
[308] HITTING ... 
	change invalid email[lilly.hayes@aol.com] to default one
	Go to home page
	Reach STEP 1
	Reach STEP 2
	Ooops seem email correct
	Reach STEP 3
	Recalculated Price
	[157.545998405][$35.39]DONE
[309] HITTING ... 
	Go to home page
	Reach STEP 1
	Reach STEP 2
	Ooops seem email correct
	Reach STEP 3
	Recalculated Price
	[137.889727212][$37.47]DONE
[310] HITTING ... 
	change invalid email[alexandra.guerrero@aol.com] to default one
	Go to home page
	Reach STEP 1
	Reach STEP 2
	Ooops seem email correct
	Reach STEP 3
	Recalculated Price
	[150.614326748][$28.00]DONE
[311] HITTING ... 
	Go to home page
	Reach STEP 1
	Reach STEP 2
	Ooops seem email correct
	Reach STEP 3
	Recalculated Price
	[152.636706295][$26.42]DONE
[312] HITTING ... 
	change invalid email[lilly.hayes@aol.com] to default one
	Go to home page
	Reach STEP 1
	Reach STEP 2
	Ooops seem email correct
	Reach STEP 3
	Recalculated Price
	[151.31152241][$25.11]DONE
[313] HITTING ... 
	Go to home page
	Reach STEP 1
	Reach STEP 2
	Ooops seem email correct
	Reach STEP 3
	Recalculated Price
	[183.567557865][$26.14]DONE
[314] HITTING ... 
	change invalid email[alexandra.guerrero@aol.com] to default one
	Go to home page
	Reach STEP 1
	Reach STEP 2
	Ooops seem email correct
	Reach STEP 3
	Recalculated Price
	[207.703787921][$21.15]DONE
[315] HITTING ... 
	Go to home page
	Reach STEP 1
	Reach STEP 2
	Ooops seem email correct
	Reach STEP 3
	Recalculated Price
	[148.342297097][$18.25]DONE
[316] HITTING ... 
	Go to home page
	Reach STEP 1
	Reach STEP 2
	Ooops seem email correct
	Reach STEP 3
	Recalculated Price
	[163.02461634][$33.20]DONE
[317] HITTING ... 
	Go to home page
	Reach STEP 1
	Reach STEP 2
	Ooops seem email correct
	Reach STEP 3
	Recalculated Price
	Fail to find 'Recalculated' button on step 3 of quote page
	[317][162.363508936] MISSED: ["Renters", "95134", "Jacob", "Cochran", "11/12/1990", "f", "345 Village Center Dr", "San Jose", "CA", "N", "RENTED HOUSE - SINGLE FAMILY", "5+", "0", nil, "0", "(831) 458-5042", "william.palmer@gmail.com", "N", "N", "N", "N", "Y", "N", "NONE", "N", "N", "Keep default.", "100000", "Keep default", "2000", "100000", "N", "100 / 250"]
	fail to find buy button
[318] HITTING ... 
	change invalid email[lilly.hayes@aol.com] to default one
	Go to home page
	Reach STEP 1
	Reach STEP 2
	Ooops seem email correct
	Fail to find 'Continue' button on step 3 of quote page
	Reach STEP 3
	[318][148.931915679] MISSED: ["Renters", "94041", "Isaiah", "Logan", "12/1/1988", "f", "151 Calderon Ave", "Mountain View", "CA", "N", "RENTED HOUSE - SINGLE FAMILY", "5+", "0", nil, "0", "(866) 849-2126", "lilly.hayes@aol.com", "N", "N", "N", "N", "Y", "N", "NONE", "N", "N", "Keep default.", "100000", "Keep default", "2000", "100000", "N", "250"]
	unknown error: Cannot set property 'onblur' of null
  (Session info: chrome=45.0.2454.99)
  (Driver info: chromedriver=2.18.343837 (52eb4041461e46a6b73308ebb19e85787ced4281),platform=Linux 3.13.0-48-generic x86_64)
[319] HITTING ... 
	change invalid email[ian.schwartz@aol.com] to default one
	Go to home page
	Reach STEP 1
	Reach STEP 2
	Ooops seem email correct
	Fail to find 'Continue' button on step 3 of quote page
	Reach STEP 3
	[319][141.397489629] MISSED: ["Renters", "95126", "Aidan", "Hughes", "03/08/1990", "f", "1201 Parkmoor Ave", "San Jose", "CA", "N", "RENTED HOUSE - SINGLE FAMILY", "5+", "0", nil, "0", "(650) 265-2120", "ian.schwartz@aol.com", "N", "N", "N", "N", "Y", "N", "NONE", "N", "N", "Keep default.", "100000", "Keep default", "2000", "100000", "N", "500"]
	unknown error: Cannot set property 'onblur' of null
  (Session info: chrome=45.0.2454.99)
  (Driver info: chromedriver=2.18.343837 (52eb4041461e46a6b73308ebb19e85787ced4281),platform=Linux 3.13.0-48-generic x86_64)
[320] HITTING ... 
	change invalid email[ian.schwartz@aol.com] to default one
	Go to home page
	Reach STEP 1
	Reach STEP 2
	Ooops seem email correct
	Fail to find 'Continue' button on step 3 of quote page
	Reach STEP 3
	[320][130.695476583] MISSED: ["Renters", "94086", "Ana", "Tyler", "02/04/1989", "m", "718 Old San Francisco Rd", "Sunnyvale", "CA", "N", "RENTED HOUSE - SINGLE FAMILY", "5+", "0", nil, "0", "(831) 373-1025", "ian.schwartz@aol.com", "N", "N", "N", "N", "Y", "N", "NONE", "N", "N", "Keep default.", "100000", "Keep default", "2000", "100000", "N", "750"]
	unknown error: Cannot set property 'onblur' of null
  (Session info: chrome=45.0.2454.99)
  (Driver info: chromedriver=2.18.343837 (52eb4041461e46a6b73308ebb19e85787ced4281),platform=Linux 3.13.0-48-generic x86_64)
[321] HITTING ... 
	Go to home page
	Reach STEP 1
	Reach STEP 2
	Ooops seem email correct
	Fail to find 'Continue' button on step 3 of quote page
	email[savannah.silva@aol.com] is invalid, use default email
	Reach STEP 3
	[321][134.582408629] MISSED: ["Renters", "95128", "Wyatt", "Duran", "11/18/1989", "m", "500 S Winchester Blvd", "San Jose", "CA", "N", "RENTED HOUSE - SINGLE FAMILY", "5+", "0", nil, "0", "(510) 582-5240", "savannah.silva@aol.com", "N", "N", "N", "N", "Y", "N", "NONE", "N", "N", "Keep default.", "100000", "Keep default", "2000", "100000", "N", "1000"]
	unknown error: Cannot set property 'onblur' of null
  (Session info: chrome=45.0.2454.99)
  (Driver info: chromedriver=2.18.343837 (52eb4041461e46a6b73308ebb19e85787ced4281),platform=Linux 3.13.0-48-generic x86_64)
[322] HITTING ... 
	change invalid email[ian.schwartz@aol.com] to default one
	Go to home page
	Reach STEP 1
	Reach STEP 2
	Ooops seem email correct
	Reach STEP 3
	Recalculated Price
	Can not find agent name
	[213.268380174][$20.02]DONE
[323] HITTING ... 
	change invalid email[alexandra.guerrero@aol.com] to default one
	Go to home page
	Reach STEP 1
	Reach STEP 2
	Ooops seem email correct
	Reach STEP 3
	Recalculated Price
	Can not find agent name
	[196.777168375][$17.65]DONE
[324] HITTING ... 
	change invalid email[ian.schwartz@aol.com] to default one
	Go to home page
	Reach STEP 1
	Reach STEP 2
	Ooops seem email correct
	Reach STEP 3
	Recalculated Price
	Can not find agent name
	[181.576423425][$18.80]DONE
[325] HITTING ... 
	Go to home page
	Reach STEP 1
	Reach STEP 2
	Ooops seem email correct
	Reach STEP 3
	Recalculated Price
	Can not find agent name
	[170.186710442][$35.29]DONE
[326] HITTING ... 
	Go to home page
	Reach STEP 1
	Reach STEP 2
	Ooops seem email correct
	Reach STEP 3
	Recalculated Price
	Can not find agent name
	[177.244716781][$33.97]DONE
[327] HITTING ... 
	change invalid email[ian.schwartz@aol.com] to default one
	Go to home page
	Reach STEP 1
	Reach STEP 2
	Ooops seem email correct
	Reach STEP 3
	Recalculated Price
	Can not find agent name
	[188.380238243][$28.70]DONE
[328] HITTING ... 
	change invalid email[adrian.gilbert@outlook.com] to default one
	Go to home page
	Reach STEP 1
	Reach STEP 2
	Ooops seem email correct
	Reach STEP 3
	Recalculated Price
	Can not find agent name
	[193.967539918][$26.59]DONE
[329] HITTING ... 
	Go to home page
	Reach STEP 1
	Reach STEP 2
	Ooops seem email correct
	Reach STEP 3
	Recalculated Price
	Can not find agent name
	[190.422676791][$25.01]DONE
[330] HITTING ... 
	change invalid email[alexandra.guerrero@aol.com] to default one
	Go to home page
	Reach STEP 1
	Reach STEP 2
	Ooops seem email correct
	Reach STEP 3
	Recalculated Price
	Can not find agent name
	[175.681650426][$29.65]DONE
[331] HITTING ... 
	change invalid email[lilly.hayes@aol.com] to default one
	Go to home page
	Reach STEP 1
	Reach STEP 2
	Ooops seem email correct
	Reach STEP 3
	Recalculated Price
	Can not find agent name
	[173.420324256][$22.11]DONE
[332] HITTING ... 
	Go to home page
	Reach STEP 1
	Reach STEP 2
	Ooops seem email correct
	Reach STEP 3
	Recalculated Price
	Can not find agent name
	[180.119553973][$19.73]DONE
[333] HITTING ... 
	Go to home page
	Reach STEP 1
	Reach STEP 2
	Ooops seem email correct
	Reach STEP 3
	Recalculated Price
	Can not find agent name
	[192.634474595][$16.83]DONE
[334] HITTING ... 
	Go to home page
	Reach STEP 1
	Reach STEP 2
	[334][117.768141749] MISSED: ["Renters", "95014", "Aria", "Mccarthy", "03/08/1990", "f", "7375 Rollingdell Dr", "Cupertino", "CA", "N", "RENTED HOUSE - SINGLE FAMILY", "5+", "0", nil, "0", "(415) 928-4631", "eden.chen@outlook.com", "N", "N", "N", "N", "Y", "N", "NONE", "N", "N", "Keep default.", "100000", "Keep default", "2000", "500000", "N", "100"]
	unable to locate element, using {:id=>"errordiv", :tag_name=>"div"}
[335] HITTING ... 
	change invalid email[ian.schwartz@aol.com] to default one
	Go to home page
	Reach STEP 1
	Reach STEP 2
	Ooops seem email correct
	Reach STEP 3
	Recalculated Price
	[139.628878444][$35.64]DONE
[336] HITTING ... 
	change invalid email[ian.schwartz@aol.com] to default one
	Go to home page
	Reach STEP 1
	Reach STEP 2
	Ooops seem email correct
	Reach STEP 3
	Recalculated Price
	[138.48947336][$30.36]DONE
[337] HITTING ... 
	Go to home page
	Reach STEP 1
	Reach STEP 2
	Ooops seem email correct
	Fail to find 'Continue' button on step 3 of quote page
	Reach STEP 3
	[337][135.763755233] MISSED: ["Renters", "95054", "Charlotte", "Ferguson", "12/1/1988", "f", "4500 Carlyle Ct", "Santa Clara", "CA", "N", "RENTED HOUSE - SINGLE FAMILY", "5+", "0", nil, "0", "(408) 618-0044", "savannah.silva@aol.com", "N", "N", "N", "N", "Y", "N", "NONE", "N", "N", "Keep default.", "100000", "Keep default", "2000", "500000", "N", "500"]
	unknown error: Cannot set property 'onblur' of null
  (Session info: chrome=45.0.2454.99)
  (Driver info: chromedriver=2.18.343837 (52eb4041461e46a6b73308ebb19e85787ced4281),platform=Linux 3.13.0-48-generic x86_64)
[338] HITTING ... 
	change invalid email[ian.schwartz@aol.com] to default one
	Go to home page
	Reach STEP 1
	Reach STEP 2
	Ooops seem email correct
	Reach STEP 3
	Recalculated Price
	[170.474685338][$26.67]DONE
[339] HITTING ... 
	change invalid email[lilly.hayes@aol.com] to default one
	Go to home page
	Reach STEP 1
	Reach STEP 2
	Ooops seem email correct
	Reach STEP 3
	Recalculated Price
	[163.958791828][$25.36]DONE
[340] HITTING ... 
	Go to home page
	Reach STEP 1
	Reach STEP 2
	Ooops seem email correct
	Reach STEP 3
	Recalculated Price
	[164.492246458][$43.59]DONE
[341] HITTING ... 
	Go to home page
	Reach STEP 1
	Reach STEP 2
	Ooops seem email correct
	Reach STEP 3
	Recalculated Price
	[150.481091408][$38.84]DONE
[342] HITTING ... 
	change invalid email[lilly.hayes@aol.com] to default one
	Go to home page
	Reach STEP 1
	Reach STEP 2
	Ooops seem email correct
	Reach STEP 3
	Recalculated Price
	[150.905726409][$33.03]DONE
[343] HITTING ... 
	Go to home page
	Reach STEP 1
	Reach STEP 2
	Ooops seem email correct
	Reach STEP 3
	Recalculated Price
	[167.409215924][$24.10]DONE
[344] HITTING ... 
	Go to home page
	Reach STEP 1
	Reach STEP 2
	[344][127.634681972] MISSED: ["Renters", "95037", "Elliott", "Clark", "11/18/1993", "m", "16945 Del Monte Ave", "Morgan Hill", "CA", "N", "RENTED HOUSE - SINGLE FAMILY", "1", "0", nil, "0", "(510) 540-5454", "savannah.silva@aol.com", "N", "N", "N", "N", "Y", "N", "NONE", "N", "N", "Keep default.", "4000", "Keep default", "1000", "100000", "N", "100 / 250"]
	unable to locate element, using {:id=>"errordiv", :tag_name=>"div"}
[345] HITTING ... 
	Go to home page
	Reach STEP 1
	Reach STEP 2
	Ooops seem email correct
	Reach STEP 3
	Recalculated Price
	[162.351435371][$15.07]DONE
[346] HITTING ... 
	change invalid email[ian.schwartz@aol.com] to default one
	Go to home page
	Reach STEP 1
	Reach STEP 2
	Ooops seem email correct
	Reach STEP 3
	Recalculated Price
	[154.718282551][$13.86]DONE
[347] HITTING ... 
	change invalid email[adrian.gilbert@outlook.com] to default one
	Go to home page
	Reach STEP 1
	Reach STEP 2
	Ooops seem email correct
	Reach STEP 3
	Recalculated Price
	[145.207669673][$12.96]DONE
[348] HITTING ... 
	Go to home page
	Reach STEP 1
	Reach STEP 2
	Ooops seem email correct
	Reach STEP 3
	dont need to recalculate price
	[161.699577732][$15.62]DONE
[349] HITTING ... 
	change invalid email[lilly.hayes@aol.com] to default one
	Go to home page
	Reach STEP 1
	Reach STEP 2
	Ooops seem email correct
	Reach STEP 3
	Recalculated Price
	[165.588571133][$14.46]DONE
[350] HITTING ... 
	Go to home page
	Reach STEP 1
	Reach STEP 2
	Ooops seem email correct
	Reach STEP 3
	Recalculated Price
	[149.643739997][$10.83]DONE
[351] HITTING ... 
	Go to home page
	Reach STEP 1
	Reach STEP 2
	Ooops seem email correct
	Reach STEP 3
	Recalculated Price
	[156.748750342][$22.92]DONE
[352] HITTING ... 
	Go to home page
	Reach STEP 1
	Reach STEP 2
	Ooops seem email correct
	Reach STEP 3
	Recalculated Price
	[146.765330236][$15.04]DONE
[353] HITTING ... 
	change invalid email[lilly.hayes@aol.com] to default one
	Go to home page
	Reach STEP 1
	Reach STEP 2
	Ooops seem email correct
	Reach STEP 3
	Recalculated Price
	[150.588076751][$13.85]DONE
[354] HITTING ... 
	change invalid email[lilly.hayes@aol.com] to default one
	Go to home page
	Reach STEP 1
	Reach STEP 2
	Ooops seem email correct
	Reach STEP 3
	Recalculated Price
	[151.283609683][$12.97]DONE
[355] HITTING ... 
	change invalid email[lilly.hayes@aol.com] to default one
	Go to home page
	Reach STEP 1
	Reach STEP 2
	Ooops seem email correct
	Reach STEP 3
	Recalculated Price
	[161.274041001][$15.55]DONE
[356] HITTING ... 
	Go to home page
	Reach STEP 1
	Reach STEP 2
	Ooops seem email correct
	Reach STEP 3
	Recalculated Price
	[161.061730706][$11.34]DONE
[357] HITTING ... 
	change invalid email[adrian.gilbert@outlook.com] to default one
	Go to home page
	Reach STEP 1
	Reach STEP 2
	Ooops seem email correct
	Reach STEP 3
	Recalculated Price
	[163.261231487][$10.83]DONE
[358] HITTING ... 
	Go to home page
	Reach STEP 1
	Reach STEP 2
	Ooops seem email correct
	Reach STEP 3
	Recalculated Price
	[164.497248193][$10.83]DONE
[359] HITTING ... 
	change invalid email[adrian.gilbert@outlook.com] to default one
	Go to home page
	Reach STEP 1
	Reach STEP 2
	Ooops seem email correct
	Reach STEP 3
	Recalculated Price
	[183.04918768][$23.34]DONE
[360] HITTING ... 
	change invalid email[lilly.hayes@aol.com] to default one
	Go to home page
	Reach STEP 1
	Reach STEP 2
	Ooops seem email correct
	Reach STEP 3
	Recalculated Price
	[143.820543141][$20.08]DONE
[361] HITTING ... 
	change invalid email[lilly.hayes@aol.com] to default one
	Go to home page
	Reach STEP 1
	Reach STEP 2
	Ooops seem email correct
	Reach STEP 3
	Recalculated Price
	[143.698244115][$17.12]DONE
[362] HITTING ... 
	Go to home page
	Reach STEP 1
	Reach STEP 2
	Ooops seem email correct
	Reach STEP 3
	Recalculated Price
	[160.575177135][$15.94]DONE
[363] HITTING ... 
	Go to home page
	Reach STEP 1
	Reach STEP 2
	Ooops seem email correct
	Reach STEP 3
	Recalculated Price
	[164.623231119][$18.58]DONE
[364] HITTING ... 
	change invalid email[ian.schwartz@aol.com] to default one
	Go to home page
	Reach STEP 1
	Reach STEP 2
	Ooops seem email correct
	Reach STEP 3
	Recalculated Price
	[168.596456704][$14.31]DONE
[365] HITTING ... 
	Go to home page
	Reach STEP 1
	Reach STEP 2
	Ooops seem email correct
	Reach STEP 3
	Recalculated Price
	[157.181888521][$16.50]DONE
[366] HITTING ... 
	change invalid email[alexandra.guerrero@aol.com] to default one
	Go to home page
	Reach STEP 1
	Reach STEP 2
	Ooops seem email correct
	Reach STEP 3
	Recalculated Price
	[143.217358793][$12.09]DONE
[367] HITTING ... 
	Go to home page
	Reach STEP 1
	Reach STEP 2
	Ooops seem email correct
	Reach STEP 3
	Recalculated Price
	[151.496270139][$12.72]DONE
[368] HITTING ... 
	change invalid email[lilly.hayes@aol.com] to default one
	Go to home page
	Reach STEP 1
	Reach STEP 2
	Ooops seem email correct
	Reach STEP 3
	Recalculated Price
	[149.35569511][$27.61]DONE
[369] HITTING ... 
	Go to home page
	Reach STEP 1
	Reach STEP 2
	[369][118.632406188] MISSED: ["Renters", "94087", "Leila", "Decker", "05/06/1994", "f", "745 S Bernardo Ave", "Sunnyvale", "CA", "N", "RENTED HOUSE - SINGLE FAMILY", "2 to 4", "0", nil, "0", "(510) 841-2760", "scarlett.richard@gmail.com", "N", "N", "N", "N", "Y", "N", "NONE", "N", "N", "Keep default.", "20000", "Keep default", "2000", "500000", "N", "100 / 250"]
	unable to locate element, using {:id=>"errordiv", :tag_name=>"div"}
[370] HITTING ... 
	change invalid email[lilly.hayes@aol.com] to default one
	Go to home page
	Reach STEP 1
	Reach STEP 2
	Ooops seem email correct
	Reach STEP 3
	Recalculated Price
	[162.657708157][$22.89]DONE
[371] HITTING ... 
	Go to home page
	Reach STEP 1
	Reach STEP 2
	Ooops seem email correct
	Reach STEP 3
	Recalculated Price
	[151.355981301][$21.38]DONE
[372] HITTING ... 
	Go to home page
	Reach STEP 1
	Reach STEP 2
	Ooops seem email correct
	Reach STEP 3
	Recalculated Price
	[134.850179896][$16.72]DONE
[373] HITTING ... 
	Go to home page
	Reach STEP 1
	Reach STEP 2
	Ooops seem email correct
	Reach STEP 3
	Recalculated Price
	[138.441468316][$19.30]DONE
[374] HITTING ... 
	Go to home page
	Reach STEP 1
	Reach STEP 2
	Ooops seem email correct
	Reach STEP 3
	Recalculated Price
	[157.362673323][$18.17]DONE
[375] HITTING ... 
	change invalid email[ian.schwartz@aol.com] to default one
	Go to home page
	Reach STEP 1
	Reach STEP 2
	Ooops seem email correct
	Reach STEP 3
	Recalculated Price
	[152.304186147][$15.09]DONE
[376] HITTING ... 
	change invalid email[ian.schwartz@aol.com] to default one
	Go to home page
	Reach STEP 1
	Reach STEP 2
	Ooops seem email correct
	Reach STEP 3
	Recalculated Price
	[152.099796391][$12.13]DONE
[377] HITTING ... 
	change invalid email[lilly.hayes@aol.com] to default one
	Go to home page
	Reach STEP 1
	Reach STEP 2
	Ooops seem email correct
	Reach STEP 3
	Recalculated Price
	[164.203858596][$24.96]DONE
[378] HITTING ... 
	change invalid email[alexandra.guerrero@aol.com] to default one
	Go to home page
	Reach STEP 1
	Reach STEP 2
	Ooops seem email correct
	Reach STEP 3
	Recalculated Price
	[148.291342407][$21.30]DONE
[379] HITTING ... 
	change invalid email[ian.schwartz@aol.com] to default one
	Go to home page
	Reach STEP 1
	Reach STEP 2
	Ooops seem email correct
	Reach STEP 3
	Recalculated Price
	[149.090190281][$15.66]DONE
[380] HITTING ... 
	change invalid email[adrian.gilbert@outlook.com] to default one
	Go to home page
	Reach STEP 1
	Reach STEP 2
	Ooops seem email correct
	Reach STEP 3
	Recalculated Price
	[173.907834349][$14.41]DONE
[381] HITTING ... 
	Go to home page
	Reach STEP 1
	Reach STEP 2
	Ooops seem email correct
	Reach STEP 3
	Recalculated Price
	[159.478590856][$13.47]DONE
[382] HITTING ... 
	change invalid email[adrian.gilbert@outlook.com] to default one
	Go to home page
	Reach STEP 1
	Reach STEP 2
	Ooops seem email correct
	Reach STEP 3
	dont need to recalculate price
	[186.312394497][$12.69]DONE
[383] HITTING ... 
	Go to home page
	Reach STEP 1
	Reach STEP 2
	Ooops seem email correct
	Reach STEP 3
	Recalculated Price
	[148.691872773][$23.49]DONE
[384] HITTING ... 
	Go to home page
	Reach STEP 1
	Reach STEP 2
	Ooops seem email correct
	Reach STEP 3
	Recalculated Price
	[164.777034002][$10.83]DONE
[385] HITTING ... 
	Go to home page
	Reach STEP 1
	Reach STEP 2
	Ooops seem email correct
	Reach STEP 3
	Recalculated Price
	[159.477845001][$10.83]DONE
[386] HITTING ... 
	change invalid email[ian.schwartz@aol.com] to default one
	Go to home page
	Reach STEP 1
	Reach STEP 2
	Ooops seem email correct
	Reach STEP 3
	Recalculated Price
	[165.247076423][$21.66]DONE
[387] HITTING ... 
	change invalid email[adrian.gilbert@outlook.com] to default one
	Go to home page
	Reach STEP 1
	Reach STEP 2
	Ooops seem email correct
	Reach STEP 3
	Recalculated Price
	[171.07744134][$20.88]DONE
[388] HITTING ... 
	Go to home page
	Reach STEP 1
	Reach STEP 2
	Ooops seem email correct
	Reach STEP 3
	Recalculated Price
	[160.102850917][$19.83]DONE
[389] HITTING ... 
	Go to home page
	Reach STEP 1
	Reach STEP 2
	Ooops seem email correct
	Reach STEP 3
	Recalculated Price
	[148.84151044][$16.49]DONE
[390] HITTING ... 
	Go to home page
	Reach STEP 1
	Reach STEP 2
	Ooops seem email correct
	Reach STEP 3
	Recalculated Price
	[141.891030375][$15.55]DONE
[391] HITTING ... 
	Go to home page
	Reach STEP 1
	Reach STEP 2
	Ooops seem email correct
	Reach STEP 3
	Recalculated Price
	[163.735498279][$16.46]DONE
[392] HITTING ... 
	Go to home page
	Reach STEP 1
	Reach STEP 2
	Ooops seem email correct
	Reach STEP 3
	Recalculated Price
	[172.257669425][$13.83]DONE
[393] HITTING ... 
	Go to home page
	Reach STEP 1
	Reach STEP 2
	Ooops seem email correct
	Reach STEP 3
	Recalculated Price
	[162.288689075][$12.42]DONE
[394] HITTING ... 
	change invalid email[ian.schwartz@aol.com] to default one
	Go to home page
	Reach STEP 1
	Reach STEP 2
	Ooops seem email correct
	Reach STEP 3
	Recalculated Price
	[164.843727957][$10.83]DONE
[395] HITTING ... 
	change invalid email[alexandra.guerrero@aol.com] to default one
	Go to home page
	Reach STEP 1
	Reach STEP 2
	Ooops seem email correct
	Reach STEP 3
	Recalculated Price
	[148.060199947][$28.71]DONE
[396] HITTING ... 
	change invalid email[lilly.hayes@aol.com] to default one
	Go to home page
	Reach STEP 1
	Reach STEP 2
	Ooops seem email correct
	Reach STEP 3
	Recalculated Price
	[147.304597117][$27.71]DONE
[397] HITTING ... 
	change invalid email[alexandra.guerrero@aol.com] to default one
	Go to home page
	Reach STEP 1
	Reach STEP 2
	Ooops seem email correct
	Reach STEP 3
	Recalculated Price
	[152.882190118][$23.71]DONE
[398] HITTING ... 
	Go to home page
	Reach STEP 1
	Reach STEP 2
	Ooops seem email correct
	Reach STEP 3
	Recalculated Price
	[153.223757064][$18.16]DONE
[399] HITTING ... 
	Go to home page
	Reach STEP 1
	Reach STEP 2
	Ooops seem email correct
	Reach STEP 3
	Recalculated Price
	[152.38488428][$17.22]DONE
[400] HITTING ... 
	change invalid email[lilly.hayes@aol.com] to default one
	Go to home page
	Reach STEP 1
	Reach STEP 2
	Ooops seem email correct
	Reach STEP 3
	Recalculated Price
	[144.478873809][$16.44]DONE
[401] HITTING ... 
	Go to home page
	Reach STEP 1
	Reach STEP 2
	Ooops seem email correct
	Reach STEP 3
	Recalculated Price
	[137.378741702][$15.50]DONE
[402] HITTING ... 
	change invalid email[ian.schwartz@aol.com] to default one
	Go to home page
	Reach STEP 1
	Reach STEP 2
	Ooops seem email correct
	Reach STEP 3
	Recalculated Price
	[145.386598376][$14.09]DONE
[403] HITTING ... 
	Go to home page
	Reach STEP 1
	Reach STEP 2
	Ooops seem email correct
	Reach STEP 3
	Recalculated Price
	[152.437377531][$13.51]DONE
[404] HITTING ... 
	Go to home page
	Reach STEP 1
	Reach STEP 2
	Ooops seem email correct
	Reach STEP 3
	Recalculated Price
	[150.12435859][$19.83]DONE
[405] HITTING ... 
	Go to home page
	Reach STEP 1
	Reach STEP 2
	Ooops seem email correct
	Reach STEP 3
	Recalculated Price
	[161.573101392][$19.04]DONE
[406] HITTING ... 
	Go to home page
	Reach STEP 1
	Reach STEP 2
	Ooops seem email correct
	Reach STEP 3
	Recalculated Price
	[143.636374837][$15.91]DONE
[407] HITTING ... 
	Go to home page
	Reach STEP 1
	Reach STEP 2
	Ooops seem email correct
	Reach STEP 3
	Recalculated Price
	[142.895025536][$14.66]DONE
[408] HITTING ... 
	Go to home page
	Reach STEP 1
	Reach STEP 2
	Ooops seem email correct
	Reach STEP 3
	Recalculated Price
	[137.029666607][$13.72]DONE
[409] HITTING ... 
	change invalid email[alexandra.guerrero@aol.com] to default one
	Go to home page
	Reach STEP 1
	Reach STEP 2
	Ooops seem email correct
	Reach STEP 3
	Recalculated Price
	[152.052189462][$12.94]DONE
[410] HITTING ... 
	change invalid email[adrian.gilbert@outlook.com] to default one
	Go to home page
	Reach STEP 1
	Reach STEP 2
	Ooops seem email correct
	Reach STEP 3
	Recalculated Price
	[157.204497011][$12.00]DONE
[411] HITTING ... 
	Go to home page
	Reach STEP 1
	Reach STEP 2
	[411][123.088077659] MISSED: ["Renters", "95020", "Gabriella", "Carter", "04/05/1994", "m", "500 Ioof Ave", "Gilroy", "CA", "N", "RENTED HOUSE - SINGLE FAMILY", "2 to 4", "0", nil, "0", "(858) 587-9997", "savannah.silva@aol.com", "N", "N", "N", "N", "Y", "N", "NONE", "N", "N", "Keep default.", "24000", "Keep default", "2000", "100000", "N", "2500"]
	unable to locate element, using {:id=>"errordiv", :tag_name=>"div"}
[412] HITTING ... 
	Go to home page
	Reach STEP 1
	Reach STEP 2
	Ooops seem email correct
	Reach STEP 3
	Recalculated Price
	[160.963676252][$10.83]DONE
[413] HITTING ... 
	Go to home page
	Reach STEP 1
	Reach STEP 2
	Ooops seem email correct
	Reach STEP 3
	Recalculated Price
	[158.896687077][$21.91]DONE
[414] HITTING ... 
	Go to home page
	Reach STEP 1
	Reach STEP 2
	Ooops seem email correct
	Reach STEP 3
	Recalculated Price
	[169.535933587][$21.13]DONE
[415] HITTING ... 
	Go to home page
	Reach STEP 1
	Reach STEP 2
	Ooops seem email correct
	Reach STEP 3
	Recalculated Price
	[163.277427244][$22.30]DONE
[416] HITTING ... 
	change invalid email[alexandra.guerrero@aol.com] to default one
	Go to home page
	Reach STEP 1
	Reach STEP 2
	Ooops seem email correct
	Reach STEP 3
	Recalculated Price
	[167.056658245][$16.74]DONE
[417] HITTING ... 
	Go to home page
	Reach STEP 1
	Reach STEP 2
	Ooops seem email correct
	Reach STEP 3
	Recalculated Price
	[155.304070054][$15.80]DONE
[418] HITTING ... 
	change invalid email[alexandra.guerrero@aol.com] to default one
	Go to home page
	Reach STEP 1
	Reach STEP 2
	Ooops seem email correct
	Reach STEP 3
	Recalculated Price
	[149.042096024][$15.02]DONE
[419] HITTING ... 
	change invalid email[lilly.hayes@aol.com] to default one
	Go to home page
	Reach STEP 1
	Reach STEP 2
	Ooops seem email correct
	Reach STEP 3
	Recalculated Price
	[144.258816753][$17.31]DONE
[420] HITTING ... 
	Go to home page
	Reach STEP 1
	Reach STEP 2
	[420][121.576534233] MISSED: ["Renters", "95014", "Vivien", "Mcgee", "11/12/1994", "m", "7375 Rollingdell Dr", "Cupertino", "CA", "N", "RENTED HOUSE - SINGLE FAMILY", "2 to 4", "0", nil, "0", "(408) 244-0900", "savannah.silva@aol.com", "N", "N", "N", "N", "Y", "N", "NONE", "N", "N", "Keep default.", "24000", "Keep default", "2000", "300000", "N", "2500"]
	unable to locate element, using {:id=>"errordiv", :tag_name=>"div"}
[421] HITTING ... 
	Go to home page
	Reach STEP 1
	Reach STEP 2
	Ooops seem email correct
	Reach STEP 3
	Recalculated Price
	[167.38104744][$10.95]DONE
[422] HITTING ... 
	Go to home page
	Reach STEP 1
	Reach STEP 2
	Ooops seem email correct
	Reach STEP 3
	Recalculated Price
	[163.137243392][$23.58]DONE
[423] HITTING ... 
	change invalid email[lilly.hayes@aol.com] to default one
	Go to home page
	Reach STEP 1
	Reach STEP 2
	Ooops seem email correct
	Reach STEP 3
	Recalculated Price
	[159.568426762][$22.79]DONE
[424] HITTING ... 
	change invalid email[ian.schwartz@aol.com] to default one
	Go to home page
	Reach STEP 1
	Reach STEP 2
	Ooops seem email correct
	Reach STEP 3
	Recalculated Price
	[145.166659825][$19.66]DONE
[425] HITTING ... 
	change invalid email[alexandra.guerrero@aol.com] to default one
	Go to home page
	Reach STEP 1
	Reach STEP 2
	Ooops seem email correct
	Reach STEP 3
	Recalculated Price
	[143.106758073][$22.37]DONE
[426] HITTING ... 
	Go to home page
	Reach STEP 1
	Reach STEP 2
	Ooops seem email correct
	Reach STEP 3
	Recalculated Price
	[146.79502147][$17.47]DONE
[427] HITTING ... 
	Go to home page
	Reach STEP 1
	Reach STEP 2
	Ooops seem email correct
	Reach STEP 3
	Recalculated Price
	[147.52439944][$16.69]DONE
[428] HITTING ... 
	change invalid email[alexandra.guerrero@aol.com] to default one
	Go to home page
	Reach STEP 1
	Reach STEP 2
	Ooops seem email correct
	Reach STEP 3
	Recalculated Price
	[158.24954238][$15.75]DONE
[429] HITTING ... 
	Go to home page
	Reach STEP 1
	Reach STEP 2
	Ooops seem email correct
	Reach STEP 3
	Recalculated Price
	[159.76815722][$17.18]DONE
[430] HITTING ... 
	change invalid email[lilly.hayes@aol.com] to default one
	Go to home page
	Reach STEP 1
	Reach STEP 2
	Ooops seem email correct
	Reach STEP 3
	Recalculated Price
	[141.458306196][$14.98]DONE
[431] HITTING ... 
	Go to home page
	Reach STEP 1
	Reach STEP 2
	Ooops seem email correct
	Reach STEP 3
	Recalculated Price
	[147.800996427][$20.67]DONE
[432] HITTING ... 
	change invalid email[adrian.gilbert@outlook.com] to default one
	Go to home page
	Reach STEP 1
	Reach STEP 2
	Ooops seem email correct
	Reach STEP 3
	Recalculated Price
	[147.762290503][$19.84]DONE
[433] HITTING ... 
	change invalid email[lilly.hayes@aol.com] to default one
	Go to home page
	Reach STEP 1
	Reach STEP 2
	Ooops seem email correct
	Reach STEP 3
	Recalculated Price
	[149.711517248][$16.53]DONE
[434] HITTING ... 
	change invalid email[alexandra.guerrero@aol.com] to default one
	Go to home page
	Reach STEP 1
	Reach STEP 2
	Ooops seem email correct
	Reach STEP 3
	Recalculated Price
	[154.226151897][$15.21]DONE
[435] HITTING ... 
	change invalid email[adrian.gilbert@outlook.com] to default one
	Go to home page
	Reach STEP 1
	Reach STEP 2
	Ooops seem email correct
	Reach STEP 3
	Recalculated Price
	[145.545804868][$18.15]DONE
[436] HITTING ... 
	Go to home page
	Reach STEP 1
	Reach STEP 2
	Ooops seem email correct
	Reach STEP 3
	dont need to recalculate price
	[159.97591819][$13.39]DONE
[437] HITTING ... 
	change invalid email[alexandra.guerrero@aol.com] to default one
	Go to home page
	Reach STEP 1
	Reach STEP 2
	Ooops seem email correct
	Reach STEP 3
	Recalculated Price
	[138.383940811][$12.40]DONE
[438] HITTING ... 
	Go to home page
	Reach STEP 1
	Reach STEP 2
	Ooops seem email correct
	Reach STEP 3
	Recalculated Price
	[148.413699686][$10.91]DONE
[439] HITTING ... 
	change invalid email[alexandra.guerrero@aol.com] to default one
	Go to home page
	Reach STEP 1
	Reach STEP 2
	Ooops seem email correct
	Reach STEP 3
	Recalculated Price
	[160.430224742][$10.83]DONE
[440] HITTING ... 
	Go to home page
	Reach STEP 1
	Reach STEP 2
	Ooops seem email correct
	Reach STEP 3
	Recalculated Price
	[167.503337656][$22.75]DONE
[441] HITTING ... 
	Go to home page
	Reach STEP 1
	Reach STEP 2
	Ooops seem email correct
	Reach STEP 3
	Recalculated Price
	[159.869363007][$21.93]DONE
[442] HITTING ... 
	change invalid email[lilly.hayes@aol.com] to default one
	Go to home page
	Reach STEP 1
	Reach STEP 2
	Ooops seem email correct
	Reach STEP 3
	Recalculated Price
	[152.496570886][$23.19]DONE
[443] HITTING ... 
	change invalid email[ian.schwartz@aol.com] to default one
	Go to home page
	Reach STEP 1
	Reach STEP 2
	Ooops seem email correct
	Reach STEP 3
	Recalculated Price
	[141.282530141][$17.30]DONE
[444] HITTING ... 
	change invalid email[ian.schwartz@aol.com] to default one
	Go to home page
	Reach STEP 1
	Reach STEP 2
	Ooops seem email correct
	Reach STEP 3
	Recalculated Price
	[148.683060361][$18.15]DONE
[445] HITTING ... 
	Go to home page
	Reach STEP 1
	Reach STEP 2
	Ooops seem email correct
	Reach STEP 3
	Recalculated Price
	[150.754987997][$19.18]DONE
[446] HITTING ... 
	change invalid email[lilly.hayes@aol.com] to default one
	Go to home page
	Reach STEP 1
	Reach STEP 2
	Ooops seem email correct
	Reach STEP 3
	Recalculated Price
	[150.725222164][$14.48]DONE
[447] HITTING ... 
	change invalid email[lilly.hayes@aol.com] to default one
	Go to home page
	Reach STEP 1
	Reach STEP 2
	Ooops seem email correct
	Reach STEP 3
	Recalculated Price
	[170.332930116][$13.00]DONE
[448] HITTING ... 
	change invalid email[adrian.gilbert@outlook.com] to default one
	Go to home page
	Reach STEP 1
	Reach STEP 2
	Ooops seem email correct
	Reach STEP 3
	Recalculated Price
	[146.985091584][$11.18]DONE
[449] HITTING ... 
	Go to home page
	Reach STEP 1
	Reach STEP 2
	Ooops seem email correct
	Reach STEP 3
	Recalculated Price
	[146.022980499][$24.42]DONE
[450] HITTING ... 
	change invalid email[alexandra.guerrero@aol.com] to default one
	Go to home page
	Reach STEP 1
	Reach STEP 2
	Ooops seem email correct
	Reach STEP 3
	Recalculated Price
	[162.405513671][$23.59]DONE
[451] HITTING ... 
	Go to home page
	Reach STEP 1
	Reach STEP 2
	Ooops seem email correct
	Reach STEP 3
	Recalculated Price
	[160.048390536][$20.28]DONE
[452] HITTING ... 
	Go to home page
	Reach STEP 1
	Reach STEP 2
	Ooops seem email correct
	Reach STEP 3
	Recalculated Price
	[162.966294766][$18.96]DONE
[453] HITTING ... 
	change invalid email[adrian.gilbert@outlook.com] to default one
	Go to home page
	Reach STEP 1
	Reach STEP 2
	Ooops seem email correct
	Reach STEP 3
	Recalculated Price
	[158.038504285][$32.08]DONE
[454] HITTING ... 
	change invalid email[adrian.gilbert@outlook.com] to default one
	Go to home page
	Reach STEP 1
	Reach STEP 2
	Ooops seem email correct
	Reach STEP 3
	Recalculated Price
	[142.904272959][$17.14]DONE
[455] HITTING ... 
	Go to home page
	Reach STEP 1
	Reach STEP 2
	Ooops seem email correct
	Reach STEP 3
	Recalculated Price
	[139.612527493][$19.58]DONE
[456] HITTING ... 
	Go to home page
	Reach STEP 1
	Reach STEP 2
	Ooops seem email correct
	Reach STEP 3
	Recalculated Price
	[155.154333645][$14.66]DONE
[457] HITTING ... 
	change invalid email[alexandra.guerrero@aol.com] to default one
	Go to home page
	Reach STEP 1
	Reach STEP 2
	Ooops seem email correct
	Reach STEP 3
	Recalculated Price
	[159.356697455][$12.84]DONE
[458] HITTING ... 
	change invalid email[ian.schwartz@aol.com] to default one
	Go to home page
	Reach STEP 1
	Reach STEP 2
	Ooops seem email correct
	Reach STEP 3
	Recalculated Price
	[161.195403456][$20.92]DONE
[459] HITTING ... 
	Go to home page
	Reach STEP 1
	Reach STEP 2
	Ooops seem email correct
	Reach STEP 3
	Recalculated Price
	[155.062039118][$25.58]DONE
[460] HITTING ... 
	Go to home page
	Reach STEP 1
	Reach STEP 2
	Ooops seem email correct
	Reach STEP 3
	Recalculated Price
	[145.156390344][$16.78]DONE
[461] HITTING ... 
	Go to home page
	Reach STEP 1
	Reach STEP 2
	Ooops seem email correct
	Reach STEP 3
	Recalculated Price
	[160.335013548][$19.67]DONE
[462] HITTING ... 
	Go to home page
	Reach STEP 1
	Reach STEP 2
	Ooops seem email correct
	Reach STEP 3
	Recalculated Price
	[157.234426516][$14.47]DONE
[463] HITTING ... 
	change invalid email[ian.schwartz@aol.com] to default one
	Go to home page
	Reach STEP 1
	Reach STEP 2
	Ooops seem email correct
	Reach STEP 3
	Recalculated Price
	[153.212310245][$26.93]DONE
[464] HITTING ... 
	Go to home page
	Reach STEP 1
	Reach STEP 2
	Ooops seem email correct
	Reach STEP 3
	Recalculated Price
	[161.933607359][$12.65]DONE
[465] HITTING ... 
	Go to home page
	Reach STEP 1
	Reach STEP 2
	Ooops seem email correct
	Reach STEP 3
	Recalculated Price
	[148.787810282][$11.16]DONE
[466] HITTING ... 
	change invalid email[adrian.gilbert@outlook.com] to default one
	Go to home page
	Reach STEP 1
	Reach STEP 2
	Ooops seem email correct
	Reach STEP 3
	Recalculated Price
	[144.916284758][$10.83]DONE
[467] HITTING ... 
	Go to home page
	Reach STEP 1
	Reach STEP 2
	[467][120.944887677] MISSED: ["Renters", "94301", "Ethan", "Ramsey", "11/18/1993", "f", "459 Hamilton Ave", "Palo Alto", "CA", "N", "RENTED HOUSE - SINGLE FAMILY", "2 to 4", "0", nil, "0", "(510) 887-8185", "eden.chen@outlook.com", "N", "N", "N", "N", "Y", "N", "NONE", "N", "N", "Keep default.", "28000", "Keep default", "2000", "300000", "N", "100"]
	unable to locate element, using {:id=>"errordiv", :tag_name=>"div"}
[468] HITTING ... 
	Go to home page
	Reach STEP 1
	Reach STEP 2
	Ooops seem email correct
	Reach STEP 3
	Recalculated Price
	[167.720767656][$22.18]DONE
[469] HITTING ... 
	Go to home page
	Reach STEP 1
	Reach STEP 2
	Ooops seem email correct
	Reach STEP 3
	Recalculated Price
	[164.195777961][$18.87]DONE
[470] HITTING ... 
	Go to home page
	Reach STEP 1
	Reach STEP 2
	Ooops seem email correct
	Reach STEP 3
	Recalculated Price
	[168.097949043][$17.55]DONE
[471] HITTING ... 
	Go to home page
	Reach STEP 1
	Reach STEP 2
	Ooops seem email correct
	Reach STEP 3
	Recalculated Price
	[177.523153013][$16.55]DONE
[472] HITTING ... 
	change invalid email[adrian.gilbert@outlook.com] to default one
	Go to home page
	Reach STEP 1
	Reach STEP 2
	Ooops seem email correct
	Reach STEP 3
	Recalculated Price
	[169.336516077][$15.73]DONE
[473] HITTING ... 
	change invalid email[lilly.hayes@aol.com] to default one
	Go to home page
	Reach STEP 1
	Reach STEP 2
	Ooops seem email correct
	Reach STEP 3
	Recalculated Price
	[163.465416304][$14.73]DONE
[474] HITTING ... 
	Go to home page
	Reach STEP 1
	Reach STEP 2
	Ooops seem email correct
	Reach STEP 3
	Recalculated Price
	[149.274497552][$13.25]DONE
[475] HITTING ... 
	change invalid email[ian.schwartz@aol.com] to default one
	Go to home page
	Reach STEP 1
	Reach STEP 2
	Ooops seem email correct
	Reach STEP 3
	Recalculated Price
	[151.135350184][$11.43]DONE
[476] HITTING ... 
	Go to home page
	Reach STEP 1
	Reach STEP 2
	Ooops seem email correct
	Reach STEP 3
	Recalculated Price
	[150.133867268][$24.67]DONE
[477] HITTING ... 
	Go to home page
	Reach STEP 1
	Reach STEP 2
	Ooops seem email correct
	Reach STEP 3
	Recalculated Price
	[139.580714297][$23.84]DONE
[478] HITTING ... 
	Go to home page
	Reach STEP 1
	Reach STEP 2
	Ooops seem email correct
	Reach STEP 3
	Recalculated Price
	[145.27849804][$20.53]DONE
[479] HITTING ... 
	Go to home page
	Reach STEP 1
	Reach STEP 2
	Ooops seem email correct
	Reach STEP 3
	Recalculated Price
	[151.714824519][$19.21]DONE
[480] HITTING ... 
	Go to home page
	Reach STEP 1
	Reach STEP 2
	Ooops seem email correct
	Reach STEP 3
	Recalculated Price
	[154.990692563][$22.15]DONE
[481] HITTING ... 
	change invalid email[alexandra.guerrero@aol.com] to default one
	Go to home page
	Reach STEP 1
	Reach STEP 2
	Ooops seem email correct
	Reach STEP 3
	Recalculated Price
	[164.821551978][$17.39]DONE
[482] HITTING ... 
	change invalid email[alexandra.guerrero@aol.com] to default one
	Go to home page
	Reach STEP 1
	Reach STEP 2
	Ooops seem email correct
	Reach STEP 3
	Recalculated Price
	[160.58359491][$16.40]DONE
[483] HITTING ... 
	Go to home page
	Reach STEP 1
	Reach STEP 2
	Ooops seem email correct
	Reach STEP 3
	Recalculated Price
	[147.377978289][$17.93]DONE
[484] HITTING ... 
	change invalid email[alexandra.guerrero@aol.com] to default one
	Go to home page
	Reach STEP 1
	Reach STEP 2
	Ooops seem email correct
	Reach STEP 3
	Recalculated Price
	[145.493528895][$13.09]DONE
[485] HITTING ... 
	Go to home page
	Reach STEP 1
	Reach STEP 2
	Ooops seem email correct
	Reach STEP 3
	Recalculated Price
	[159.01027055][$21.68]DONE
[486] HITTING ... 
	Go to home page
	Reach STEP 1
	Reach STEP 2
	Ooops seem email correct
	Reach STEP 3
	Recalculated Price
	[155.500691323][$41.54]DONE
[487] HITTING ... 
	change invalid email[ian.schwartz@aol.com] to default one
	Go to home page
	Reach STEP 1
	Reach STEP 2
	Ooops seem email correct
	Reach STEP 3
	Recalculated Price
	[154.60802258][$34.62]DONE
[488] HITTING ... 
	change invalid email[ian.schwartz@aol.com] to default one
	Go to home page
	Reach STEP 1
	Reach STEP 2
	Ooops seem email correct
	Reach STEP 3
	Recalculated Price
	[147.244377024][$15.96]DONE
[489] HITTING ... 
	Go to home page
	Reach STEP 1
	Reach STEP 2
	Ooops seem email correct
	Reach STEP 3
	Recalculated Price
	[139.243205038][$29.77]DONE
[490] HITTING ... 
	change invalid email[ian.schwartz@aol.com] to default one
	Go to home page
	Reach STEP 1
	Reach STEP 2
	Ooops seem email correct
	Reach STEP 3
	dont need to recalculate price
	[148.472056496][$17.97]DONE
[491] HITTING ... 
	Go to home page
	Reach STEP 1
	Reach STEP 2
	Ooops seem email correct
	Reach STEP 3
	Recalculated Price
	[161.876847016][$13.01]DONE
[492] HITTING ... 
	change invalid email[ian.schwartz@aol.com] to default one
	Go to home page
	Reach STEP 1
	Reach STEP 2
	Ooops seem email correct
	Reach STEP 3
	Recalculated Price
	[147.780278178][$11.45]DONE
[493] HITTING ... 
	Go to home page
	Reach STEP 1
	Reach STEP 2
	Ooops seem email correct
	Reach STEP 3
	Recalculated Price
	[158.9068901][$12.20]DONE
[494] HITTING ... 
	Go to home page
	Reach STEP 1
	Reach STEP 2
	Ooops seem email correct
	Reach STEP 3
	Recalculated Price
	[154.526537313][$23.76]DONE
[495] HITTING ... 
	Go to home page
	Reach STEP 1
	Reach STEP 2
	Ooops seem email correct
	Reach STEP 3
	Recalculated Price
	[146.961878384][$28.70]DONE
[496] HITTING ... 
	Go to home page
	Reach STEP 1
	Reach STEP 2
	Ooops seem email correct
	Reach STEP 3
	Recalculated Price
	[137.779869246][$19.43]DONE
[497] HITTING ... 
	Go to home page
	Reach STEP 1
	Reach STEP 2
	Ooops seem email correct
	Reach STEP 3
	Recalculated Price
	[151.720950898][$18.04]DONE
[498] HITTING ... 
	change invalid email[adrian.gilbert@outlook.com] to default one
	Go to home page
	Reach STEP 1
	Reach STEP 2
	Ooops seem email correct
	Reach STEP 3
	Recalculated Price
	[163.640061274][$21.16]DONE
[499] HITTING ... 
	Go to home page
	Reach STEP 1
	Reach STEP 2
	Ooops seem email correct
	Reach STEP 3
	Recalculated Price
	[161.805647851][$20.05]DONE
[500] HITTING ... 
	change invalid email[alexandra.guerrero@aol.com] to default one
	Go to home page
	Reach STEP 1
	Reach STEP 2
	Ooops seem email correct
	Reach STEP 3
	Recalculated Price
	[155.904363561][$18.72]DONE
